[2022-08-18 20:40:26.471] [exthost] [info] Extension host with pid 4545 started
[2022-08-18 20:40:26.471] [exthost] [info] Skipping acquiring lock for /home/katherinesanchez/.config/Code/User/workspaceStorage/8ee62fecb78d389cea180eb8511aa44c.
[2022-08-18 20:40:27.007] [exthost] [info] ExtensionService#_doActivateExtension vscode.typescript-language-features, startup: false, activationEvent: 'onLanguage:javascript'
[2022-08-18 20:40:27.031] [exthost] [info] ExtensionService#_doActivateExtension vscode.microsoft-authentication, startup: false, activationEvent: 'onAuthenticationRequest:microsoft'
[2022-08-18 20:40:27.102] [exthost] [info] ExtensionService#_doActivateExtension vscode.debug-auto-launch, startup: true, activationEvent: '*'
[2022-08-18 20:40:27.113] [exthost] [info] ExtensionService#_doActivateExtension vscode.git-base, startup: true, activationEvent: '*', root cause: vscode.git
[2022-08-18 20:40:27.126] [exthost] [info] ExtensionService#_doActivateExtension vscode.ipynb, startup: true, activationEvent: '*'
[2022-08-18 20:40:28.928] [exthost] [info] ExtensionService#_doActivateExtension vscode.git, startup: true, activationEvent: '*'
[2022-08-18 20:40:29.060] [exthost] [info] ExtensionService#_doActivateExtension vscode.github, startup: true, activationEvent: '*'
[2022-08-18 20:40:29.333] [exthost] [info] Eager extensions activated
[2022-08-18 20:40:29.418] [exthost] [info] ExtensionService#_doActivateExtension vscode.emmet, startup: false, activationEvent: 'onStartupFinished'
[2022-08-18 20:40:29.474] [exthost] [info] ExtensionService#_doActivateExtension vscode.merge-conflict, startup: false, activationEvent: 'onStartupFinished'
[2022-08-18 20:40:29.491] [exthost] [info] ExtensionService#_doActivateExtension equinusocio.vsc-material-theme-icons, startup: false, activationEvent: 'onStartupFinished'
[2022-08-18 20:40:31.663] [exthost] [warning] [Decorations] CAPPING events from decorations provider vscode.git 7827
[2022-08-18 20:40:37.325] [exthost] [info] Extension host terminating: received terminate message from renderer
[2022-08-18 20:40:37.376] [exthost] [info] ExtensionService#_doActivateExtension vscode.github-authentication, startup: false, activationEvent: 'onAuthenticationRequest:github'
[2022-08-18 20:40:37.504] [exthost] [info] Extension host with pid 4545 exiting with code 0
[2022-08-18 20:40:38.031] [exthost] [info] Extension host with pid 4648 started
[2022-08-18 20:40:38.031] [exthost] [info] Skipping acquiring lock for /home/katherinesanchez/.config/Code/User/workspaceStorage/674b48061e1f2ae5aeb714ef18b7ec32.
[2022-08-18 20:40:38.211] [exthost] [info] ExtensionService#_doActivateExtension vscode.microsoft-authentication, startup: false, activationEvent: 'onAuthenticationRequest:microsoft'
[2022-08-18 20:40:38.338] [exthost] [info] ExtensionService#_doActivateExtension vscode.debug-auto-launch, startup: true, activationEvent: '*'
[2022-08-18 20:40:38.340] [exthost] [info] ExtensionService#_doActivateExtension vscode.git-base, startup: true, activationEvent: '*'
[2022-08-18 20:40:38.365] [exthost] [info] ExtensionService#_doActivateExtension vscode.ipynb, startup: true, activationEvent: '*'
[2022-08-18 20:40:38.530] [exthost] [info] ExtensionService#_doActivateExtension vscode.github, startup: true, activationEvent: '*'
[2022-08-18 20:40:38.559] [exthost] [info] Eager extensions activated
[2022-08-18 20:40:38.574] [exthost] [info] ExtensionService#_doActivateExtension vscode.emmet, startup: false, activationEvent: 'onStartupFinished'
[2022-08-18 20:40:38.582] [exthost] [info] ExtensionService#_doActivateExtension vscode.merge-conflict, startup: false, activationEvent: 'onStartupFinished'
[2022-08-18 20:40:38.695] [exthost] [info] ExtensionService#_doActivateExtension vscode.github-authentication, startup: false, activationEvent: 'onAuthenticationRequest:github'
[2022-08-18 20:40:50.370] [exthost] [info] ExtensionService#_doActivateExtension vscode.typescript-language-features, startup: false, activationEvent: 'onLanguage:javascript'
[2022-08-18 20:47:07.828] [exthost] [info] ExtensionService#_doActivateExtension vscode.git, startup: false, activationEvent: 'api', root cause: vscode.github
[2022-08-18 20:47:07.994] [exthost] [info] ExtensionService#_doActivateExtension equinusocio.vsc-material-theme-icons, startup: false, activationEvent: 'onStartupFinished'
[2022-08-18 20:47:08.480] [exthost] [warning] [Decorations] CAPPING events from decorations provider vscode.git 7838
[2022-08-18 20:47:10.359] [exthost] [warning] [Decorations] CAPPING events from decorations provider vscode.git 7838
[2022-08-18 20:47:15.092] [exthost] [warning] [Decorations] CAPPING events from decorations provider vscode.git 7838
[2022-08-18 20:47:20.246] [exthost] [warning] [Decorations] CAPPING events from decorations provider vscode.git 7838
[2022-08-18 20:47:25.429] [exthost] [warning] [Decorations] CAPPING events from decorations provider vscode.git 7838
[2022-08-18 20:47:30.599] [exthost] [warning] [Decorations] CAPPING events from decorations provider vscode.git 7838
[2022-08-18 20:47:35.744] [exthost] [warning] [Decorations] CAPPING events from decorations provider vscode.git 7838
[2022-08-18 20:47:40.897] [exthost] [warning] [Decorations] CAPPING events from decorations provider vscode.git 7838
[2022-08-18 20:47:46.054] [exthost] [warning] [Decorations] CAPPING events from decorations provider vscode.git 7838
[2022-08-18 20:47:51.292] [exthost] [warning] [Decorations] CAPPING events from decorations provider vscode.git 7838
[2022-08-18 20:47:59.177] [exthost] [warning] [Decorations] CAPPING events from decorations provider vscode.git 7838
[2022-08-18 20:48:04.345] [exthost] [warning] [Decorations] CAPPING events from decorations provider vscode.git 7838
[2022-08-18 20:48:09.516] [exthost] [warning] [Decorations] CAPPING events from decorations provider vscode.git 7838
[2022-08-18 20:48:14.714] [exthost] [warning] [Decorations] CAPPING events from decorations provider vscode.git 7838
[2022-08-18 20:48:19.890] [exthost] [warning] [Decorations] CAPPING events from decorations provider vscode.git 7838
[2022-08-18 20:48:25.068] [exthost] [warning] [Decorations] CAPPING events from decorations provider vscode.git 7838
[2022-08-18 20:48:30.252] [exthost] [warning] [Decorations] CAPPING events from decorations provider vscode.git 7838
[2022-08-18 20:48:35.447] [exthost] [warning] [Decorations] CAPPING events from decorations provider vscode.git 7838
[2022-08-18 20:48:40.763] [exthost] [warning] [Decorations] CAPPING events from decorations provider vscode.git 7838
[2022-08-18 20:48:45.937] [exthost] [warning] [Decorations] CAPPING events from decorations provider vscode.git 7838
[2022-08-18 20:48:51.150] [exthost] [warning] [Decorations] CAPPING events from decorations provider vscode.git 7838
[2022-08-18 20:48:56.509] [exthost] [warning] [Decorations] CAPPING events from decorations provider vscode.git 7839
[2022-08-18 20:49:01.729] [exthost] [warning] [Decorations] CAPPING events from decorations provider vscode.git 7839
[2022-08-18 20:49:06.939] [exthost] [warning] [Decorations] CAPPING events from decorations provider vscode.git 7839
[2022-08-18 20:49:12.182] [exthost] [warning] [Decorations] CAPPING events from decorations provider vscode.git 7839
[2022-08-18 20:49:17.409] [exthost] [warning] [Decorations] CAPPING events from decorations provider vscode.git 7839
[2022-08-18 20:49:22.602] [exthost] [warning] [Decorations] CAPPING events from decorations provider vscode.git 7839
[2022-08-18 20:49:27.746] [exthost] [warning] [Decorations] CAPPING events from decorations provider vscode.git 7839
[2022-08-18 20:49:32.913] [exthost] [warning] [Decorations] CAPPING events from decorations provider vscode.git 7839
[2022-08-18 20:49:38.062] [exthost] [warning] [Decorations] CAPPING events from decorations provider vscode.git 7839
[2022-08-18 20:49:43.239] [exthost] [warning] [Decorations] CAPPING events from decorations provider vscode.git 7839
[2022-08-18 20:49:48.400] [exthost] [warning] [Decorations] CAPPING events from decorations provider vscode.git 7839
[2022-08-18 20:49:53.556] [exthost] [warning] [Decorations] CAPPING events from decorations provider vscode.git 7839
[2022-08-18 20:49:58.721] [exthost] [warning] [Decorations] CAPPING events from decorations provider vscode.git 7839
[2022-08-18 20:50:03.867] [exthost] [warning] [Decorations] CAPPING events from decorations provider vscode.git 7840
[2022-08-18 20:50:09.041] [exthost] [warning] [Decorations] CAPPING events from decorations provider vscode.git 7839
[2022-08-18 20:50:14.198] [exthost] [warning] [Decorations] CAPPING events from decorations provider vscode.git 7839
[2022-08-18 20:50:19.364] [exthost] [warning] [Decorations] CAPPING events from decorations provider vscode.git 7839
[2022-08-18 20:50:24.540] [exthost] [warning] [Decorations] CAPPING events from decorations provider vscode.git 7839
[2022-08-18 20:50:29.714] [exthost] [warning] [Decorations] CAPPING events from decorations provider vscode.git 7839
[2022-08-18 20:50:34.909] [exthost] [warning] [Decorations] CAPPING events from decorations provider vscode.git 7840
[2022-08-18 20:50:40.166] [exthost] [warning] [Decorations] CAPPING events from decorations provider vscode.git 7840
[2022-08-18 20:50:45.360] [exthost] [warning] [Decorations] CAPPING events from decorations provider vscode.git 7840
[2022-08-18 20:50:50.519] [exthost] [warning] [Decorations] CAPPING events from decorations provider vscode.git 7840
[2022-08-18 20:50:55.692] [exthost] [warning] [Decorations] CAPPING events from decorations provider vscode.git 7840
[2022-08-18 20:51:00.847] [exthost] [warning] [Decorations] CAPPING events from decorations provider vscode.git 7840
[2022-08-18 20:51:06.023] [exthost] [warning] [Decorations] CAPPING events from decorations provider vscode.git 7841
[2022-08-18 20:51:11.190] [exthost] [warning] [Decorations] CAPPING events from decorations provider vscode.git 7841
[2022-08-18 20:51:16.365] [exthost] [warning] [Decorations] CAPPING events from decorations provider vscode.git 7841
[2022-08-18 20:51:21.824] [exthost] [warning] [Decorations] CAPPING events from decorations provider vscode.git 7841
[2022-08-18 20:51:27.037] [exthost] [warning] [Decorations] CAPPING events from decorations provider vscode.git 7842
[2022-08-18 20:51:34.805] [exthost] [warning] [Decorations] CAPPING events from decorations provider vscode.git 7842
[2022-08-18 20:51:39.966] [exthost] [warning] [Decorations] CAPPING events from decorations provider vscode.git 7842
[2022-08-18 20:51:45.149] [exthost] [warning] [Decorations] CAPPING events from decorations provider vscode.git 7842
[2022-08-18 20:51:50.298] [exthost] [warning] [Decorations] CAPPING events from decorations provider vscode.git 7842
[2022-08-18 20:51:55.709] [exthost] [warning] [Decorations] CAPPING events from decorations provider vscode.git 7842
[2022-08-18 20:52:04.558] [exthost] [warning] [Decorations] CAPPING events from decorations provider vscode.git 7842
[2022-08-18 20:52:09.712] [exthost] [warning] [Decorations] CAPPING events from decorations provider vscode.git 7842
[2022-08-18 20:52:14.868] [exthost] [warning] [Decorations] CAPPING events from decorations provider vscode.git 7842
[2022-08-18 20:52:20.035] [exthost] [warning] [Decorations] CAPPING events from decorations provider vscode.git 7842
[2022-08-18 20:52:25.217] [exthost] [warning] [Decorations] CAPPING events from decorations provider vscode.git 7842
[2022-08-18 20:52:30.447] [exthost] [warning] [Decorations] CAPPING events from decorations provider vscode.git 7842
[2022-08-18 20:52:35.653] [exthost] [warning] [Decorations] CAPPING events from decorations provider vscode.git 7842
[2022-08-18 20:52:40.874] [exthost] [warning] [Decorations] CAPPING events from decorations provider vscode.git 7842
[2022-08-18 20:52:46.105] [exthost] [warning] [Decorations] CAPPING events from decorations provider vscode.git 7842
[2022-08-18 20:52:51.301] [exthost] [warning] [Decorations] CAPPING events from decorations provider vscode.git 7842
[2022-08-18 20:52:56.482] [exthost] [warning] [Decorations] CAPPING events from decorations provider vscode.git 7842
[2022-08-18 20:53:01.644] [exthost] [warning] [Decorations] CAPPING events from decorations provider vscode.git 7842
[2022-08-18 20:53:06.809] [exthost] [warning] [Decorations] CAPPING events from decorations provider vscode.git 7842
[2022-08-18 20:53:11.994] [exthost] [warning] [Decorations] CAPPING events from decorations provider vscode.git 7842
[2022-08-18 20:53:17.160] [exthost] [warning] [Decorations] CAPPING events from decorations provider vscode.git 7842
[2022-08-18 20:53:22.332] [exthost] [warning] [Decorations] CAPPING events from decorations provider vscode.git 7842
[2022-08-18 20:53:27.516] [exthost] [warning] [Decorations] CAPPING events from decorations provider vscode.git 7842
[2022-08-18 20:53:32.678] [exthost] [warning] [Decorations] CAPPING events from decorations provider vscode.git 7842
[2022-08-18 20:53:37.863] [exthost] [warning] [Decorations] CAPPING events from decorations provider vscode.git 7842
[2022-08-18 20:53:43.057] [exthost] [warning] [Decorations] CAPPING events from decorations provider vscode.git 7842
[2022-08-18 20:53:48.282] [exthost] [warning] [Decorations] CAPPING events from decorations provider vscode.git 7842
[2022-08-18 20:53:53.504] [exthost] [warning] [Decorations] CAPPING events from decorations provider vscode.git 7842
[2022-08-18 20:53:58.707] [exthost] [warning] [Decorations] CAPPING events from decorations provider vscode.git 7842
[2022-08-18 20:54:03.877] [exthost] [warning] [Decorations] CAPPING events from decorations provider vscode.git 7842
[2022-08-18 20:54:09.050] [exthost] [warning] [Decorations] CAPPING events from decorations provider vscode.git 7842
[2022-08-18 20:54:14.220] [exthost] [warning] [Decorations] CAPPING events from decorations provider vscode.git 7842
[2022-08-18 20:54:19.388] [exthost] [warning] [Decorations] CAPPING events from decorations provider vscode.git 7842
[2022-08-18 20:54:24.574] [exthost] [warning] [Decorations] CAPPING events from decorations provider vscode.git 7843
[2022-08-18 20:54:29.742] [exthost] [warning] [Decorations] CAPPING events from decorations provider vscode.git 7842
[2022-08-18 20:54:34.906] [exthost] [warning] [Decorations] CAPPING events from decorations provider vscode.git 7842
[2022-08-18 20:54:40.272] [exthost] [warning] [Decorations] CAPPING events from decorations provider vscode.git 7843
[2022-08-18 20:54:48.074] [exthost] [warning] [Decorations] CAPPING events from decorations provider vscode.git 7843
[2022-08-18 20:54:53.246] [exthost] [warning] [Decorations] CAPPING events from decorations provider vscode.git 7843
[2022-08-18 20:54:58.433] [exthost] [warning] [Decorations] CAPPING events from decorations provider vscode.git 7844
[2022-08-18 20:55:03.628] [exthost] [warning] [Decorations] CAPPING events from decorations provider vscode.git 7844
[2022-08-18 20:55:08.811] [exthost] [warning] [Decorations] CAPPING events from decorations provider vscode.git 7845
[2022-08-18 20:55:13.989] [exthost] [warning] [Decorations] CAPPING events from decorations provider vscode.git 7845
[2022-08-18 20:55:19.152] [exthost] [warning] [Decorations] CAPPING events from decorations provider vscode.git 7845
[2022-08-18 20:55:24.315] [exthost] [warning] [Decorations] CAPPING events from decorations provider vscode.git 7845
[2022-08-18 20:55:29.509] [exthost] [warning] [Decorations] CAPPING events from decorations provider vscode.git 7845
[2022-08-18 20:55:34.687] [exthost] [warning] [Decorations] CAPPING events from decorations provider vscode.git 7845
[2022-08-18 20:55:39.870] [exthost] [warning] [Decorations] CAPPING events from decorations provider vscode.git 7845
[2022-08-18 20:55:45.046] [exthost] [warning] [Decorations] CAPPING events from decorations provider vscode.git 7846
[2022-08-18 20:55:50.257] [exthost] [warning] [Decorations] CAPPING events from decorations provider vscode.git 7846
[2022-08-18 20:55:55.434] [exthost] [warning] [Decorations] CAPPING events from decorations provider vscode.git 7846
[2022-08-18 20:56:00.611] [exthost] [warning] [Decorations] CAPPING events from decorations provider vscode.git 7846
[2022-08-18 20:56:05.766] [exthost] [warning] [Decorations] CAPPING events from decorations provider vscode.git 7846
[2022-08-18 20:56:10.980] [exthost] [warning] [Decorations] CAPPING events from decorations provider vscode.git 7846
[2022-08-18 20:56:16.128] [exthost] [warning] [Decorations] CAPPING events from decorations provider vscode.git 7846
[2022-08-18 20:56:21.318] [exthost] [warning] [Decorations] CAPPING events from decorations provider vscode.git 7846
[2022-08-18 20:56:26.546] [exthost] [warning] [Decorations] CAPPING events from decorations provider vscode.git 7846
[2022-08-18 20:56:31.702] [exthost] [warning] [Decorations] CAPPING events from decorations provider vscode.git 7847
[2022-08-18 20:56:36.886] [exthost] [warning] [Decorations] CAPPING events from decorations provider vscode.git 7846
[2022-08-18 20:56:42.044] [exthost] [warning] [Decorations] CAPPING events from decorations provider vscode.git 7846
[2022-08-18 20:56:47.208] [exthost] [warning] [Decorations] CAPPING events from decorations provider vscode.git 7846
[2022-08-18 20:56:52.366] [exthost] [warning] [Decorations] CAPPING events from decorations provider vscode.git 7846
[2022-08-18 20:56:57.558] [exthost] [warning] [Decorations] CAPPING events from decorations provider vscode.git 7846
[2022-08-18 20:57:02.763] [exthost] [warning] [Decorations] CAPPING events from decorations provider vscode.git 7846
[2022-08-18 20:57:07.993] [exthost] [warning] [Decorations] CAPPING events from decorations provider vscode.git 7846
[2022-08-18 20:57:13.168] [exthost] [warning] [Decorations] CAPPING events from decorations provider vscode.git 7846
[2022-08-18 20:57:18.355] [exthost] [warning] [Decorations] CAPPING events from decorations provider vscode.git 7846
[2022-08-18 20:57:23.550] [exthost] [warning] [Decorations] CAPPING events from decorations provider vscode.git 7847
[2022-08-18 20:57:28.805] [exthost] [warning] [Decorations] CAPPING events from decorations provider vscode.git 7847
[2022-08-18 20:57:33.974] [exthost] [warning] [Decorations] CAPPING events from decorations provider vscode.git 7847
[2022-08-18 20:57:39.144] [exthost] [warning] [Decorations] CAPPING events from decorations provider vscode.git 7847
[2022-08-18 20:57:44.292] [exthost] [warning] [Decorations] CAPPING events from decorations provider vscode.git 7847
[2022-08-18 20:57:49.494] [exthost] [warning] [Decorations] CAPPING events from decorations provider vscode.git 7847
[2022-08-18 20:57:54.715] [exthost] [warning] [Decorations] CAPPING events from decorations provider vscode.git 7847
[2022-08-18 20:57:59.913] [exthost] [warning] [Decorations] CAPPING events from decorations provider vscode.git 7847
[2022-08-18 20:58:05.118] [exthost] [warning] [Decorations] CAPPING events from decorations provider vscode.git 7847
[2022-08-18 20:58:10.334] [exthost] [warning] [Decorations] CAPPING events from decorations provider vscode.git 7848
[2022-08-18 20:58:15.496] [exthost] [warning] [Decorations] CAPPING events from decorations provider vscode.git 7847
[2022-08-18 20:58:20.651] [exthost] [warning] [Decorations] CAPPING events from decorations provider vscode.git 7847
[2022-08-18 20:58:25.809] [exthost] [warning] [Decorations] CAPPING events from decorations provider vscode.git 7847
[2022-08-18 20:58:30.970] [exthost] [warning] [Decorations] CAPPING events from decorations provider vscode.git 7847
[2022-08-18 20:58:36.128] [exthost] [warning] [Decorations] CAPPING events from decorations provider vscode.git 7847
[2022-08-18 20:58:41.290] [exthost] [warning] [Decorations] CAPPING events from decorations provider vscode.git 7847
[2022-08-18 20:58:46.528] [exthost] [warning] [Decorations] CAPPING events from decorations provider vscode.git 7847
[2022-08-18 20:58:51.720] [exthost] [warning] [Decorations] CAPPING events from decorations provider vscode.git 7847
[2022-08-18 20:58:56.906] [exthost] [warning] [Decorations] CAPPING events from decorations provider vscode.git 7847
[2022-08-18 20:59:02.094] [exthost] [warning] [Decorations] CAPPING events from decorations provider vscode.git 7847
[2022-08-18 20:59:07.271] [exthost] [warning] [Decorations] CAPPING events from decorations provider vscode.git 7847
[2022-08-18 20:59:12.478] [exthost] [warning] [Decorations] CAPPING events from decorations provider vscode.git 7847
[2022-08-18 20:59:17.729] [exthost] [warning] [Decorations] CAPPING events from decorations provider vscode.git 7847
[2022-08-18 20:59:22.914] [exthost] [warning] [Decorations] CAPPING events from decorations provider vscode.git 7847
[2022-08-18 20:59:28.079] [exthost] [warning] [Decorations] CAPPING events from decorations provider vscode.git 7847
[2022-08-18 20:59:33.243] [exthost] [warning] [Decorations] CAPPING events from decorations provider vscode.git 7847
[2022-08-18 20:59:38.419] [exthost] [warning] [Decorations] CAPPING events from decorations provider vscode.git 7847
[2022-08-18 20:59:43.598] [exthost] [warning] [Decorations] CAPPING events from decorations provider vscode.git 7847
[2022-08-18 20:59:48.760] [exthost] [warning] [Decorations] CAPPING events from decorations provider vscode.git 7847
[2022-08-18 20:59:53.925] [exthost] [warning] [Decorations] CAPPING events from decorations provider vscode.git 7847
[2022-08-18 20:59:59.097] [exthost] [warning] [Decorations] CAPPING events from decorations provider vscode.git 7847
[2022-08-18 21:00:04.257] [exthost] [warning] [Decorations] CAPPING events from decorations provider vscode.git 7847
[2022-08-18 21:00:09.444] [exthost] [warning] [Decorations] CAPPING events from decorations provider vscode.git 7847
[2022-08-18 21:00:14.625] [exthost] [warning] [Decorations] CAPPING events from decorations provider vscode.git 7847
[2022-08-18 21:00:19.825] [exthost] [warning] [Decorations] CAPPING events from decorations provider vscode.git 7847
[2022-08-18 21:00:25.014] [exthost] [warning] [Decorations] CAPPING events from decorations provider vscode.git 7847
[2022-08-18 21:00:30.232] [exthost] [warning] [Decorations] CAPPING events from decorations provider vscode.git 7847
[2022-08-18 21:00:35.414] [exthost] [warning] [Decorations] CAPPING events from decorations provider vscode.git 7847
[2022-08-18 21:00:40.590] [exthost] [warning] [Decorations] CAPPING events from decorations provider vscode.git 7848
[2022-08-18 21:00:45.769] [exthost] [warning] [Decorations] CAPPING events from decorations provider vscode.git 7848
[2022-08-18 21:00:50.935] [exthost] [warning] [Decorations] CAPPING events from decorations provider vscode.git 7848
[2022-08-18 21:00:56.162] [exthost] [warning] [Decorations] CAPPING events from decorations provider vscode.git 7848
[2022-08-18 21:01:01.378] [exthost] [warning] [Decorations] CAPPING events from decorations provider vscode.git 7848
[2022-08-18 21:01:06.565] [exthost] [warning] [Decorations] CAPPING events from decorations provider vscode.git 7848
[2022-08-18 21:01:11.731] [exthost] [warning] [Decorations] CAPPING events from decorations provider vscode.git 7848
[2022-08-18 21:01:16.912] [exthost] [warning] [Decorations] CAPPING events from decorations provider vscode.git 7848
[2022-08-18 21:01:22.067] [exthost] [warning] [Decorations] CAPPING events from decorations provider vscode.git 7848
[2022-08-18 21:01:27.237] [exthost] [warning] [Decorations] CAPPING events from decorations provider vscode.git 7848
[2022-08-18 21:01:32.389] [exthost] [warning] [Decorations] CAPPING events from decorations provider vscode.git 7848
[2022-08-18 21:01:37.545] [exthost] [warning] [Decorations] CAPPING events from decorations provider vscode.git 7848
[2022-08-18 21:01:42.726] [exthost] [warning] [Decorations] CAPPING events from decorations provider vscode.git 7848
[2022-08-18 21:01:47.922] [exthost] [warning] [Decorations] CAPPING events from decorations provider vscode.git 7848
[2022-08-18 21:01:53.120] [exthost] [warning] [Decorations] CAPPING events from decorations provider vscode.git 7848
[2022-08-18 21:01:58.288] [exthost] [warning] [Decorations] CAPPING events from decorations provider vscode.git 7848
[2022-08-18 21:02:03.463] [exthost] [warning] [Decorations] CAPPING events from decorations provider vscode.git 7848
[2022-08-18 21:02:08.660] [exthost] [warning] [Decorations] CAPPING events from decorations provider vscode.git 7848
[2022-08-18 21:02:13.857] [exthost] [warning] [Decorations] CAPPING events from decorations provider vscode.git 7848
[2022-08-18 21:02:19.021] [exthost] [warning] [Decorations] CAPPING events from decorations provider vscode.git 7848
[2022-08-18 21:02:24.215] [exthost] [warning] [Decorations] CAPPING events from decorations provider vscode.git 7848
[2022-08-18 21:02:29.362] [exthost] [warning] [Decorations] CAPPING events from decorations provider vscode.git 7848
[2022-08-18 21:02:34.609] [exthost] [warning] [Decorations] CAPPING events from decorations provider vscode.git 7848
[2022-08-18 21:02:39.761] [exthost] [warning] [Decorations] CAPPING events from decorations provider vscode.git 7848
[2022-08-18 21:02:45.158] [exthost] [warning] [Decorations] CAPPING events from decorations provider vscode.git 7849
[2022-08-18 21:02:53.115] [exthost] [warning] [Decorations] CAPPING events from decorations provider vscode.git 7848
[2022-08-18 21:02:58.270] [exthost] [warning] [Decorations] CAPPING events from decorations provider vscode.git 7848
[2022-08-18 21:03:03.418] [exthost] [warning] [Decorations] CAPPING events from decorations provider vscode.git 7848
[2022-08-18 21:03:08.571] [exthost] [warning] [Decorations] CAPPING events from decorations provider vscode.git 7849
[2022-08-18 21:03:13.732] [exthost] [warning] [Decorations] CAPPING events from decorations provider vscode.git 7849
[2022-08-18 21:03:18.899] [exthost] [warning] [Decorations] CAPPING events from decorations provider vscode.git 7850
[2022-08-18 21:03:24.054] [exthost] [warning] [Decorations] CAPPING events from decorations provider vscode.git 7849
[2022-08-18 21:03:29.206] [exthost] [warning] [Decorations] CAPPING events from decorations provider vscode.git 7849
[2022-08-18 21:03:34.353] [exthost] [warning] [Decorations] CAPPING events from decorations provider vscode.git 7849
[2022-08-18 21:03:39.510] [exthost] [warning] [Decorations] CAPPING events from decorations provider vscode.git 7849
[2022-08-18 21:03:44.690] [exthost] [warning] [Decorations] CAPPING events from decorations provider vscode.git 7849
[2022-08-18 21:03:49.943] [exthost] [warning] [Decorations] CAPPING events from decorations provider vscode.git 7849
[2022-08-18 21:03:55.180] [exthost] [warning] [Decorations] CAPPING events from decorations provider vscode.git 7850
[2022-08-18 21:04:00.370] [exthost] [warning] [Decorations] CAPPING events from decorations provider vscode.git 7850
[2022-08-18 21:04:05.560] [exthost] [warning] [Decorations] CAPPING events from decorations provider vscode.git 7850
[2022-08-18 21:04:10.771] [exthost] [warning] [Decorations] CAPPING events from decorations provider vscode.git 7850
[2022-08-18 21:04:15.936] [exthost] [warning] [Decorations] CAPPING events from decorations provider vscode.git 7850
[2022-08-18 21:04:21.099] [exthost] [warning] [Decorations] CAPPING events from decorations provider vscode.git 7850
[2022-08-18 21:04:26.253] [exthost] [warning] [Decorations] CAPPING events from decorations provider vscode.git 7850
[2022-08-18 21:04:31.427] [exthost] [warning] [Decorations] CAPPING events from decorations provider vscode.git 7850
[2022-08-18 21:04:36.603] [exthost] [warning] [Decorations] CAPPING events from decorations provider vscode.git 7850
[2022-08-18 21:04:41.799] [exthost] [warning] [Decorations] CAPPING events from decorations provider vscode.git 7850
[2022-08-18 21:04:46.968] [exthost] [warning] [Decorations] CAPPING events from decorations provider vscode.git 7850
[2022-08-18 21:04:52.169] [exthost] [warning] [Decorations] CAPPING events from decorations provider vscode.git 7850
[2022-08-18 21:04:57.361] [exthost] [warning] [Decorations] CAPPING events from decorations provider vscode.git 7850
[2022-08-18 21:05:02.574] [exthost] [warning] [Decorations] CAPPING events from decorations provider vscode.git 7850
[2022-08-18 21:05:07.735] [exthost] [warning] [Decorations] CAPPING events from decorations provider vscode.git 7850
[2022-08-18 21:05:12.889] [exthost] [warning] [Decorations] CAPPING events from decorations provider vscode.git 7850
[2022-08-18 21:05:18.069] [exthost] [warning] [Decorations] CAPPING events from decorations provider vscode.git 7850
[2022-08-18 21:05:23.226] [exthost] [warning] [Decorations] CAPPING events from decorations provider vscode.git 7850
[2022-08-18 21:05:28.400] [exthost] [warning] [Decorations] CAPPING events from decorations provider vscode.git 7850
[2022-08-18 21:05:33.553] [exthost] [warning] [Decorations] CAPPING events from decorations provider vscode.git 7850
[2022-08-18 21:05:38.708] [exthost] [warning] [Decorations] CAPPING events from decorations provider vscode.git 7850
[2022-08-18 21:05:43.870] [exthost] [warning] [Decorations] CAPPING events from decorations provider vscode.git 7850
[2022-08-18 21:05:49.101] [exthost] [warning] [Decorations] CAPPING events from decorations provider vscode.git 7850
[2022-08-18 21:05:54.304] [exthost] [warning] [Decorations] CAPPING events from decorations provider vscode.git 7850
[2022-08-18 21:05:59.491] [exthost] [warning] [Decorations] CAPPING events from decorations provider vscode.git 7850
[2022-08-18 21:06:04.654] [exthost] [warning] [Decorations] CAPPING events from decorations provider vscode.git 7850
[2022-08-18 21:06:09.915] [exthost] [warning] [Decorations] CAPPING events from decorations provider vscode.git 7850
[2022-08-18 21:06:15.118] [exthost] [warning] [Decorations] CAPPING events from decorations provider vscode.git 7850
[2022-08-18 21:06:20.314] [exthost] [warning] [Decorations] CAPPING events from decorations provider vscode.git 7850
[2022-08-18 21:06:25.508] [exthost] [warning] [Decorations] CAPPING events from decorations provider vscode.git 7850
[2022-08-18 21:06:30.681] [exthost] [warning] [Decorations] CAPPING events from decorations provider vscode.git 7850
[2022-08-18 21:06:35.845] [exthost] [warning] [Decorations] CAPPING events from decorations provider vscode.git 7850
[2022-08-18 21:06:41.037] [exthost] [warning] [Decorations] CAPPING events from decorations provider vscode.git 7850
[2022-08-18 21:06:46.268] [exthost] [warning] [Decorations] CAPPING events from decorations provider vscode.git 7850
[2022-08-18 21:06:51.464] [exthost] [warning] [Decorations] CAPPING events from decorations provider vscode.git 7850
[2022-08-18 21:06:56.627] [exthost] [warning] [Decorations] CAPPING events from decorations provider vscode.git 7850
[2022-08-18 21:07:01.792] [exthost] [warning] [Decorations] CAPPING events from decorations provider vscode.git 7850
[2022-08-18 21:07:07.027] [exthost] [warning] [Decorations] CAPPING events from decorations provider vscode.git 7850
[2022-08-18 21:07:12.216] [exthost] [warning] [Decorations] CAPPING events from decorations provider vscode.git 7850
[2022-08-18 21:07:17.380] [exthost] [warning] [Decorations] CAPPING events from decorations provider vscode.git 7850
[2022-08-18 21:07:22.557] [exthost] [warning] [Decorations] CAPPING events from decorations provider vscode.git 7850
[2022-08-18 21:07:27.748] [exthost] [warning] [Decorations] CAPPING events from decorations provider vscode.git 7850
[2022-08-18 21:07:32.942] [exthost] [warning] [Decorations] CAPPING events from decorations provider vscode.git 7850
[2022-08-18 21:07:38.211] [exthost] [warning] [Decorations] CAPPING events from decorations provider vscode.git 7850
[2022-08-18 21:07:43.396] [exthost] [warning] [Decorations] CAPPING events from decorations provider vscode.git 7850
[2022-08-18 21:07:48.607] [exthost] [warning] [Decorations] CAPPING events from decorations provider vscode.git 7850
[2022-08-18 21:07:53.820] [exthost] [warning] [Decorations] CAPPING events from decorations provider vscode.git 7850
[2022-08-18 21:07:58.982] [exthost] [warning] [Decorations] CAPPING events from decorations provider vscode.git 7850
[2022-08-18 21:08:04.164] [exthost] [warning] [Decorations] CAPPING events from decorations provider vscode.git 7850
[2022-08-18 21:08:09.345] [exthost] [warning] [Decorations] CAPPING events from decorations provider vscode.git 7850
[2022-08-18 21:08:14.547] [exthost] [warning] [Decorations] CAPPING events from decorations provider vscode.git 7850
[2022-08-18 21:08:19.724] [exthost] [warning] [Decorations] CAPPING events from decorations provider vscode.git 7850
[2022-08-18 21:08:24.899] [exthost] [warning] [Decorations] CAPPING events from decorations provider vscode.git 7850
[2022-08-18 21:08:30.111] [exthost] [warning] [Decorations] CAPPING events from decorations provider vscode.git 7850
[2022-08-18 21:08:35.292] [exthost] [warning] [Decorations] CAPPING events from decorations provider vscode.git 7850
[2022-08-18 21:08:40.470] [exthost] [warning] [Decorations] CAPPING events from decorations provider vscode.git 7850
[2022-08-18 21:08:45.716] [exthost] [warning] [Decorations] CAPPING events from decorations provider vscode.git 7850
[2022-08-18 21:08:51.006] [exthost] [warning] [Decorations] CAPPING events from decorations provider vscode.git 7850
[2022-08-18 21:08:56.202] [exthost] [warning] [Decorations] CAPPING events from decorations provider vscode.git 7850
[2022-08-18 21:09:01.370] [exthost] [warning] [Decorations] CAPPING events from decorations provider vscode.git 7850
[2022-08-18 21:09:06.547] [exthost] [warning] [Decorations] CAPPING events from decorations provider vscode.git 7850
[2022-08-18 21:09:11.736] [exthost] [warning] [Decorations] CAPPING events from decorations provider vscode.git 7850
[2022-08-18 21:09:16.933] [exthost] [warning] [Decorations] CAPPING events from decorations provider vscode.git 7850
[2022-08-18 21:09:22.086] [exthost] [warning] [Decorations] CAPPING events from decorations provider vscode.git 7850
[2022-08-18 21:09:27.271] [exthost] [warning] [Decorations] CAPPING events from decorations provider vscode.git 7850
[2022-08-18 21:09:32.448] [exthost] [warning] [Decorations] CAPPING events from decorations provider vscode.git 7850
[2022-08-18 21:09:37.643] [exthost] [warning] [Decorations] CAPPING events from decorations provider vscode.git 7851
[2022-08-18 21:09:42.802] [exthost] [warning] [Decorations] CAPPING events from decorations provider vscode.git 7850
[2022-08-18 21:09:47.970] [exthost] [warning] [Decorations] CAPPING events from decorations provider vscode.git 7850
[2022-08-18 21:09:53.127] [exthost] [warning] [Decorations] CAPPING events from decorations provider vscode.git 7850
[2022-08-18 21:09:58.286] [exthost] [warning] [Decorations] CAPPING events from decorations provider vscode.git 7850
[2022-08-18 21:10:03.484] [exthost] [warning] [Decorations] CAPPING events from decorations provider vscode.git 7850
[2022-08-18 21:10:08.683] [exthost] [warning] [Decorations] CAPPING events from decorations provider vscode.git 7850
[2022-08-18 21:10:13.938] [exthost] [warning] [Decorations] CAPPING events from decorations provider vscode.git 7850
[2022-08-18 21:10:19.102] [exthost] [warning] [Decorations] CAPPING events from decorations provider vscode.git 7850
[2022-08-18 21:10:24.254] [exthost] [warning] [Decorations] CAPPING events from decorations provider vscode.git 7850
[2022-08-18 21:10:29.411] [exthost] [warning] [Decorations] CAPPING events from decorations provider vscode.git 7850
[2022-08-18 21:10:34.584] [exthost] [warning] [Decorations] CAPPING events from decorations provider vscode.git 7850
[2022-08-18 21:10:39.748] [exthost] [warning] [Decorations] CAPPING events from decorations provider vscode.git 7850
[2022-08-18 21:10:44.946] [exthost] [warning] [Decorations] CAPPING events from decorations provider vscode.git 7850
[2022-08-18 21:10:50.109] [exthost] [warning] [Decorations] CAPPING events from decorations provider vscode.git 7850
[2022-08-18 21:10:55.410] [exthost] [warning] [Decorations] CAPPING events from decorations provider vscode.git 7850
[2022-08-18 21:11:00.568] [exthost] [warning] [Decorations] CAPPING events from decorations provider vscode.git 7850
[2022-08-18 21:11:05.734] [exthost] [warning] [Decorations] CAPPING events from decorations provider vscode.git 7850
[2022-08-18 21:11:10.908] [exthost] [warning] [Decorations] CAPPING events from decorations provider vscode.git 7850
[2022-08-18 21:11:16.084] [exthost] [warning] [Decorations] CAPPING events from decorations provider vscode.git 7850
[2022-08-18 21:11:21.264] [exthost] [warning] [Decorations] CAPPING events from decorations provider vscode.git 7850
[2022-08-18 21:11:26.430] [exthost] [warning] [Decorations] CAPPING events from decorations provider vscode.git 7850
[2022-08-18 21:11:31.654] [exthost] [warning] [Decorations] CAPPING events from decorations provider vscode.git 7850
[2022-08-18 21:11:36.876] [exthost] [warning] [Decorations] CAPPING events from decorations provider vscode.git 7850
[2022-08-18 21:11:42.037] [exthost] [warning] [Decorations] CAPPING events from decorations provider vscode.git 7850
[2022-08-18 21:11:47.198] [exthost] [warning] [Decorations] CAPPING events from decorations provider vscode.git 7850
[2022-08-18 21:11:52.409] [exthost] [warning] [Decorations] CAPPING events from decorations provider vscode.git 7850
[2022-08-18 21:11:57.565] [exthost] [warning] [Decorations] CAPPING events from decorations provider vscode.git 7850
[2022-08-18 21:12:02.746] [exthost] [warning] [Decorations] CAPPING events from decorations provider vscode.git 7850
[2022-08-18 21:12:07.908] [exthost] [warning] [Decorations] CAPPING events from decorations provider vscode.git 7850
[2022-08-18 21:12:13.121] [exthost] [warning] [Decorations] CAPPING events from decorations provider vscode.git 7850
[2022-08-18 21:12:18.273] [exthost] [warning] [Decorations] CAPPING events from decorations provider vscode.git 7850
[2022-08-18 21:12:23.472] [exthost] [warning] [Decorations] CAPPING events from decorations provider vscode.git 7850
[2022-08-18 21:12:28.726] [exthost] [warning] [Decorations] CAPPING events from decorations provider vscode.git 7850
[2022-08-18 21:12:33.885] [exthost] [warning] [Decorations] CAPPING events from decorations provider vscode.git 7850
[2022-08-18 21:12:39.140] [exthost] [warning] [Decorations] CAPPING events from decorations provider vscode.git 7850
[2022-08-18 21:12:44.302] [exthost] [warning] [Decorations] CAPPING events from decorations provider vscode.git 7850
[2022-08-18 21:12:49.470] [exthost] [warning] [Decorations] CAPPING events from decorations provider vscode.git 7850
[2022-08-18 21:12:54.637] [exthost] [warning] [Decorations] CAPPING events from decorations provider vscode.git 7850
[2022-08-18 21:12:59.801] [exthost] [warning] [Decorations] CAPPING events from decorations provider vscode.git 7850
[2022-08-18 21:13:04.978] [exthost] [warning] [Decorations] CAPPING events from decorations provider vscode.git 7850
[2022-08-18 21:13:10.168] [exthost] [warning] [Decorations] CAPPING events from decorations provider vscode.git 7850
[2022-08-18 21:13:15.322] [exthost] [warning] [Decorations] CAPPING events from decorations provider vscode.git 7850
[2022-08-18 21:13:20.529] [exthost] [warning] [Decorations] CAPPING events from decorations provider vscode.git 7850
[2022-08-18 21:13:25.730] [exthost] [warning] [Decorations] CAPPING events from decorations provider vscode.git 7850
[2022-08-18 21:13:30.945] [exthost] [warning] [Decorations] CAPPING events from decorations provider vscode.git 7850
[2022-08-18 21:13:36.115] [exthost] [warning] [Decorations] CAPPING events from decorations provider vscode.git 7850
[2022-08-18 21:13:41.302] [exthost] [warning] [Decorations] CAPPING events from decorations provider vscode.git 7850
[2022-08-18 21:13:46.477] [exthost] [warning] [Decorations] CAPPING events from decorations provider vscode.git 7850
[2022-08-18 21:13:51.685] [exthost] [warning] [Decorations] CAPPING events from decorations provider vscode.git 7850
[2022-08-18 21:13:56.867] [exthost] [warning] [Decorations] CAPPING events from decorations provider vscode.git 7850
[2022-08-18 21:14:02.120] [exthost] [warning] [Decorations] CAPPING events from decorations provider vscode.git 7850
[2022-08-18 21:14:07.302] [exthost] [warning] [Decorations] CAPPING events from decorations provider vscode.git 7850
[2022-08-18 21:14:12.461] [exthost] [warning] [Decorations] CAPPING events from decorations provider vscode.git 7850
[2022-08-18 21:14:17.633] [exthost] [warning] [Decorations] CAPPING events from decorations provider vscode.git 7850
[2022-08-18 21:14:22.790] [exthost] [warning] [Decorations] CAPPING events from decorations provider vscode.git 7850
[2022-08-18 21:14:27.980] [exthost] [warning] [Decorations] CAPPING events from decorations provider vscode.git 7850
[2022-08-18 21:14:33.155] [exthost] [warning] [Decorations] CAPPING events from decorations provider vscode.git 7850
[2022-08-18 21:15:39.620] [exthost] [warning] [Decorations] CAPPING events from decorations provider vscode.git 7854
[2022-08-18 21:15:52.027] [exthost] [warning] [Decorations] CAPPING events from decorations provider vscode.git 7855
[2022-08-18 21:15:59.037] [exthost] [info] Extension host terminating: received terminate message from renderer
[2022-08-18 21:15:59.146] [exthost] [info] Extension host with pid 4648 exiting with code 0
[2022-08-18 21:16:02.825] [exthost] [info] Extension host with pid 7323 started
[2022-08-18 21:16:02.825] [exthost] [info] Skipping acquiring lock for /home/katherinesanchez/.config/Code/User/workspaceStorage/9827fd62ae50f926e362ee73104caa75.
[2022-08-18 21:16:02.940] [exthost] [info] ExtensionService#_doActivateExtension vscode.microsoft-authentication, startup: false, activationEvent: 'onAuthenticationRequest:microsoft'
[2022-08-18 21:16:03.003] [exthost] [info] ExtensionService#_doActivateExtension vscode.debug-auto-launch, startup: true, activationEvent: '*'
[2022-08-18 21:16:03.022] [exthost] [info] ExtensionService#_doActivateExtension vscode.git-base, startup: true, activationEvent: '*'
[2022-08-18 21:16:03.025] [exthost] [info] ExtensionService#_doActivateExtension vscode.ipynb, startup: true, activationEvent: '*'
[2022-08-18 21:16:03.262] [exthost] [info] ExtensionService#_doActivateExtension vscode.github, startup: true, activationEvent: '*'
[2022-08-18 21:16:03.295] [exthost] [info] Eager extensions activated
[2022-08-18 21:16:03.301] [exthost] [info] ExtensionService#_doActivateExtension vscode.emmet, startup: false, activationEvent: 'onStartupFinished'
[2022-08-18 21:16:03.315] [exthost] [info] ExtensionService#_doActivateExtension vscode.merge-conflict, startup: false, activationEvent: 'onStartupFinished'
[2022-08-18 21:16:03.323] [exthost] [info] ExtensionService#_doActivateExtension vscode.github-authentication, startup: false, activationEvent: 'onAuthenticationRequest:github'
[2022-08-18 21:17:41.337] [exthost] [info] ExtensionService#_doActivateExtension vscode.git, startup: false, activationEvent: 'api', root cause: vscode.github
[2022-08-18 21:17:41.393] [exthost] [info] ExtensionService#_doActivateExtension equinusocio.vsc-material-theme-icons, startup: false, activationEvent: 'onStartupFinished'
[2022-08-18 21:17:41.998] [exthost] [warning] [Decorations] CAPPING events from decorations provider vscode.git 7950
[2022-08-18 21:17:43.891] [exthost] [warning] [Decorations] CAPPING events from decorations provider vscode.git 7950
[2022-08-18 21:17:47.514] [exthost] [warning] [Decorations] CAPPING events from decorations provider vscode.git 7950
[2022-08-18 21:17:52.689] [exthost] [warning] [Decorations] CAPPING events from decorations provider vscode.git 7950
[2022-08-18 21:17:57.430] [exthost] [info] ExtensionService#_doActivateExtension vscode.typescript-language-features, startup: false, activationEvent: 'onLanguage:javascript'
[2022-08-18 21:17:58.221] [exthost] [warning] [Decorations] CAPPING events from decorations provider vscode.git 7952
[2022-08-18 21:19:37.652] [exthost] [warning] [Decorations] CAPPING events from decorations provider vscode.git 7955
[2022-08-18 21:19:46.250] [exthost] [warning] [Decorations] CAPPING events from decorations provider vscode.git 7955
[2022-08-18 21:19:51.421] [exthost] [warning] [Decorations] CAPPING events from decorations provider vscode.git 7955
[2022-08-18 21:19:56.580] [exthost] [warning] [Decorations] CAPPING events from decorations provider vscode.git 7955
[2022-08-18 21:20:01.821] [exthost] [warning] [Decorations] CAPPING events from decorations provider vscode.git 7955
[2022-08-18 21:20:11.444] [exthost] [warning] [Decorations] CAPPING events from decorations provider vscode.git 7955
[2022-08-18 21:20:20.591] [exthost] [warning] [Decorations] CAPPING events from decorations provider vscode.git 7955
[2022-08-18 21:20:29.111] [exthost] [warning] [Decorations] CAPPING events from decorations provider vscode.git 7955
[2022-08-18 21:20:34.292] [exthost] [warning] [Decorations] CAPPING events from decorations provider vscode.git 7956
[2022-08-18 21:20:39.442] [exthost] [warning] [Decorations] CAPPING events from decorations provider vscode.git 7957
[2022-08-18 21:20:44.645] [exthost] [warning] [Decorations] CAPPING events from decorations provider vscode.git 7956
[2022-08-18 21:20:50.615] [exthost] [warning] [Decorations] CAPPING events from decorations provider vscode.git 7956
[2022-08-18 21:20:55.817] [exthost] [warning] [Decorations] CAPPING events from decorations provider vscode.git 7956
[2022-08-18 21:21:01.013] [exthost] [warning] [Decorations] CAPPING events from decorations provider vscode.git 7956
[2022-08-18 21:21:06.203] [exthost] [warning] [Decorations] CAPPING events from decorations provider vscode.git 7956
[2022-08-18 21:21:11.476] [exthost] [warning] [Decorations] CAPPING events from decorations provider vscode.git 7959
[2022-08-18 21:31:24.996] [exthost] [warning] [Decorations] CAPPING events from decorations provider vscode.git 8035
[2022-08-18 21:31:32.974] [exthost] [warning] [Decorations] CAPPING events from decorations provider vscode.git 8032
[2022-08-18 21:31:38.175] [exthost] [warning] [Decorations] CAPPING events from decorations provider vscode.git 8032
[2022-08-18 21:31:43.346] [exthost] [warning] [Decorations] CAPPING events from decorations provider vscode.git 8032
[2022-08-18 21:31:48.510] [exthost] [warning] [Decorations] CAPPING events from decorations provider vscode.git 8032
[2022-08-18 21:31:53.732] [exthost] [warning] [Decorations] CAPPING events from decorations provider vscode.git 8032
[2022-08-18 21:31:58.898] [exthost] [warning] [Decorations] CAPPING events from decorations provider vscode.git 8032
[2022-08-18 21:32:04.090] [exthost] [warning] [Decorations] CAPPING events from decorations provider vscode.git 8032
[2022-08-18 21:32:09.273] [exthost] [warning] [Decorations] CAPPING events from decorations provider vscode.git 8032
[2022-08-18 21:32:14.448] [exthost] [warning] [Decorations] CAPPING events from decorations provider vscode.git 8032
[2022-08-18 21:32:19.629] [exthost] [warning] [Decorations] CAPPING events from decorations provider vscode.git 8032
[2022-08-18 21:32:24.923] [exthost] [warning] [Decorations] CAPPING events from decorations provider vscode.git 8032
[2022-08-18 21:32:30.121] [exthost] [warning] [Decorations] CAPPING events from decorations provider vscode.git 8032
[2022-08-18 21:32:35.313] [exthost] [warning] [Decorations] CAPPING events from decorations provider vscode.git 8032
[2022-08-18 21:32:40.481] [exthost] [warning] [Decorations] CAPPING events from decorations provider vscode.git 8032
[2022-08-18 21:32:45.645] [exthost] [warning] [Decorations] CAPPING events from decorations provider vscode.git 8032
[2022-08-18 21:32:50.868] [exthost] [warning] [Decorations] CAPPING events from decorations provider vscode.git 8033
[2022-08-18 21:32:56.086] [exthost] [warning] [Decorations] CAPPING events from decorations provider vscode.git 8033
[2022-08-18 21:33:01.271] [exthost] [warning] [Decorations] CAPPING events from decorations provider vscode.git 8033
[2022-08-18 21:33:06.455] [exthost] [warning] [Decorations] CAPPING events from decorations provider vscode.git 8033
[2022-08-18 21:33:11.645] [exthost] [warning] [Decorations] CAPPING events from decorations provider vscode.git 8033
[2022-08-18 21:33:16.821] [exthost] [warning] [Decorations] CAPPING events from decorations provider vscode.git 8033
[2022-08-18 21:33:21.993] [exthost] [warning] [Decorations] CAPPING events from decorations provider vscode.git 8033
[2022-08-18 21:33:27.175] [exthost] [warning] [Decorations] CAPPING events from decorations provider vscode.git 8033
[2022-08-18 21:33:32.346] [exthost] [warning] [Decorations] CAPPING events from decorations provider vscode.git 8033
[2022-08-18 21:33:37.499] [exthost] [warning] [Decorations] CAPPING events from decorations provider vscode.git 8033
[2022-08-18 21:33:42.651] [exthost] [warning] [Decorations] CAPPING events from decorations provider vscode.git 8033
[2022-08-18 21:33:47.822] [exthost] [warning] [Decorations] CAPPING events from decorations provider vscode.git 8034
[2022-08-18 21:33:53.013] [exthost] [warning] [Decorations] CAPPING events from decorations provider vscode.git 8033
[2022-08-18 21:33:58.184] [exthost] [warning] [Decorations] CAPPING events from decorations provider vscode.git 8033
[2022-08-18 21:34:03.344] [exthost] [warning] [Decorations] CAPPING events from decorations provider vscode.git 8033
[2022-08-18 21:34:08.560] [exthost] [warning] [Decorations] CAPPING events from decorations provider vscode.git 8033
[2022-08-18 21:34:13.766] [exthost] [warning] [Decorations] CAPPING events from decorations provider vscode.git 8033
[2022-08-18 21:34:18.959] [exthost] [warning] [Decorations] CAPPING events from decorations provider vscode.git 8033
[2022-08-18 21:34:24.124] [exthost] [warning] [Decorations] CAPPING events from decorations provider vscode.git 8033
[2022-08-18 21:34:29.285] [exthost] [warning] [Decorations] CAPPING events from decorations provider vscode.git 8033
[2022-08-18 21:34:34.458] [exthost] [warning] [Decorations] CAPPING events from decorations provider vscode.git 8033
[2022-08-18 21:34:39.616] [exthost] [warning] [Decorations] CAPPING events from decorations provider vscode.git 8033
[2022-08-18 21:34:44.778] [exthost] [warning] [Decorations] CAPPING events from decorations provider vscode.git 8033
[2022-08-18 21:34:49.941] [exthost] [warning] [Decorations] CAPPING events from decorations provider vscode.git 8033
[2022-08-18 21:34:55.116] [exthost] [warning] [Decorations] CAPPING events from decorations provider vscode.git 8033
[2022-08-18 21:35:00.278] [exthost] [warning] [Decorations] CAPPING events from decorations provider vscode.git 8033
[2022-08-18 21:35:05.463] [exthost] [warning] [Decorations] CAPPING events from decorations provider vscode.git 8033
[2022-08-18 21:35:10.624] [exthost] [warning] [Decorations] CAPPING events from decorations provider vscode.git 8033
[2022-08-18 21:35:15.869] [exthost] [warning] [Decorations] CAPPING events from decorations provider vscode.git 8033
[2022-08-18 21:35:21.057] [exthost] [warning] [Decorations] CAPPING events from decorations provider vscode.git 8033
[2022-08-18 21:35:26.218] [exthost] [warning] [Decorations] CAPPING events from decorations provider vscode.git 8033
[2022-08-18 21:35:31.389] [exthost] [warning] [Decorations] CAPPING events from decorations provider vscode.git 8033
[2022-08-18 21:35:36.551] [exthost] [warning] [Decorations] CAPPING events from decorations provider vscode.git 8033
[2022-08-18 21:35:41.712] [exthost] [warning] [Decorations] CAPPING events from decorations provider vscode.git 8033
[2022-08-18 21:35:46.874] [exthost] [warning] [Decorations] CAPPING events from decorations provider vscode.git 8033
[2022-08-18 21:35:52.045] [exthost] [warning] [Decorations] CAPPING events from decorations provider vscode.git 8033
[2022-08-18 21:35:57.201] [exthost] [warning] [Decorations] CAPPING events from decorations provider vscode.git 8033
[2022-08-18 21:36:02.385] [exthost] [warning] [Decorations] CAPPING events from decorations provider vscode.git 8033
[2022-08-18 21:36:07.549] [exthost] [warning] [Decorations] CAPPING events from decorations provider vscode.git 8033
[2022-08-18 21:36:12.722] [exthost] [warning] [Decorations] CAPPING events from decorations provider vscode.git 8036
[2022-08-18 21:36:17.893] [exthost] [warning] [Decorations] CAPPING events from decorations provider vscode.git 8036
[2022-08-18 21:36:23.080] [exthost] [warning] [Decorations] CAPPING events from decorations provider vscode.git 8036
[2022-08-18 21:36:28.234] [exthost] [warning] [Decorations] CAPPING events from decorations provider vscode.git 8034
[2022-08-18 21:36:33.410] [exthost] [warning] [Decorations] CAPPING events from decorations provider vscode.git 8034
[2022-08-18 21:36:38.586] [exthost] [warning] [Decorations] CAPPING events from decorations provider vscode.git 8033
[2022-08-18 21:36:43.771] [exthost] [warning] [Decorations] CAPPING events from decorations provider vscode.git 8033
[2022-08-18 21:36:48.937] [exthost] [warning] [Decorations] CAPPING events from decorations provider vscode.git 8033
[2022-08-18 21:36:54.127] [exthost] [warning] [Decorations] CAPPING events from decorations provider vscode.git 8033
[2022-08-18 21:36:59.304] [exthost] [warning] [Decorations] CAPPING events from decorations provider vscode.git 8033
[2022-08-18 21:37:04.506] [exthost] [warning] [Decorations] CAPPING events from decorations provider vscode.git 8033
[2022-08-18 21:37:09.657] [exthost] [warning] [Decorations] CAPPING events from decorations provider vscode.git 8033
[2022-08-18 21:37:14.887] [exthost] [warning] [Decorations] CAPPING events from decorations provider vscode.git 8033
[2022-08-18 21:37:20.161] [exthost] [warning] [Decorations] CAPPING events from decorations provider vscode.git 8033
[2022-08-18 21:37:25.374] [exthost] [warning] [Decorations] CAPPING events from decorations provider vscode.git 8033
[2022-08-18 21:37:30.655] [exthost] [warning] [Decorations] CAPPING events from decorations provider vscode.git 8033
[2022-08-18 21:37:35.899] [exthost] [warning] [Decorations] CAPPING events from decorations provider vscode.git 8033
[2022-08-18 21:37:41.057] [exthost] [warning] [Decorations] CAPPING events from decorations provider vscode.git 8033
[2022-08-18 21:37:46.225] [exthost] [warning] [Decorations] CAPPING events from decorations provider vscode.git 8033
[2022-08-18 21:37:51.422] [exthost] [warning] [Decorations] CAPPING events from decorations provider vscode.git 8033
[2022-08-18 21:37:56.632] [exthost] [warning] [Decorations] CAPPING events from decorations provider vscode.git 8033
[2022-08-18 21:38:01.894] [exthost] [warning] [Decorations] CAPPING events from decorations provider vscode.git 8033
[2022-08-18 21:38:07.065] [exthost] [warning] [Decorations] CAPPING events from decorations provider vscode.git 8033
[2022-08-18 21:38:12.217] [exthost] [warning] [Decorations] CAPPING events from decorations provider vscode.git 8033
[2022-08-18 21:38:17.403] [exthost] [warning] [Decorations] CAPPING events from decorations provider vscode.git 8033
[2022-08-18 21:38:22.591] [exthost] [warning] [Decorations] CAPPING events from decorations provider vscode.git 8033
[2022-08-18 21:38:27.746] [exthost] [warning] [Decorations] CAPPING events from decorations provider vscode.git 8033
[2022-08-18 21:38:32.906] [exthost] [warning] [Decorations] CAPPING events from decorations provider vscode.git 8033
[2022-08-18 21:38:38.085] [exthost] [warning] [Decorations] CAPPING events from decorations provider vscode.git 8033
[2022-08-18 21:38:43.269] [exthost] [warning] [Decorations] CAPPING events from decorations provider vscode.git 8033
[2022-08-18 21:38:48.421] [exthost] [warning] [Decorations] CAPPING events from decorations provider vscode.git 8033
[2022-08-18 21:38:53.589] [exthost] [warning] [Decorations] CAPPING events from decorations provider vscode.git 8033
[2022-08-18 21:38:58.749] [exthost] [warning] [Decorations] CAPPING events from decorations provider vscode.git 8033
[2022-08-18 21:39:03.907] [exthost] [warning] [Decorations] CAPPING events from decorations provider vscode.git 8033
[2022-08-18 21:39:09.082] [exthost] [warning] [Decorations] CAPPING events from decorations provider vscode.git 8033
[2022-08-18 21:39:14.292] [exthost] [warning] [Decorations] CAPPING events from decorations provider vscode.git 8033
[2022-08-18 21:39:19.460] [exthost] [warning] [Decorations] CAPPING events from decorations provider vscode.git 8033
[2022-08-18 21:39:24.637] [exthost] [warning] [Decorations] CAPPING events from decorations provider vscode.git 8033
[2022-08-18 21:39:29.999] [exthost] [warning] [Decorations] CAPPING events from decorations provider vscode.git 8034
[2022-08-18 21:39:35.197] [exthost] [warning] [Decorations] CAPPING events from decorations provider vscode.git 8034
[2022-08-18 21:39:40.383] [exthost] [warning] [Decorations] CAPPING events from decorations provider vscode.git 8034
[2022-08-18 21:39:45.560] [exthost] [warning] [Decorations] CAPPING events from decorations provider vscode.git 8034
[2022-08-18 21:39:50.787] [exthost] [warning] [Decorations] CAPPING events from decorations provider vscode.git 8034
[2022-08-18 21:39:56.065] [exthost] [warning] [Decorations] CAPPING events from decorations provider vscode.git 8034
[2022-08-18 21:40:01.323] [exthost] [warning] [Decorations] CAPPING events from decorations provider vscode.git 8034
[2022-08-18 21:40:06.513] [exthost] [warning] [Decorations] CAPPING events from decorations provider vscode.git 8034
[2022-08-18 21:40:11.690] [exthost] [warning] [Decorations] CAPPING events from decorations provider vscode.git 8034
[2022-08-18 21:40:16.845] [exthost] [warning] [Decorations] CAPPING events from decorations provider vscode.git 8034
[2022-08-18 21:40:22.012] [exthost] [warning] [Decorations] CAPPING events from decorations provider vscode.git 8034
[2022-08-18 21:40:27.174] [exthost] [warning] [Decorations] CAPPING events from decorations provider vscode.git 8034
[2022-08-18 21:40:32.382] [exthost] [warning] [Decorations] CAPPING events from decorations provider vscode.git 8034
[2022-08-18 21:40:37.589] [exthost] [warning] [Decorations] CAPPING events from decorations provider vscode.git 8034
[2022-08-18 21:40:42.749] [exthost] [warning] [Decorations] CAPPING events from decorations provider vscode.git 8034
[2022-08-18 21:40:47.909] [exthost] [warning] [Decorations] CAPPING events from decorations provider vscode.git 8034
[2022-08-18 21:40:53.106] [exthost] [warning] [Decorations] CAPPING events from decorations provider vscode.git 8034
[2022-08-18 21:40:58.266] [exthost] [warning] [Decorations] CAPPING events from decorations provider vscode.git 8035
[2022-08-18 21:41:03.483] [exthost] [warning] [Decorations] CAPPING events from decorations provider vscode.git 8034
[2022-08-18 21:41:08.680] [exthost] [warning] [Decorations] CAPPING events from decorations provider vscode.git 8035
[2022-08-18 21:41:13.856] [exthost] [warning] [Decorations] CAPPING events from decorations provider vscode.git 8035
[2022-08-18 21:41:19.048] [exthost] [warning] [Decorations] CAPPING events from decorations provider vscode.git 8035
[2022-08-18 21:41:24.216] [exthost] [warning] [Decorations] CAPPING events from decorations provider vscode.git 8035
[2022-08-18 21:41:29.377] [exthost] [warning] [Decorations] CAPPING events from decorations provider vscode.git 8034
[2022-08-18 21:41:34.733] [exthost] [warning] [Decorations] CAPPING events from decorations provider vscode.git 8034
[2022-08-18 21:41:40.377] [exthost] [warning] [Decorations] CAPPING events from decorations provider vscode.git 8034
[2022-08-18 21:41:46.292] [exthost] [warning] [Decorations] CAPPING events from decorations provider vscode.git 8034
[2022-08-18 21:41:51.486] [exthost] [warning] [Decorations] CAPPING events from decorations provider vscode.git 8034
[2022-08-18 21:41:56.690] [exthost] [warning] [Decorations] CAPPING events from decorations provider vscode.git 8034
[2022-08-18 21:42:01.849] [exthost] [warning] [Decorations] CAPPING events from decorations provider vscode.git 8034
[2022-08-18 21:42:07.016] [exthost] [warning] [Decorations] CAPPING events from decorations provider vscode.git 8034
[2022-08-18 21:42:12.177] [exthost] [warning] [Decorations] CAPPING events from decorations provider vscode.git 8034
[2022-08-18 21:42:17.333] [exthost] [warning] [Decorations] CAPPING events from decorations provider vscode.git 8034
[2022-08-18 21:42:22.545] [exthost] [warning] [Decorations] CAPPING events from decorations provider vscode.git 8034
[2022-08-18 21:42:27.843] [exthost] [warning] [Decorations] CAPPING events from decorations provider vscode.git 8035
[2022-08-18 21:42:33.054] [exthost] [warning] [Decorations] CAPPING events from decorations provider vscode.git 8035
[2022-08-18 21:42:38.230] [exthost] [warning] [Decorations] CAPPING events from decorations provider vscode.git 8035
[2022-08-18 21:42:43.405] [exthost] [warning] [Decorations] CAPPING events from decorations provider vscode.git 8035
[2022-08-18 21:42:48.602] [exthost] [warning] [Decorations] CAPPING events from decorations provider vscode.git 8035
[2022-08-18 21:42:53.832] [exthost] [warning] [Decorations] CAPPING events from decorations provider vscode.git 8035
[2022-08-18 21:42:59.035] [exthost] [warning] [Decorations] CAPPING events from decorations provider vscode.git 8035
[2022-08-18 21:43:04.201] [exthost] [warning] [Decorations] CAPPING events from decorations provider vscode.git 8036
[2022-08-18 21:43:09.447] [exthost] [warning] [Decorations] CAPPING events from decorations provider vscode.git 8035
[2022-08-18 21:43:14.791] [exthost] [warning] [Decorations] CAPPING events from decorations provider vscode.git 8035
[2022-08-18 21:43:22.727] [exthost] [warning] [Decorations] CAPPING events from decorations provider vscode.git 8035
[2022-08-18 21:43:27.919] [exthost] [warning] [Decorations] CAPPING events from decorations provider vscode.git 8036
[2022-08-18 21:43:33.124] [exthost] [warning] [Decorations] CAPPING events from decorations provider vscode.git 8036
[2022-08-18 21:43:38.315] [exthost] [warning] [Decorations] CAPPING events from decorations provider vscode.git 8036
[2022-08-18 21:43:43.495] [exthost] [warning] [Decorations] CAPPING events from decorations provider vscode.git 8036
[2022-08-18 21:43:48.693] [exthost] [warning] [Decorations] CAPPING events from decorations provider vscode.git 8036
[2022-08-18 21:43:53.894] [exthost] [warning] [Decorations] CAPPING events from decorations provider vscode.git 8036
[2022-08-18 21:43:59.072] [exthost] [warning] [Decorations] CAPPING events from decorations provider vscode.git 8036
[2022-08-18 21:44:04.249] [exthost] [warning] [Decorations] CAPPING events from decorations provider vscode.git 8036
[2022-08-18 21:44:09.493] [exthost] [warning] [Decorations] CAPPING events from decorations provider vscode.git 8036
[2022-08-18 21:44:14.661] [exthost] [warning] [Decorations] CAPPING events from decorations provider vscode.git 8036
[2022-08-18 21:44:19.977] [exthost] [warning] [Decorations] CAPPING events from decorations provider vscode.git 8036
[2022-08-18 21:44:25.177] [exthost] [warning] [Decorations] CAPPING events from decorations provider vscode.git 8036
[2022-08-18 21:44:30.368] [exthost] [warning] [Decorations] CAPPING events from decorations provider vscode.git 8036
[2022-08-18 21:44:35.733] [exthost] [warning] [Decorations] CAPPING events from decorations provider vscode.git 8036
[2022-08-18 21:44:40.891] [exthost] [warning] [Decorations] CAPPING events from decorations provider vscode.git 8037
[2022-08-18 21:44:46.079] [exthost] [warning] [Decorations] CAPPING events from decorations provider vscode.git 8036
[2022-08-18 21:44:51.249] [exthost] [warning] [Decorations] CAPPING events from decorations provider vscode.git 8036
[2022-08-18 21:44:56.429] [exthost] [warning] [Decorations] CAPPING events from decorations provider vscode.git 8036
[2022-08-18 21:45:01.600] [exthost] [warning] [Decorations] CAPPING events from decorations provider vscode.git 8036
[2022-08-18 21:45:06.772] [exthost] [warning] [Decorations] CAPPING events from decorations provider vscode.git 8036
[2022-08-18 21:45:11.989] [exthost] [warning] [Decorations] CAPPING events from decorations provider vscode.git 8036
[2022-08-18 21:45:17.250] [exthost] [warning] [Decorations] CAPPING events from decorations provider vscode.git 8036
[2022-08-18 21:45:22.457] [exthost] [warning] [Decorations] CAPPING events from decorations provider vscode.git 8037
[2022-08-18 21:45:27.628] [exthost] [warning] [Decorations] CAPPING events from decorations provider vscode.git 8037
[2022-08-18 21:45:32.785] [exthost] [warning] [Decorations] CAPPING events from decorations provider vscode.git 8038
[2022-08-18 21:45:37.957] [exthost] [warning] [Decorations] CAPPING events from decorations provider vscode.git 8037
[2022-08-18 21:45:43.126] [exthost] [warning] [Decorations] CAPPING events from decorations provider vscode.git 8037
[2022-08-18 21:45:48.392] [exthost] [warning] [Decorations] CAPPING events from decorations provider vscode.git 8037
[2022-08-18 21:45:53.557] [exthost] [warning] [Decorations] CAPPING events from decorations provider vscode.git 8037
[2022-08-18 21:45:58.728] [exthost] [warning] [Decorations] CAPPING events from decorations provider vscode.git 8037
[2022-08-18 21:46:03.903] [exthost] [warning] [Decorations] CAPPING events from decorations provider vscode.git 8037
[2022-08-18 21:46:09.249] [exthost] [warning] [Decorations] CAPPING events from decorations provider vscode.git 8038
[2022-08-18 21:46:17.234] [exthost] [warning] [Decorations] CAPPING events from decorations provider vscode.git 8039
[2022-08-18 21:46:22.426] [exthost] [warning] [Decorations] CAPPING events from decorations provider vscode.git 8039
[2022-08-18 21:46:28.316] [exthost] [warning] [Decorations] CAPPING events from decorations provider vscode.git 8038
[2022-08-18 21:46:33.612] [exthost] [warning] [Decorations] CAPPING events from decorations provider vscode.git 8038
[2022-08-18 21:46:38.796] [exthost] [warning] [Decorations] CAPPING events from decorations provider vscode.git 8038
[2022-08-18 21:46:45.081] [exthost] [warning] [Decorations] CAPPING events from decorations provider vscode.git 8038
[2022-08-18 21:46:50.288] [exthost] [warning] [Decorations] CAPPING events from decorations provider vscode.git 8038
[2022-08-18 21:46:55.485] [exthost] [warning] [Decorations] CAPPING events from decorations provider vscode.git 8039
[2022-08-18 21:47:00.684] [exthost] [warning] [Decorations] CAPPING events from decorations provider vscode.git 8038
[2022-08-18 21:47:05.908] [exthost] [warning] [Decorations] CAPPING events from decorations provider vscode.git 8038
[2022-08-18 21:47:11.100] [exthost] [warning] [Decorations] CAPPING events from decorations provider vscode.git 8038
[2022-08-18 21:47:16.285] [exthost] [warning] [Decorations] CAPPING events from decorations provider vscode.git 8038
[2022-08-18 21:47:21.443] [exthost] [warning] [Decorations] CAPPING events from decorations provider vscode.git 8038
[2022-08-18 21:47:26.687] [exthost] [warning] [Decorations] CAPPING events from decorations provider vscode.git 8038
[2022-08-18 21:47:31.899] [exthost] [warning] [Decorations] CAPPING events from decorations provider vscode.git 8038
[2022-08-18 21:47:37.230] [exthost] [warning] [Decorations] CAPPING events from decorations provider vscode.git 8039
[2022-08-18 21:47:45.695] [exthost] [warning] [Decorations] CAPPING events from decorations provider vscode.git 8039
[2022-08-18 21:47:50.875] [exthost] [warning] [Decorations] CAPPING events from decorations provider vscode.git 8039
[2022-08-18 21:47:56.122] [exthost] [warning] [Decorations] CAPPING events from decorations provider vscode.git 8039
[2022-08-18 21:48:01.343] [exthost] [warning] [Decorations] CAPPING events from decorations provider vscode.git 8039
[2022-08-18 21:48:06.511] [exthost] [warning] [Decorations] CAPPING events from decorations provider vscode.git 8039
[2022-08-18 21:48:11.693] [exthost] [warning] [Decorations] CAPPING events from decorations provider vscode.git 8039
[2022-08-18 21:48:16.938] [exthost] [warning] [Decorations] CAPPING events from decorations provider vscode.git 8039
[2022-08-18 21:48:22.168] [exthost] [warning] [Decorations] CAPPING events from decorations provider vscode.git 8040
[2022-08-18 21:48:27.388] [exthost] [warning] [Decorations] CAPPING events from decorations provider vscode.git 8039
[2022-08-18 21:48:32.546] [exthost] [warning] [Decorations] CAPPING events from decorations provider vscode.git 8039
[2022-08-18 21:48:37.711] [exthost] [warning] [Decorations] CAPPING events from decorations provider vscode.git 8039
[2022-08-18 21:48:42.879] [exthost] [warning] [Decorations] CAPPING events from decorations provider vscode.git 8039
[2022-08-18 21:48:48.053] [exthost] [warning] [Decorations] CAPPING events from decorations provider vscode.git 8039
[2022-08-18 21:48:53.250] [exthost] [warning] [Decorations] CAPPING events from decorations provider vscode.git 8040
[2022-08-18 21:48:58.452] [exthost] [warning] [Decorations] CAPPING events from decorations provider vscode.git 8040
[2022-08-18 21:49:03.620] [exthost] [warning] [Decorations] CAPPING events from decorations provider vscode.git 8040
[2022-08-18 21:49:08.770] [exthost] [warning] [Decorations] CAPPING events from decorations provider vscode.git 8040
[2022-08-18 21:49:13.945] [exthost] [warning] [Decorations] CAPPING events from decorations provider vscode.git 8040
[2022-08-18 21:49:19.123] [exthost] [warning] [Decorations] CAPPING events from decorations provider vscode.git 8040
[2022-08-18 21:49:24.295] [exthost] [warning] [Decorations] CAPPING events from decorations provider vscode.git 8040
[2022-08-18 21:49:29.492] [exthost] [warning] [Decorations] CAPPING events from decorations provider vscode.git 8040
[2022-08-18 21:49:34.658] [exthost] [warning] [Decorations] CAPPING events from decorations provider vscode.git 8040
[2022-08-18 21:49:39.851] [exthost] [warning] [Decorations] CAPPING events from decorations provider vscode.git 8040
[2022-08-18 21:49:45.009] [exthost] [warning] [Decorations] CAPPING events from decorations provider vscode.git 8040
[2022-08-18 21:49:50.174] [exthost] [warning] [Decorations] CAPPING events from decorations provider vscode.git 8040
[2022-08-18 21:49:55.395] [exthost] [warning] [Decorations] CAPPING events from decorations provider vscode.git 8040
[2022-08-18 21:50:00.716] [exthost] [warning] [Decorations] CAPPING events from decorations provider vscode.git 8040
[2022-08-18 21:50:05.883] [exthost] [warning] [Decorations] CAPPING events from decorations provider vscode.git 8040
[2022-08-18 21:50:11.047] [exthost] [warning] [Decorations] CAPPING events from decorations provider vscode.git 8040
[2022-08-18 21:50:16.229] [exthost] [warning] [Decorations] CAPPING events from decorations provider vscode.git 8040
[2022-08-18 21:50:21.457] [exthost] [warning] [Decorations] CAPPING events from decorations provider vscode.git 8040
[2022-08-18 21:50:26.679] [exthost] [warning] [Decorations] CAPPING events from decorations provider vscode.git 8040
[2022-08-18 21:50:31.915] [exthost] [warning] [Decorations] CAPPING events from decorations provider vscode.git 8040
[2022-08-18 21:50:37.111] [exthost] [warning] [Decorations] CAPPING events from decorations provider vscode.git 8040
[2022-08-18 21:50:42.301] [exthost] [warning] [Decorations] CAPPING events from decorations provider vscode.git 8040
[2022-08-18 21:50:47.527] [exthost] [warning] [Decorations] CAPPING events from decorations provider vscode.git 8040
[2022-08-18 21:50:52.730] [exthost] [warning] [Decorations] CAPPING events from decorations provider vscode.git 8040
[2022-08-18 21:50:57.933] [exthost] [warning] [Decorations] CAPPING events from decorations provider vscode.git 8040
[2022-08-18 21:51:03.177] [exthost] [warning] [Decorations] CAPPING events from decorations provider vscode.git 8041
[2022-08-18 21:51:08.418] [exthost] [warning] [Decorations] CAPPING events from decorations provider vscode.git 8041
[2022-08-18 21:51:13.653] [exthost] [warning] [Decorations] CAPPING events from decorations provider vscode.git 8043
[2022-08-18 21:51:21.382] [exthost] [warning] [Decorations] CAPPING events from decorations provider vscode.git 8043
[2022-08-18 21:51:28.627] [exthost] [warning] [Decorations] CAPPING events from decorations provider vscode.git 8044
[2022-08-18 21:51:33.875] [exthost] [warning] [Decorations] CAPPING events from decorations provider vscode.git 8041
[2022-08-18 21:51:39.077] [exthost] [warning] [Decorations] CAPPING events from decorations provider vscode.git 8041
[2022-08-18 21:51:44.287] [exthost] [warning] [Decorations] CAPPING events from decorations provider vscode.git 8041
[2022-08-18 21:51:49.525] [exthost] [warning] [Decorations] CAPPING events from decorations provider vscode.git 8041
[2022-08-18 21:51:54.720] [exthost] [warning] [Decorations] CAPPING events from decorations provider vscode.git 8041
[2022-08-18 21:51:59.928] [exthost] [warning] [Decorations] CAPPING events from decorations provider vscode.git 8041
[2022-08-18 21:52:05.150] [exthost] [warning] [Decorations] CAPPING events from decorations provider vscode.git 8041
[2022-08-18 21:52:10.344] [exthost] [warning] [Decorations] CAPPING events from decorations provider vscode.git 8041
[2022-08-18 21:52:15.835] [exthost] [warning] [Decorations] CAPPING events from decorations provider vscode.git 8042
[2022-08-18 21:52:21.072] [exthost] [warning] [Decorations] CAPPING events from decorations provider vscode.git 8042
[2022-08-18 21:52:26.257] [exthost] [warning] [Decorations] CAPPING events from decorations provider vscode.git 8042
[2022-08-18 21:52:31.490] [exthost] [warning] [Decorations] CAPPING events from decorations provider vscode.git 8041
[2022-08-18 21:52:36.673] [exthost] [warning] [Decorations] CAPPING events from decorations provider vscode.git 8041
[2022-08-18 21:52:41.957] [exthost] [warning] [Decorations] CAPPING events from decorations provider vscode.git 8041
[2022-08-18 21:52:47.203] [exthost] [warning] [Decorations] CAPPING events from decorations provider vscode.git 8041
[2022-08-18 21:52:52.895] [exthost] [warning] [Decorations] CAPPING events from decorations provider vscode.git 8042
[2022-08-18 21:52:58.122] [exthost] [warning] [Decorations] CAPPING events from decorations provider vscode.git 8042
[2022-08-18 21:53:03.366] [exthost] [warning] [Decorations] CAPPING events from decorations provider vscode.git 8042
[2022-08-18 21:53:08.737] [exthost] [warning] [Decorations] CAPPING events from decorations provider vscode.git 8041
[2022-08-18 21:53:16.567] [exthost] [warning] [Decorations] CAPPING events from decorations provider vscode.git 8041
[2022-08-18 21:53:21.802] [exthost] [warning] [Decorations] CAPPING events from decorations provider vscode.git 8041
[2022-08-18 21:53:27.109] [exthost] [warning] [Decorations] CAPPING events from decorations provider vscode.git 8041
[2022-08-18 21:53:35.032] [exthost] [warning] [Decorations] CAPPING events from decorations provider vscode.git 8042
[2022-08-18 21:53:40.270] [exthost] [warning] [Decorations] CAPPING events from decorations provider vscode.git 8042
[2022-08-18 21:53:45.466] [exthost] [warning] [Decorations] CAPPING events from decorations provider vscode.git 8043
[2022-08-18 21:53:50.685] [exthost] [warning] [Decorations] CAPPING events from decorations provider vscode.git 8042
[2022-08-18 21:53:55.922] [exthost] [warning] [Decorations] CAPPING events from decorations provider vscode.git 8042
[2022-08-18 21:54:01.180] [exthost] [warning] [Decorations] CAPPING events from decorations provider vscode.git 8043
[2022-08-18 21:54:06.490] [exthost] [warning] [Decorations] CAPPING events from decorations provider vscode.git 8044
[2022-08-18 21:54:11.678] [exthost] [warning] [Decorations] CAPPING events from decorations provider vscode.git 8043
[2022-08-18 21:54:16.885] [exthost] [warning] [Decorations] CAPPING events from decorations provider vscode.git 8043
[2022-08-18 21:54:22.063] [exthost] [warning] [Decorations] CAPPING events from decorations provider vscode.git 8043
[2022-08-18 21:54:30.967] [exthost] [warning] [Decorations] CAPPING events from decorations provider vscode.git 8043
[2022-08-18 21:54:36.202] [exthost] [warning] [Decorations] CAPPING events from decorations provider vscode.git 8044
[2022-08-18 21:54:41.441] [exthost] [warning] [Decorations] CAPPING events from decorations provider vscode.git 8044
[2022-08-18 21:54:46.712] [exthost] [warning] [Decorations] CAPPING events from decorations provider vscode.git 8044
[2022-08-18 21:54:51.922] [exthost] [warning] [Decorations] CAPPING events from decorations provider vscode.git 8045
[2022-08-18 21:54:57.182] [exthost] [warning] [Decorations] CAPPING events from decorations provider vscode.git 8045
[2022-08-18 21:55:02.707] [exthost] [warning] [Decorations] CAPPING events from decorations provider vscode.git 8045
[2022-08-18 21:55:07.927] [exthost] [warning] [Decorations] CAPPING events from decorations provider vscode.git 8045
[2022-08-18 21:55:13.134] [exthost] [warning] [Decorations] CAPPING events from decorations provider vscode.git 8045
[2022-08-18 21:55:18.368] [exthost] [warning] [Decorations] CAPPING events from decorations provider vscode.git 8045
[2022-08-18 21:55:23.671] [exthost] [warning] [Decorations] CAPPING events from decorations provider vscode.git 8045
[2022-08-18 21:55:28.838] [exthost] [warning] [Decorations] CAPPING events from decorations provider vscode.git 8045
[2022-08-18 21:55:34.064] [exthost] [warning] [Decorations] CAPPING events from decorations provider vscode.git 8045
[2022-08-18 21:55:39.263] [exthost] [warning] [Decorations] CAPPING events from decorations provider vscode.git 8045
[2022-08-18 21:55:44.469] [exthost] [warning] [Decorations] CAPPING events from decorations provider vscode.git 8046
[2022-08-18 21:55:49.703] [exthost] [warning] [Decorations] CAPPING events from decorations provider vscode.git 8045
[2022-08-18 21:55:54.896] [exthost] [warning] [Decorations] CAPPING events from decorations provider vscode.git 8045
[2022-08-18 21:56:00.197] [exthost] [warning] [Decorations] CAPPING events from decorations provider vscode.git 8046
[2022-08-18 21:56:05.447] [exthost] [warning] [Decorations] CAPPING events from decorations provider vscode.git 8047
[2022-08-18 21:56:10.698] [exthost] [warning] [Decorations] CAPPING events from decorations provider vscode.git 8047
[2022-08-18 21:56:15.960] [exthost] [warning] [Decorations] CAPPING events from decorations provider vscode.git 8047
[2022-08-18 21:56:21.164] [exthost] [warning] [Decorations] CAPPING events from decorations provider vscode.git 8047
[2022-08-18 21:56:26.459] [exthost] [warning] [Decorations] CAPPING events from decorations provider vscode.git 8046
[2022-08-18 21:56:31.726] [exthost] [warning] [Decorations] CAPPING events from decorations provider vscode.git 8046
[2022-08-18 21:56:37.308] [exthost] [warning] [Decorations] CAPPING events from decorations provider vscode.git 8046
[2022-08-18 21:56:42.552] [exthost] [warning] [Decorations] CAPPING events from decorations provider vscode.git 8046
[2022-08-18 21:56:47.756] [exthost] [warning] [Decorations] CAPPING events from decorations provider vscode.git 8046
[2022-08-18 21:56:52.983] [exthost] [warning] [Decorations] CAPPING events from decorations provider vscode.git 8046
[2022-08-18 21:56:58.228] [exthost] [warning] [Decorations] CAPPING events from decorations provider vscode.git 8046
[2022-08-18 21:57:03.490] [exthost] [warning] [Decorations] CAPPING events from decorations provider vscode.git 8047
[2022-08-18 21:57:08.707] [exthost] [warning] [Decorations] CAPPING events from decorations provider vscode.git 8047
[2022-08-18 21:57:13.942] [exthost] [warning] [Decorations] CAPPING events from decorations provider vscode.git 8048
[2022-08-18 21:57:19.165] [exthost] [warning] [Decorations] CAPPING events from decorations provider vscode.git 8047
[2022-08-18 21:57:24.362] [exthost] [warning] [Decorations] CAPPING events from decorations provider vscode.git 8047
[2022-08-18 21:57:29.599] [exthost] [warning] [Decorations] CAPPING events from decorations provider vscode.git 8047
[2022-08-18 21:57:34.797] [exthost] [warning] [Decorations] CAPPING events from decorations provider vscode.git 8047
[2022-08-18 21:57:40.039] [exthost] [warning] [Decorations] CAPPING events from decorations provider vscode.git 8047
[2022-08-18 21:57:45.252] [exthost] [warning] [Decorations] CAPPING events from decorations provider vscode.git 8047
[2022-08-18 21:57:50.446] [exthost] [warning] [Decorations] CAPPING events from decorations provider vscode.git 8047
[2022-08-18 21:57:55.649] [exthost] [warning] [Decorations] CAPPING events from decorations provider vscode.git 8047
[2022-08-18 21:58:00.928] [exthost] [warning] [Decorations] CAPPING events from decorations provider vscode.git 8047
[2022-08-18 21:58:06.159] [exthost] [warning] [Decorations] CAPPING events from decorations provider vscode.git 8047
[2022-08-18 21:58:11.411] [exthost] [warning] [Decorations] CAPPING events from decorations provider vscode.git 8047
[2022-08-18 21:58:16.710] [exthost] [warning] [Decorations] CAPPING events from decorations provider vscode.git 8047
[2022-08-18 21:58:22.007] [exthost] [warning] [Decorations] CAPPING events from decorations provider vscode.git 8047
[2022-08-18 21:58:27.206] [exthost] [warning] [Decorations] CAPPING events from decorations provider vscode.git 8047
[2022-08-18 21:58:32.428] [exthost] [warning] [Decorations] CAPPING events from decorations provider vscode.git 8047
[2022-08-18 21:58:37.799] [exthost] [warning] [Decorations] CAPPING events from decorations provider vscode.git 8047
[2022-08-18 21:58:45.679] [exthost] [warning] [Decorations] CAPPING events from decorations provider vscode.git 8047
[2022-08-18 21:58:50.938] [exthost] [warning] [Decorations] CAPPING events from decorations provider vscode.git 8047
[2022-08-18 21:58:56.163] [exthost] [warning] [Decorations] CAPPING events from decorations provider vscode.git 8047
[2022-08-18 21:59:01.449] [exthost] [warning] [Decorations] CAPPING events from decorations provider vscode.git 8047
[2022-08-18 21:59:06.745] [exthost] [warning] [Decorations] CAPPING events from decorations provider vscode.git 8047
[2022-08-18 21:59:12.022] [exthost] [warning] [Decorations] CAPPING events from decorations provider vscode.git 8047
[2022-08-18 21:59:17.245] [exthost] [warning] [Decorations] CAPPING events from decorations provider vscode.git 8047
[2022-08-18 21:59:22.531] [exthost] [warning] [Decorations] CAPPING events from decorations provider vscode.git 8048
[2022-08-18 21:59:27.772] [exthost] [warning] [Decorations] CAPPING events from decorations provider vscode.git 8048
[2022-08-18 21:59:32.994] [exthost] [warning] [Decorations] CAPPING events from decorations provider vscode.git 8048
[2022-08-18 21:59:38.210] [exthost] [warning] [Decorations] CAPPING events from decorations provider vscode.git 8048
[2022-08-18 21:59:43.424] [exthost] [warning] [Decorations] CAPPING events from decorations provider vscode.git 8048
[2022-08-18 21:59:48.706] [exthost] [warning] [Decorations] CAPPING events from decorations provider vscode.git 8048
[2022-08-18 21:59:54.491] [exthost] [warning] [Decorations] CAPPING events from decorations provider vscode.git 8048
[2022-08-18 21:59:59.791] [exthost] [warning] [Decorations] CAPPING events from decorations provider vscode.git 8048
[2022-08-18 22:00:05.069] [exthost] [warning] [Decorations] CAPPING events from decorations provider vscode.git 8048
[2022-08-18 22:00:10.276] [exthost] [warning] [Decorations] CAPPING events from decorations provider vscode.git 8048
[2022-08-18 22:00:15.544] [exthost] [warning] [Decorations] CAPPING events from decorations provider vscode.git 8048
[2022-08-18 22:00:20.774] [exthost] [warning] [Decorations] CAPPING events from decorations provider vscode.git 8048
[2022-08-18 22:00:26.061] [exthost] [warning] [Decorations] CAPPING events from decorations provider vscode.git 8048
[2022-08-18 22:00:34.203] [exthost] [warning] [Decorations] CAPPING events from decorations provider vscode.git 8049
[2022-08-18 22:00:39.465] [exthost] [warning] [Decorations] CAPPING events from decorations provider vscode.git 8048
[2022-08-18 22:00:44.783] [exthost] [warning] [Decorations] CAPPING events from decorations provider vscode.git 8048
[2022-08-18 22:00:50.016] [exthost] [warning] [Decorations] CAPPING events from decorations provider vscode.git 8048
[2022-08-18 22:00:55.263] [exthost] [warning] [Decorations] CAPPING events from decorations provider vscode.git 8048
[2022-08-18 22:01:00.502] [exthost] [warning] [Decorations] CAPPING events from decorations provider vscode.git 8048
[2022-08-18 22:01:05.680] [exthost] [warning] [Decorations] CAPPING events from decorations provider vscode.git 8048
[2022-08-18 22:01:10.915] [exthost] [warning] [Decorations] CAPPING events from decorations provider vscode.git 8049
[2022-08-18 22:01:16.120] [exthost] [warning] [Decorations] CAPPING events from decorations provider vscode.git 8049
[2022-08-18 22:01:21.443] [exthost] [warning] [Decorations] CAPPING events from decorations provider vscode.git 8049
[2022-08-18 22:01:26.673] [exthost] [warning] [Decorations] CAPPING events from decorations provider vscode.git 8048
[2022-08-18 22:01:31.927] [exthost] [warning] [Decorations] CAPPING events from decorations provider vscode.git 8048
[2022-08-18 22:01:37.192] [exthost] [warning] [Decorations] CAPPING events from decorations provider vscode.git 8048
[2022-08-18 22:01:42.440] [exthost] [warning] [Decorations] CAPPING events from decorations provider vscode.git 8049
[2022-08-18 22:01:47.663] [exthost] [warning] [Decorations] CAPPING events from decorations provider vscode.git 8049
[2022-08-18 22:01:52.888] [exthost] [warning] [Decorations] CAPPING events from decorations provider vscode.git 8049
[2022-08-18 22:01:58.110] [exthost] [warning] [Decorations] CAPPING events from decorations provider vscode.git 8049
[2022-08-18 22:02:03.290] [exthost] [warning] [Decorations] CAPPING events from decorations provider vscode.git 8049
[2022-08-18 22:02:08.510] [exthost] [warning] [Decorations] CAPPING events from decorations provider vscode.git 8049
[2022-08-18 22:02:13.815] [exthost] [warning] [Decorations] CAPPING events from decorations provider vscode.git 8049
[2022-08-18 22:02:19.063] [exthost] [warning] [Decorations] CAPPING events from decorations provider vscode.git 8049
[2022-08-18 22:02:24.252] [exthost] [warning] [Decorations] CAPPING events from decorations provider vscode.git 8049
[2022-08-18 22:02:29.521] [exthost] [warning] [Decorations] CAPPING events from decorations provider vscode.git 8049
[2022-08-18 22:02:37.193] [exthost] [warning] [Decorations] CAPPING events from decorations provider vscode.git 8049
[2022-08-18 22:02:42.385] [exthost] [warning] [Decorations] CAPPING events from decorations provider vscode.git 8049
[2022-08-18 22:02:47.608] [exthost] [warning] [Decorations] CAPPING events from decorations provider vscode.git 8049
[2022-08-18 22:02:52.918] [exthost] [warning] [Decorations] CAPPING events from decorations provider vscode.git 8049
[2022-08-18 22:03:00.939] [exthost] [warning] [Decorations] CAPPING events from decorations provider vscode.git 8049
[2022-08-18 22:03:06.168] [exthost] [warning] [Decorations] CAPPING events from decorations provider vscode.git 8049
[2022-08-18 22:03:11.488] [exthost] [warning] [Decorations] CAPPING events from decorations provider vscode.git 8049
[2022-08-18 22:03:16.681] [exthost] [warning] [Decorations] CAPPING events from decorations provider vscode.git 8049
[2022-08-18 22:03:21.880] [exthost] [warning] [Decorations] CAPPING events from decorations provider vscode.git 8049
[2022-08-18 22:03:27.126] [exthost] [warning] [Decorations] CAPPING events from decorations provider vscode.git 8049
[2022-08-18 22:03:32.409] [exthost] [warning] [Decorations] CAPPING events from decorations provider vscode.git 8049
[2022-08-18 22:03:37.733] [exthost] [warning] [Decorations] CAPPING events from decorations provider vscode.git 8050
[2022-08-18 22:03:42.917] [exthost] [warning] [Decorations] CAPPING events from decorations provider vscode.git 8049
[2022-08-18 22:03:48.156] [exthost] [warning] [Decorations] CAPPING events from decorations provider vscode.git 8049
[2022-08-18 22:03:53.404] [exthost] [warning] [Decorations] CAPPING events from decorations provider vscode.git 8050
[2022-08-18 22:03:58.677] [exthost] [warning] [Decorations] CAPPING events from decorations provider vscode.git 8050
[2022-08-18 22:04:03.944] [exthost] [warning] [Decorations] CAPPING events from decorations provider vscode.git 8050
[2022-08-18 22:04:09.134] [exthost] [warning] [Decorations] CAPPING events from decorations provider vscode.git 8050
[2022-08-18 22:04:14.908] [exthost] [warning] [Decorations] CAPPING events from decorations provider vscode.git 8050
[2022-08-18 22:04:20.213] [exthost] [warning] [Decorations] CAPPING events from decorations provider vscode.git 8051
[2022-08-18 22:04:27.866] [exthost] [warning] [Decorations] CAPPING events from decorations provider vscode.git 8050
[2022-08-18 22:04:33.142] [exthost] [warning] [Decorations] CAPPING events from decorations provider vscode.git 8050
[2022-08-18 22:04:38.384] [exthost] [warning] [Decorations] CAPPING events from decorations provider vscode.git 8050
[2022-08-18 22:04:43.582] [exthost] [warning] [Decorations] CAPPING events from decorations provider vscode.git 8050
[2022-08-18 22:04:48.795] [exthost] [warning] [Decorations] CAPPING events from decorations provider vscode.git 8050
[2022-08-18 22:04:56.543] [exthost] [warning] [Decorations] CAPPING events from decorations provider vscode.git 8050
[2022-08-18 22:05:01.783] [exthost] [warning] [Decorations] CAPPING events from decorations provider vscode.git 8050
[2022-08-18 22:05:07.023] [exthost] [warning] [Decorations] CAPPING events from decorations provider vscode.git 8050
[2022-08-18 22:05:12.293] [exthost] [warning] [Decorations] CAPPING events from decorations provider vscode.git 8050
[2022-08-18 22:06:11.008] [exthost] [warning] [Decorations] CAPPING events from decorations provider vscode.git 8053
[2022-08-18 22:06:20.187] [exthost] [warning] [Decorations] CAPPING events from decorations provider vscode.git 8053
[2022-08-18 22:06:25.400] [exthost] [warning] [Decorations] CAPPING events from decorations provider vscode.git 8053
[2022-08-18 22:06:30.662] [exthost] [warning] [Decorations] CAPPING events from decorations provider vscode.git 8051
[2022-08-18 22:06:35.907] [exthost] [warning] [Decorations] CAPPING events from decorations provider vscode.git 8051
[2022-08-18 22:06:41.127] [exthost] [warning] [Decorations] CAPPING events from decorations provider vscode.git 8051
[2022-08-18 22:06:46.327] [exthost] [warning] [Decorations] CAPPING events from decorations provider vscode.git 8051
[2022-08-18 22:06:51.522] [exthost] [warning] [Decorations] CAPPING events from decorations provider vscode.git 8051
[2022-08-18 22:06:56.792] [exthost] [warning] [Decorations] CAPPING events from decorations provider vscode.git 8051
[2022-08-18 22:07:02.060] [exthost] [warning] [Decorations] CAPPING events from decorations provider vscode.git 8051
[2022-08-18 22:07:07.261] [exthost] [warning] [Decorations] CAPPING events from decorations provider vscode.git 8051
[2022-08-18 22:07:12.476] [exthost] [warning] [Decorations] CAPPING events from decorations provider vscode.git 8051
[2022-08-18 22:07:17.696] [exthost] [warning] [Decorations] CAPPING events from decorations provider vscode.git 8051
[2022-08-18 22:07:22.930] [exthost] [warning] [Decorations] CAPPING events from decorations provider vscode.git 8051
[2022-08-18 22:07:28.157] [exthost] [warning] [Decorations] CAPPING events from decorations provider vscode.git 8051
[2022-08-18 22:07:33.366] [exthost] [warning] [Decorations] CAPPING events from decorations provider vscode.git 8051
[2022-08-18 22:07:38.566] [exthost] [warning] [Decorations] CAPPING events from decorations provider vscode.git 8051
[2022-08-18 22:07:43.759] [exthost] [warning] [Decorations] CAPPING events from decorations provider vscode.git 8051
[2022-08-18 22:07:48.987] [exthost] [warning] [Decorations] CAPPING events from decorations provider vscode.git 8051
[2022-08-18 22:07:54.182] [exthost] [warning] [Decorations] CAPPING events from decorations provider vscode.git 8051
