[2022-08-18 18:46:50.332] [exthost] [info] Extension host with pid 2036 started
[2022-08-18 18:46:50.332] [exthost] [info] Skipping acquiring lock for /home/katherinesanchez/.config/Code/User/workspaceStorage/8ee62fecb78d389cea180eb8511aa44c.
[2022-08-18 18:46:51.082] [exthost] [info] ExtensionService#_doActivateExtension vscode.typescript-language-features, startup: false, activationEvent: 'onLanguage:javascript'
[2022-08-18 18:46:51.117] [exthost] [info] ExtensionService#_doActivateExtension vscode.microsoft-authentication, startup: false, activationEvent: 'onAuthenticationRequest:microsoft'
[2022-08-18 18:46:51.200] [exthost] [info] ExtensionService#_doActivateExtension vscode.debug-auto-launch, startup: true, activationEvent: '*'
[2022-08-18 18:46:51.236] [exthost] [info] ExtensionService#_doActivateExtension vscode.git-base, startup: true, activationEvent: '*', root cause: vscode.git
[2022-08-18 18:46:51.249] [exthost] [info] ExtensionService#_doActivateExtension vscode.ipynb, startup: true, activationEvent: '*'
[2022-08-18 18:46:52.423] [exthost] [info] ExtensionService#_doActivateExtension vscode.git, startup: true, activationEvent: '*'
[2022-08-18 18:46:52.623] [exthost] [info] ExtensionService#_doActivateExtension vscode.github, startup: true, activationEvent: '*'
[2022-08-18 18:46:53.307] [exthost] [info] Eager extensions activated
[2022-08-18 18:46:53.454] [exthost] [info] ExtensionService#_doActivateExtension vscode.emmet, startup: false, activationEvent: 'onStartupFinished'
[2022-08-18 18:46:53.483] [exthost] [info] ExtensionService#_doActivateExtension vscode.merge-conflict, startup: false, activationEvent: 'onStartupFinished'
[2022-08-18 18:46:53.502] [exthost] [info] ExtensionService#_doActivateExtension equinusocio.vsc-material-theme-icons, startup: false, activationEvent: 'onStartupFinished'
[2022-08-18 18:46:55.392] [exthost] [warning] [Decorations] CAPPING events from decorations provider vscode.git 7669
[2022-08-18 18:47:02.827] [exthost] [warning] [Decorations] CAPPING events from decorations provider vscode.git 7672
[2022-08-18 18:47:02.907] [exthost] [info] ExtensionService#_doActivateExtension vscode.github-authentication, startup: false, activationEvent: 'onAuthenticationRequest:github'
[2022-08-18 18:47:09.541] [exthost] [warning] [Decorations] CAPPING events from decorations provider vscode.git 7670
[2022-08-18 18:47:15.273] [exthost] [warning] [Decorations] CAPPING events from decorations provider vscode.git 7675
[2022-08-18 18:47:26.342] [exthost] [warning] [Decorations] CAPPING events from decorations provider vscode.git 7675
[2022-08-18 18:47:34.894] [exthost] [warning] [Decorations] CAPPING events from decorations provider vscode.git 7675
[2022-08-18 18:47:40.046] [exthost] [warning] [Decorations] CAPPING events from decorations provider vscode.git 7675
[2022-08-18 18:47:45.230] [exthost] [warning] [Decorations] CAPPING events from decorations provider vscode.git 7675
[2022-08-18 18:47:50.396] [exthost] [warning] [Decorations] CAPPING events from decorations provider vscode.git 7675
[2022-08-18 18:47:55.613] [exthost] [warning] [Decorations] CAPPING events from decorations provider vscode.git 7675
[2022-08-18 18:48:04.612] [exthost] [warning] [Decorations] CAPPING events from decorations provider vscode.git 7675
[2022-08-18 18:48:09.809] [exthost] [warning] [Decorations] CAPPING events from decorations provider vscode.git 7675
[2022-08-18 18:48:14.958] [exthost] [warning] [Decorations] CAPPING events from decorations provider vscode.git 7675
[2022-08-18 18:48:20.095] [exthost] [warning] [Decorations] CAPPING events from decorations provider vscode.git 7675
[2022-08-18 18:48:25.254] [exthost] [warning] [Decorations] CAPPING events from decorations provider vscode.git 7675
[2022-08-18 18:48:30.384] [exthost] [warning] [Decorations] CAPPING events from decorations provider vscode.git 7676
[2022-08-18 18:48:35.529] [exthost] [warning] [Decorations] CAPPING events from decorations provider vscode.git 7675
[2022-08-18 18:48:40.671] [exthost] [warning] [Decorations] CAPPING events from decorations provider vscode.git 7675
[2022-08-18 18:48:45.954] [exthost] [warning] [Decorations] CAPPING events from decorations provider vscode.git 7675
[2022-08-18 18:48:53.628] [exthost] [warning] [Decorations] CAPPING events from decorations provider vscode.git 7675
[2022-08-18 18:48:58.800] [exthost] [warning] [Decorations] CAPPING events from decorations provider vscode.git 7675
[2022-08-18 18:49:03.966] [exthost] [warning] [Decorations] CAPPING events from decorations provider vscode.git 7675
[2022-08-18 18:49:09.135] [exthost] [warning] [Decorations] CAPPING events from decorations provider vscode.git 7675
[2022-08-18 18:49:14.289] [exthost] [warning] [Decorations] CAPPING events from decorations provider vscode.git 7675
[2022-08-18 18:49:19.457] [exthost] [warning] [Decorations] CAPPING events from decorations provider vscode.git 7675
[2022-08-18 18:49:24.604] [exthost] [warning] [Decorations] CAPPING events from decorations provider vscode.git 7675
[2022-08-18 18:49:29.745] [exthost] [warning] [Decorations] CAPPING events from decorations provider vscode.git 7675
[2022-08-18 18:49:34.975] [exthost] [warning] [Decorations] CAPPING events from decorations provider vscode.git 7675
[2022-08-18 18:49:40.167] [exthost] [warning] [Decorations] CAPPING events from decorations provider vscode.git 7675
[2022-08-18 18:49:45.318] [exthost] [warning] [Decorations] CAPPING events from decorations provider vscode.git 7675
[2022-08-18 18:49:50.449] [exthost] [warning] [Decorations] CAPPING events from decorations provider vscode.git 7675
[2022-08-18 18:49:55.582] [exthost] [warning] [Decorations] CAPPING events from decorations provider vscode.git 7675
[2022-08-18 18:50:00.753] [exthost] [warning] [Decorations] CAPPING events from decorations provider vscode.git 7675
[2022-08-18 18:50:05.905] [exthost] [warning] [Decorations] CAPPING events from decorations provider vscode.git 7675
[2022-08-18 18:50:11.051] [exthost] [warning] [Decorations] CAPPING events from decorations provider vscode.git 7675
[2022-08-18 18:50:16.213] [exthost] [warning] [Decorations] CAPPING events from decorations provider vscode.git 7675
[2022-08-18 18:50:21.361] [exthost] [warning] [Decorations] CAPPING events from decorations provider vscode.git 7675
[2022-08-18 18:50:26.509] [exthost] [warning] [Decorations] CAPPING events from decorations provider vscode.git 7675
[2022-08-18 18:50:31.647] [exthost] [warning] [Decorations] CAPPING events from decorations provider vscode.git 7675
[2022-08-18 18:50:36.783] [exthost] [warning] [Decorations] CAPPING events from decorations provider vscode.git 7675
[2022-08-18 18:50:42.003] [exthost] [warning] [Decorations] CAPPING events from decorations provider vscode.git 7675
[2022-08-18 18:50:47.149] [exthost] [warning] [Decorations] CAPPING events from decorations provider vscode.git 7675
[2022-08-18 18:51:59.078] [exthost] [warning] [Decorations] CAPPING events from decorations provider vscode.git 7675
[2022-08-18 18:52:08.478] [exthost] [warning] [Decorations] CAPPING events from decorations provider vscode.git 7675
[2022-08-18 18:52:13.836] [exthost] [warning] [Decorations] CAPPING events from decorations provider vscode.git 7675
[2022-08-18 18:52:22.418] [exthost] [warning] [Decorations] CAPPING events from decorations provider vscode.git 7675
[2022-08-18 20:23:31.342] [exthost] [warning] [Decorations] CAPPING events from decorations provider vscode.git 7703
[2022-08-18 20:23:34.096] [exthost] [info] Extension host terminating: received terminate message from renderer
[2022-08-18 20:23:34.125] [exthost] [info] Extension host with pid 2036 exiting with code 0
