[2022-08-19 23:42:33.949] [exthost] [info] Extension host with pid 4611 started
[2022-08-19 23:42:33.950] [exthost] [info] Skipping acquiring lock for /home/katherinesanchez/.config/Code/User/workspaceStorage/9827fd62ae50f926e362ee73104caa75.
[2022-08-19 23:42:34.454] [exthost] [info] ExtensionService#_doActivateExtension vscode.typescript-language-features, startup: false, activationEvent: 'onLanguage:javascript'
[2022-08-19 23:42:34.481] [exthost] [info] ExtensionService#_doActivateExtension vscode.microsoft-authentication, startup: false, activationEvent: 'onAuthenticationRequest:microsoft'
[2022-08-19 23:42:34.549] [exthost] [info] ExtensionService#_doActivateExtension vscode.debug-auto-launch, startup: true, activationEvent: '*'
[2022-08-19 23:42:34.560] [exthost] [info] ExtensionService#_doActivateExtension vscode.git-base, startup: true, activationEvent: '*', root cause: vscode.git
[2022-08-19 23:42:34.564] [exthost] [info] ExtensionService#_doActivateExtension vscode.ipynb, startup: true, activationEvent: '*'
[2022-08-19 23:42:35.601] [exthost] [info] ExtensionService#_doActivateExtension vscode.git, startup: true, activationEvent: '*'
[2022-08-19 23:42:35.709] [exthost] [info] ExtensionService#_doActivateExtension vscode.github, startup: true, activationEvent: '*'
[2022-08-19 23:42:36.395] [exthost] [info] Eager extensions activated
[2022-08-19 23:42:37.015] [exthost] [info] ExtensionService#_doActivateExtension vscode.emmet, startup: false, activationEvent: 'onStartupFinished'
[2022-08-19 23:42:37.314] [exthost] [info] ExtensionService#_doActivateExtension vscode.merge-conflict, startup: false, activationEvent: 'onStartupFinished'
[2022-08-19 23:42:37.394] [exthost] [info] ExtensionService#_doActivateExtension equinusocio.vsc-material-theme-icons, startup: false, activationEvent: 'onStartupFinished'
[2022-08-19 23:42:39.610] [exthost] [warning] [Decorations] CAPPING events from decorations provider vscode.git 8242
[2022-08-19 23:42:46.410] [exthost] [info] ExtensionService#_doActivateExtension vscode.github-authentication, startup: false, activationEvent: 'onAuthenticationRequest:github'
[2022-08-19 23:42:47.344] [exthost] [warning] [Decorations] CAPPING events from decorations provider vscode.git 8243
[2022-08-19 23:42:52.010] [exthost] [warning] [Decorations] CAPPING events from decorations provider vscode.git 8243
[2022-08-19 23:42:57.770] [exthost] [warning] [Decorations] CAPPING events from decorations provider vscode.git 8243
[2022-08-19 23:43:02.994] [exthost] [warning] [Decorations] CAPPING events from decorations provider vscode.git 8243
[2022-08-19 23:43:08.177] [exthost] [warning] [Decorations] CAPPING events from decorations provider vscode.git 8243
[2022-08-19 23:43:13.749] [exthost] [warning] [Decorations] CAPPING events from decorations provider vscode.git 8244
[2022-08-19 23:43:19.721] [exthost] [warning] [Decorations] CAPPING events from decorations provider vscode.git 8243
[2022-08-19 23:43:24.904] [exthost] [warning] [Decorations] CAPPING events from decorations provider vscode.git 8243
[2022-08-19 23:43:30.083] [exthost] [warning] [Decorations] CAPPING events from decorations provider vscode.git 8244
[2022-08-19 23:43:35.256] [exthost] [warning] [Decorations] CAPPING events from decorations provider vscode.git 8244
[2022-08-19 23:43:40.424] [exthost] [warning] [Decorations] CAPPING events from decorations provider vscode.git 8244
[2022-08-19 23:43:45.616] [exthost] [warning] [Decorations] CAPPING events from decorations provider vscode.git 8244
[2022-08-19 23:43:50.989] [exthost] [warning] [Decorations] CAPPING events from decorations provider vscode.git 8244
[2022-08-19 23:44:08.460] [exthost] [warning] [Decorations] CAPPING events from decorations provider vscode.git 8247
[2022-08-19 23:44:17.486] [exthost] [warning] [Decorations] CAPPING events from decorations provider vscode.git 8250
[2022-08-19 23:44:22.750] [exthost] [warning] [Decorations] CAPPING events from decorations provider vscode.git 8254
[2022-08-19 23:44:27.961] [exthost] [warning] [Decorations] CAPPING events from decorations provider vscode.git 8253
[2022-08-19 23:44:33.184] [exthost] [warning] [Decorations] CAPPING events from decorations provider vscode.git 8251
[2022-08-19 23:44:38.375] [exthost] [warning] [Decorations] CAPPING events from decorations provider vscode.git 8250
[2022-08-19 23:44:43.544] [exthost] [warning] [Decorations] CAPPING events from decorations provider vscode.git 8250
[2022-08-19 23:44:48.805] [exthost] [warning] [Decorations] CAPPING events from decorations provider vscode.git 8250
[2022-08-19 23:44:54.075] [exthost] [warning] [Decorations] CAPPING events from decorations provider vscode.git 8251
[2022-08-19 23:45:00.129] [exthost] [warning] [Decorations] CAPPING events from decorations provider vscode.git 8251
[2022-08-19 23:45:05.846] [exthost] [warning] [Decorations] CAPPING events from decorations provider vscode.git 8251
[2022-08-19 23:45:11.028] [exthost] [warning] [Decorations] CAPPING events from decorations provider vscode.git 8251
[2022-08-19 23:45:16.199] [exthost] [warning] [Decorations] CAPPING events from decorations provider vscode.git 8251
[2022-08-19 23:45:21.367] [exthost] [warning] [Decorations] CAPPING events from decorations provider vscode.git 8251
[2022-08-19 23:45:26.537] [exthost] [warning] [Decorations] CAPPING events from decorations provider vscode.git 8251
[2022-08-19 23:45:31.699] [exthost] [warning] [Decorations] CAPPING events from decorations provider vscode.git 8251
[2022-08-19 23:45:36.931] [exthost] [warning] [Decorations] CAPPING events from decorations provider vscode.git 8251
[2022-08-19 23:45:42.657] [exthost] [warning] [Decorations] CAPPING events from decorations provider vscode.git 8252
[2022-08-19 23:45:48.189] [exthost] [warning] [Decorations] CAPPING events from decorations provider vscode.git 8253
[2022-08-19 23:45:53.372] [exthost] [warning] [Decorations] CAPPING events from decorations provider vscode.git 8253
[2022-08-19 23:45:58.600] [exthost] [warning] [Decorations] CAPPING events from decorations provider vscode.git 8252
[2022-08-19 23:46:03.762] [exthost] [warning] [Decorations] CAPPING events from decorations provider vscode.git 8252
[2022-08-19 23:46:08.944] [exthost] [warning] [Decorations] CAPPING events from decorations provider vscode.git 8253
[2022-08-19 23:46:14.117] [exthost] [warning] [Decorations] CAPPING events from decorations provider vscode.git 8253
[2022-08-19 23:46:19.289] [exthost] [warning] [Decorations] CAPPING events from decorations provider vscode.git 8253
[2022-08-19 23:46:24.511] [exthost] [warning] [Decorations] CAPPING events from decorations provider vscode.git 8253
[2022-08-19 23:46:29.708] [exthost] [warning] [Decorations] CAPPING events from decorations provider vscode.git 8253
[2022-08-19 23:46:34.884] [exthost] [warning] [Decorations] CAPPING events from decorations provider vscode.git 8253
[2022-08-19 23:46:40.051] [exthost] [warning] [Decorations] CAPPING events from decorations provider vscode.git 8253
[2022-08-19 23:46:45.328] [exthost] [warning] [Decorations] CAPPING events from decorations provider vscode.git 8253
[2022-08-19 23:46:54.263] [exthost] [warning] [Decorations] CAPPING events from decorations provider vscode.git 8253
[2022-08-19 23:47:02.129] [exthost] [warning] [Decorations] CAPPING events from decorations provider vscode.git 8254
[2022-08-19 23:47:07.346] [exthost] [warning] [Decorations] CAPPING events from decorations provider vscode.git 8254
[2022-08-19 23:47:12.545] [exthost] [warning] [Decorations] CAPPING events from decorations provider vscode.git 8254
[2022-08-19 23:47:17.759] [exthost] [warning] [Decorations] CAPPING events from decorations provider vscode.git 8254
[2022-08-19 23:47:22.953] [exthost] [warning] [Decorations] CAPPING events from decorations provider vscode.git 8254
[2022-08-19 23:47:28.149] [exthost] [warning] [Decorations] CAPPING events from decorations provider vscode.git 8254
[2022-08-19 23:47:33.333] [exthost] [warning] [Decorations] CAPPING events from decorations provider vscode.git 8254
[2022-08-19 23:47:38.501] [exthost] [warning] [Decorations] CAPPING events from decorations provider vscode.git 8254
[2022-08-19 23:47:43.718] [exthost] [warning] [Decorations] CAPPING events from decorations provider vscode.git 8258
[2022-08-19 23:47:48.911] [exthost] [warning] [Decorations] CAPPING events from decorations provider vscode.git 8258
[2022-08-19 23:47:54.070] [exthost] [warning] [Decorations] CAPPING events from decorations provider vscode.git 8257
[2022-08-19 23:47:59.276] [exthost] [warning] [Decorations] CAPPING events from decorations provider vscode.git 8257
[2022-08-19 23:48:04.478] [exthost] [warning] [Decorations] CAPPING events from decorations provider vscode.git 8256
[2022-08-19 23:48:09.701] [exthost] [warning] [Decorations] CAPPING events from decorations provider vscode.git 8256
[2022-08-19 23:48:14.877] [exthost] [warning] [Decorations] CAPPING events from decorations provider vscode.git 8256
[2022-08-19 23:48:20.070] [exthost] [warning] [Decorations] CAPPING events from decorations provider vscode.git 8256
[2022-08-19 23:48:25.256] [exthost] [warning] [Decorations] CAPPING events from decorations provider vscode.git 8256
[2022-08-19 23:48:30.814] [exthost] [warning] [Decorations] CAPPING events from decorations provider vscode.git 8256
[2022-08-19 23:48:38.730] [exthost] [warning] [Decorations] CAPPING events from decorations provider vscode.git 8256
[2022-08-19 23:48:43.905] [exthost] [warning] [Decorations] CAPPING events from decorations provider vscode.git 8256
[2022-08-19 23:48:49.074] [exthost] [warning] [Decorations] CAPPING events from decorations provider vscode.git 8257
[2022-08-19 23:48:54.247] [exthost] [warning] [Decorations] CAPPING events from decorations provider vscode.git 8256
[2022-08-19 23:48:59.411] [exthost] [warning] [Decorations] CAPPING events from decorations provider vscode.git 8256
[2022-08-19 23:49:04.585] [exthost] [warning] [Decorations] CAPPING events from decorations provider vscode.git 8256
[2022-08-19 23:49:09.765] [exthost] [warning] [Decorations] CAPPING events from decorations provider vscode.git 8256
[2022-08-19 23:49:14.924] [exthost] [warning] [Decorations] CAPPING events from decorations provider vscode.git 8258
[2022-08-19 23:49:20.088] [exthost] [warning] [Decorations] CAPPING events from decorations provider vscode.git 8258
[2022-08-19 23:49:25.273] [exthost] [warning] [Decorations] CAPPING events from decorations provider vscode.git 8258
[2022-08-19 23:49:30.448] [exthost] [warning] [Decorations] CAPPING events from decorations provider vscode.git 8258
[2022-08-19 23:50:09.052] [exthost] [warning] [Decorations] CAPPING events from decorations provider vscode.git 8256
[2022-08-19 23:50:16.982] [exthost] [warning] [Decorations] CAPPING events from decorations provider vscode.git 8256
[2022-08-19 23:50:22.164] [exthost] [warning] [Decorations] CAPPING events from decorations provider vscode.git 8256
[2022-08-19 23:50:27.376] [exthost] [warning] [Decorations] CAPPING events from decorations provider vscode.git 8256
[2022-08-19 23:50:32.577] [exthost] [warning] [Decorations] CAPPING events from decorations provider vscode.git 8256
[2022-08-19 23:50:37.772] [exthost] [warning] [Decorations] CAPPING events from decorations provider vscode.git 8256
[2022-08-19 23:50:43.538] [exthost] [warning] [Decorations] CAPPING events from decorations provider vscode.git 8256
[2022-08-19 23:50:49.648] [exthost] [warning] [Decorations] CAPPING events from decorations provider vscode.git 8257
[2022-08-19 23:50:55.348] [exthost] [warning] [Decorations] CAPPING events from decorations provider vscode.git 8257
[2022-08-19 23:51:02.189] [exthost] [warning] [Decorations] CAPPING events from decorations provider vscode.git 8257
[2022-08-19 23:51:09.751] [exthost] [warning] [Decorations] CAPPING events from decorations provider vscode.git 8257
[2022-08-19 23:51:15.501] [exthost] [warning] [Decorations] CAPPING events from decorations provider vscode.git 8257
[2022-08-19 23:51:20.679] [exthost] [warning] [Decorations] CAPPING events from decorations provider vscode.git 8257
[2022-08-19 23:51:25.860] [exthost] [warning] [Decorations] CAPPING events from decorations provider vscode.git 8257
[2022-08-19 23:51:31.033] [exthost] [warning] [Decorations] CAPPING events from decorations provider vscode.git 8257
[2022-08-19 23:51:36.196] [exthost] [warning] [Decorations] CAPPING events from decorations provider vscode.git 8257
[2022-08-19 23:51:41.365] [exthost] [warning] [Decorations] CAPPING events from decorations provider vscode.git 8257
[2022-08-19 23:51:46.661] [exthost] [warning] [Decorations] CAPPING events from decorations provider vscode.git 8257
[2022-08-19 23:52:29.265] [exthost] [warning] [Decorations] CAPPING events from decorations provider vscode.git 8375
[2022-08-19 23:52:38.069] [exthost] [warning] [Decorations] CAPPING events from decorations provider vscode.git 8375
[2022-08-19 23:52:43.287] [exthost] [warning] [Decorations] CAPPING events from decorations provider vscode.git 8375
[2022-08-19 23:52:48.537] [exthost] [warning] [Decorations] CAPPING events from decorations provider vscode.git 8375
[2022-08-19 23:52:53.738] [exthost] [warning] [Decorations] CAPPING events from decorations provider vscode.git 8375
[2022-08-19 23:52:58.930] [exthost] [warning] [Decorations] CAPPING events from decorations provider vscode.git 8375
[2022-08-19 23:53:04.150] [exthost] [warning] [Decorations] CAPPING events from decorations provider vscode.git 8375
[2022-08-19 23:53:09.338] [exthost] [warning] [Decorations] CAPPING events from decorations provider vscode.git 8375
[2022-08-19 23:53:14.525] [exthost] [warning] [Decorations] CAPPING events from decorations provider vscode.git 8375
[2022-08-19 23:53:19.794] [exthost] [warning] [Decorations] CAPPING events from decorations provider vscode.git 8375
[2022-08-19 23:53:24.988] [exthost] [warning] [Decorations] CAPPING events from decorations provider vscode.git 8375
[2022-08-19 23:53:30.171] [exthost] [warning] [Decorations] CAPPING events from decorations provider vscode.git 8375
[2022-08-19 23:53:35.380] [exthost] [warning] [Decorations] CAPPING events from decorations provider vscode.git 8375
[2022-08-19 23:53:40.557] [exthost] [warning] [Decorations] CAPPING events from decorations provider vscode.git 8375
[2022-08-19 23:53:45.789] [exthost] [warning] [Decorations] CAPPING events from decorations provider vscode.git 8375
[2022-08-19 23:53:51.010] [exthost] [warning] [Decorations] CAPPING events from decorations provider vscode.git 8375
[2022-08-19 23:53:56.203] [exthost] [warning] [Decorations] CAPPING events from decorations provider vscode.git 8375
[2022-08-19 23:54:01.392] [exthost] [warning] [Decorations] CAPPING events from decorations provider vscode.git 8375
[2022-08-19 23:54:06.560] [exthost] [warning] [Decorations] CAPPING events from decorations provider vscode.git 8375
[2022-08-19 23:54:11.768] [exthost] [warning] [Decorations] CAPPING events from decorations provider vscode.git 8375
[2022-08-19 23:54:16.959] [exthost] [warning] [Decorations] CAPPING events from decorations provider vscode.git 8377
[2022-08-19 23:54:22.131] [exthost] [warning] [Decorations] CAPPING events from decorations provider vscode.git 8377
[2022-08-19 23:54:27.353] [exthost] [warning] [Decorations] CAPPING events from decorations provider vscode.git 8377
[2022-08-19 23:54:32.524] [exthost] [warning] [Decorations] CAPPING events from decorations provider vscode.git 8375
[2022-08-19 23:54:37.713] [exthost] [warning] [Decorations] CAPPING events from decorations provider vscode.git 8375
[2022-08-19 23:54:42.897] [exthost] [warning] [Decorations] CAPPING events from decorations provider vscode.git 8375
[2022-08-19 23:54:48.110] [exthost] [warning] [Decorations] CAPPING events from decorations provider vscode.git 8376
[2022-08-19 23:54:53.315] [exthost] [warning] [Decorations] CAPPING events from decorations provider vscode.git 8375
[2022-08-19 23:54:58.489] [exthost] [warning] [Decorations] CAPPING events from decorations provider vscode.git 8375
[2022-08-19 23:55:03.658] [exthost] [warning] [Decorations] CAPPING events from decorations provider vscode.git 8375
[2022-08-19 23:55:08.865] [exthost] [warning] [Decorations] CAPPING events from decorations provider vscode.git 8375
[2022-08-19 23:55:14.048] [exthost] [warning] [Decorations] CAPPING events from decorations provider vscode.git 8375
[2022-08-19 23:55:19.243] [exthost] [warning] [Decorations] CAPPING events from decorations provider vscode.git 8375
[2022-08-19 23:55:24.421] [exthost] [warning] [Decorations] CAPPING events from decorations provider vscode.git 8375
[2022-08-19 23:55:29.674] [exthost] [warning] [Decorations] CAPPING events from decorations provider vscode.git 8376
[2022-08-19 23:55:35.580] [exthost] [warning] [Decorations] CAPPING events from decorations provider vscode.git 8376
[2022-08-19 23:55:40.853] [exthost] [warning] [Decorations] CAPPING events from decorations provider vscode.git 8376
[2022-08-19 23:55:46.036] [exthost] [warning] [Decorations] CAPPING events from decorations provider vscode.git 8376
[2022-08-19 23:55:51.253] [exthost] [warning] [Decorations] CAPPING events from decorations provider vscode.git 8375
[2022-08-19 23:55:56.501] [exthost] [warning] [Decorations] CAPPING events from decorations provider vscode.git 8375
[2022-08-19 23:56:01.672] [exthost] [warning] [Decorations] CAPPING events from decorations provider vscode.git 8375
[2022-08-19 23:56:06.850] [exthost] [warning] [Decorations] CAPPING events from decorations provider vscode.git 8375
[2022-08-19 23:56:12.022] [exthost] [warning] [Decorations] CAPPING events from decorations provider vscode.git 8375
[2022-08-19 23:56:19.826] [exthost] [warning] [Decorations] CAPPING events from decorations provider vscode.git 8376
[2022-08-19 23:56:29.753] [exthost] [warning] [Decorations] CAPPING events from decorations provider vscode.git 8382
[2022-08-19 23:56:40.572] [exthost] [warning] [Decorations] CAPPING events from decorations provider vscode.git 8415
[2022-08-19 23:56:45.768] [exthost] [warning] [Decorations] CAPPING events from decorations provider vscode.git 8416
[2022-08-19 23:56:50.960] [exthost] [warning] [Decorations] CAPPING events from decorations provider vscode.git 8417
[2022-08-19 23:56:56.154] [exthost] [warning] [Decorations] CAPPING events from decorations provider vscode.git 8417
[2022-08-19 23:57:01.332] [exthost] [warning] [Decorations] CAPPING events from decorations provider vscode.git 8417
[2022-08-19 23:57:06.587] [exthost] [warning] [Decorations] CAPPING events from decorations provider vscode.git 8422
[2022-08-19 23:57:14.895] [exthost] [warning] [Decorations] CAPPING events from decorations provider vscode.git 8423
[2022-08-19 23:57:22.753] [exthost] [warning] [Decorations] CAPPING events from decorations provider vscode.git 8423
[2022-08-19 23:57:27.936] [exthost] [warning] [Decorations] CAPPING events from decorations provider vscode.git 8423
[2022-08-19 23:57:33.109] [exthost] [warning] [Decorations] CAPPING events from decorations provider vscode.git 8423
[2022-08-19 23:57:38.305] [exthost] [warning] [Decorations] CAPPING events from decorations provider vscode.git 8423
[2022-08-19 23:57:43.493] [exthost] [warning] [Decorations] CAPPING events from decorations provider vscode.git 8423
[2022-08-19 23:57:48.694] [exthost] [warning] [Decorations] CAPPING events from decorations provider vscode.git 8423
[2022-08-19 23:57:54.087] [exthost] [warning] [Decorations] CAPPING events from decorations provider vscode.git 8423
[2022-08-19 23:57:59.270] [exthost] [warning] [Decorations] CAPPING events from decorations provider vscode.git 8423
[2022-08-19 23:58:04.481] [exthost] [warning] [Decorations] CAPPING events from decorations provider vscode.git 8423
[2022-08-19 23:58:09.725] [exthost] [warning] [Decorations] CAPPING events from decorations provider vscode.git 8423
[2022-08-19 23:58:14.957] [exthost] [warning] [Decorations] CAPPING events from decorations provider vscode.git 8424
[2022-08-19 23:58:20.173] [exthost] [warning] [Decorations] CAPPING events from decorations provider vscode.git 8423
[2022-08-19 23:58:25.368] [exthost] [warning] [Decorations] CAPPING events from decorations provider vscode.git 8423
[2022-08-19 23:58:30.592] [exthost] [warning] [Decorations] CAPPING events from decorations provider vscode.git 8424
[2022-08-19 23:58:35.840] [exthost] [warning] [Decorations] CAPPING events from decorations provider vscode.git 8424
[2022-08-19 23:58:41.021] [exthost] [warning] [Decorations] CAPPING events from decorations provider vscode.git 8424
[2022-08-19 23:58:46.359] [exthost] [warning] [Decorations] CAPPING events from decorations provider vscode.git 8424
[2022-08-19 23:58:55.425] [exthost] [warning] [Decorations] CAPPING events from decorations provider vscode.git 8424
[2022-08-19 23:59:00.617] [exthost] [warning] [Decorations] CAPPING events from decorations provider vscode.git 8424
[2022-08-19 23:59:05.816] [exthost] [warning] [Decorations] CAPPING events from decorations provider vscode.git 8424
[2022-08-19 23:59:11.056] [exthost] [warning] [Decorations] CAPPING events from decorations provider vscode.git 8424
[2022-08-19 23:59:19.627] [exthost] [warning] [Decorations] CAPPING events from decorations provider vscode.git 8426
[2022-08-19 23:59:24.828] [exthost] [warning] [Decorations] CAPPING events from decorations provider vscode.git 8427
[2022-08-19 23:59:30.898] [exthost] [warning] [Decorations] CAPPING events from decorations provider vscode.git 8426
[2022-08-19 23:59:36.230] [exthost] [warning] [Decorations] CAPPING events from decorations provider vscode.git 8424
[2022-08-19 23:59:41.398] [exthost] [warning] [Decorations] CAPPING events from decorations provider vscode.git 8424
[2022-08-19 23:59:54.943] [exthost] [warning] [Decorations] CAPPING events from decorations provider vscode.git 8435
[2022-08-20 00:00:04.363] [exthost] [warning] [Decorations] CAPPING events from decorations provider vscode.git 8435
[2022-08-20 00:00:09.531] [exthost] [warning] [Decorations] CAPPING events from decorations provider vscode.git 8435
[2022-08-20 00:00:14.757] [exthost] [warning] [Decorations] CAPPING events from decorations provider vscode.git 8436
[2022-08-20 00:00:19.941] [exthost] [warning] [Decorations] CAPPING events from decorations provider vscode.git 8436
[2022-08-20 00:00:25.114] [exthost] [warning] [Decorations] CAPPING events from decorations provider vscode.git 8436
[2022-08-20 00:00:30.627] [exthost] [warning] [Decorations] CAPPING events from decorations provider vscode.git 8436
[2022-08-20 00:00:53.057] [exthost] [warning] [Decorations] CAPPING events from decorations provider vscode.git 8438
[2022-08-20 00:01:01.650] [exthost] [warning] [Decorations] CAPPING events from decorations provider vscode.git 8440
[2022-08-20 00:01:09.787] [exthost] [warning] [Decorations] CAPPING events from decorations provider vscode.git 8442
[2022-08-20 00:01:19.339] [exthost] [warning] [Decorations] CAPPING events from decorations provider vscode.git 8442
[2022-08-20 00:01:28.653] [exthost] [warning] [Decorations] CAPPING events from decorations provider vscode.git 8444
[2022-08-20 00:01:33.904] [exthost] [warning] [Decorations] CAPPING events from decorations provider vscode.git 8444
[2022-08-20 00:01:56.544] [exthost] [warning] [Decorations] CAPPING events from decorations provider vscode.git 8446
[2022-08-20 00:02:04.568] [exthost] [warning] [Decorations] CAPPING events from decorations provider vscode.git 8446
[2022-08-20 00:02:10.104] [exthost] [warning] [Decorations] CAPPING events from decorations provider vscode.git 8447
[2022-08-20 00:02:18.058] [exthost] [warning] [Decorations] CAPPING events from decorations provider vscode.git 8446
[2022-08-20 00:02:23.249] [exthost] [warning] [Decorations] CAPPING events from decorations provider vscode.git 8446
[2022-08-20 00:02:28.418] [exthost] [warning] [Decorations] CAPPING events from decorations provider vscode.git 8446
[2022-08-20 00:02:33.594] [exthost] [warning] [Decorations] CAPPING events from decorations provider vscode.git 8446
[2022-08-20 00:02:38.765] [exthost] [warning] [Decorations] CAPPING events from decorations provider vscode.git 8446
[2022-08-20 00:02:44.049] [exthost] [warning] [Decorations] CAPPING events from decorations provider vscode.git 8446
[2022-08-20 00:02:49.224] [exthost] [warning] [Decorations] CAPPING events from decorations provider vscode.git 8446
[2022-08-20 00:02:54.562] [exthost] [warning] [Decorations] CAPPING events from decorations provider vscode.git 8446
[2022-08-20 00:02:59.760] [exthost] [warning] [Decorations] CAPPING events from decorations provider vscode.git 8446
[2022-08-20 00:03:04.935] [exthost] [warning] [Decorations] CAPPING events from decorations provider vscode.git 8446
[2022-08-20 00:03:10.122] [exthost] [warning] [Decorations] CAPPING events from decorations provider vscode.git 8446
[2022-08-20 00:03:15.357] [exthost] [warning] [Decorations] CAPPING events from decorations provider vscode.git 8446
[2022-08-20 00:03:20.535] [exthost] [warning] [Decorations] CAPPING events from decorations provider vscode.git 8446
[2022-08-20 00:03:25.711] [exthost] [warning] [Decorations] CAPPING events from decorations provider vscode.git 8446
[2022-08-20 00:03:30.895] [exthost] [warning] [Decorations] CAPPING events from decorations provider vscode.git 8446
[2022-08-20 00:03:36.124] [exthost] [warning] [Decorations] CAPPING events from decorations provider vscode.git 8446
[2022-08-20 00:03:41.308] [exthost] [warning] [Decorations] CAPPING events from decorations provider vscode.git 8446
[2022-08-20 00:03:46.492] [exthost] [warning] [Decorations] CAPPING events from decorations provider vscode.git 8446
[2022-08-20 00:03:51.689] [exthost] [warning] [Decorations] CAPPING events from decorations provider vscode.git 8446
[2022-08-20 00:03:56.841] [exthost] [warning] [Decorations] CAPPING events from decorations provider vscode.git 8446
[2022-08-20 00:04:02.032] [exthost] [warning] [Decorations] CAPPING events from decorations provider vscode.git 8446
[2022-08-20 00:04:07.276] [exthost] [warning] [Decorations] CAPPING events from decorations provider vscode.git 8446
[2022-08-20 00:04:12.479] [exthost] [warning] [Decorations] CAPPING events from decorations provider vscode.git 8446
[2022-08-20 00:04:17.691] [exthost] [warning] [Decorations] CAPPING events from decorations provider vscode.git 8448
[2022-08-20 00:04:22.864] [exthost] [warning] [Decorations] CAPPING events from decorations provider vscode.git 8450
[2022-08-20 00:04:28.182] [exthost] [warning] [Decorations] CAPPING events from decorations provider vscode.git 8450
[2022-08-20 00:04:33.379] [exthost] [warning] [Decorations] CAPPING events from decorations provider vscode.git 8449
[2022-08-20 00:04:38.597] [exthost] [warning] [Decorations] CAPPING events from decorations provider vscode.git 8448
[2022-08-20 00:08:54.710] [exthost] [warning] [Decorations] CAPPING events from decorations provider vscode.git 8459
[2022-08-20 00:09:03.804] [exthost] [warning] [Decorations] CAPPING events from decorations provider vscode.git 8459
[2022-08-20 00:09:12.806] [exthost] [warning] [Decorations] CAPPING events from decorations provider vscode.git 8460
[2022-08-20 00:09:18.811] [exthost] [warning] [Decorations] CAPPING events from decorations provider vscode.git 8462
[2022-08-20 00:09:24.038] [exthost] [warning] [Decorations] CAPPING events from decorations provider vscode.git 8462
[2022-08-20 00:09:29.247] [exthost] [warning] [Decorations] CAPPING events from decorations provider vscode.git 8496
[2022-08-20 00:09:34.967] [exthost] [warning] [Decorations] CAPPING events from decorations provider vscode.git 8494
[2022-08-20 00:09:40.175] [exthost] [warning] [Decorations] CAPPING events from decorations provider vscode.git 8460
[2022-08-20 00:09:48.015] [exthost] [warning] [Decorations] CAPPING events from decorations provider vscode.git 8460
[2022-08-20 00:09:53.399] [exthost] [warning] [Decorations] CAPPING events from decorations provider vscode.git 8461
[2022-08-20 00:09:58.583] [exthost] [warning] [Decorations] CAPPING events from decorations provider vscode.git 8460
[2022-08-20 00:10:03.788] [exthost] [warning] [Decorations] CAPPING events from decorations provider vscode.git 8460
[2022-08-20 00:10:09.120] [exthost] [warning] [Decorations] CAPPING events from decorations provider vscode.git 8460
[2022-08-20 00:10:14.336] [exthost] [warning] [Decorations] CAPPING events from decorations provider vscode.git 8461
[2022-08-20 00:10:19.571] [exthost] [warning] [Decorations] CAPPING events from decorations provider vscode.git 8461
[2022-08-20 00:10:24.798] [exthost] [warning] [Decorations] CAPPING events from decorations provider vscode.git 8461
[2022-08-20 00:10:30.318] [exthost] [warning] [Decorations] CAPPING events from decorations provider vscode.git 8461
[2022-08-20 00:10:35.570] [exthost] [warning] [Decorations] CAPPING events from decorations provider vscode.git 8461
[2022-08-20 00:10:42.542] [exthost] [warning] [Decorations] CAPPING events from decorations provider vscode.git 8461
[2022-08-20 00:10:47.718] [exthost] [warning] [Decorations] CAPPING events from decorations provider vscode.git 8461
[2022-08-20 00:10:52.905] [exthost] [warning] [Decorations] CAPPING events from decorations provider vscode.git 8461
[2022-08-20 00:10:58.096] [exthost] [warning] [Decorations] CAPPING events from decorations provider vscode.git 8461
[2022-08-20 00:11:03.262] [exthost] [warning] [Decorations] CAPPING events from decorations provider vscode.git 8461
[2022-08-20 00:11:08.452] [exthost] [warning] [Decorations] CAPPING events from decorations provider vscode.git 8461
[2022-08-20 00:11:13.629] [exthost] [warning] [Decorations] CAPPING events from decorations provider vscode.git 8461
[2022-08-20 00:11:18.801] [exthost] [warning] [Decorations] CAPPING events from decorations provider vscode.git 8461
[2022-08-20 00:11:23.993] [exthost] [warning] [Decorations] CAPPING events from decorations provider vscode.git 8461
[2022-08-20 00:11:29.710] [exthost] [warning] [Decorations] CAPPING events from decorations provider vscode.git 8461
[2022-08-20 00:11:40.493] [exthost] [warning] [Decorations] CAPPING events from decorations provider vscode.git 8461
[2022-08-20 00:11:45.677] [exthost] [warning] [Decorations] CAPPING events from decorations provider vscode.git 8461
[2022-08-20 00:11:50.949] [exthost] [warning] [Decorations] CAPPING events from decorations provider vscode.git 8462
[2022-08-20 00:11:58.853] [exthost] [warning] [Decorations] CAPPING events from decorations provider vscode.git 8462
[2022-08-20 00:12:04.572] [exthost] [warning] [Decorations] CAPPING events from decorations provider vscode.git 8462
[2022-08-20 00:12:09.786] [exthost] [warning] [Decorations] CAPPING events from decorations provider vscode.git 8462
[2022-08-20 00:12:14.995] [exthost] [warning] [Decorations] CAPPING events from decorations provider vscode.git 8462
[2022-08-20 00:12:20.211] [exthost] [warning] [Decorations] CAPPING events from decorations provider vscode.git 8462
[2022-08-20 00:12:28.253] [exthost] [warning] [Decorations] CAPPING events from decorations provider vscode.git 8462
[2022-08-20 00:12:33.749] [exthost] [warning] [Decorations] CAPPING events from decorations provider vscode.git 8462
[2022-08-20 00:12:38.935] [exthost] [warning] [Decorations] CAPPING events from decorations provider vscode.git 8462
[2022-08-20 00:12:44.126] [exthost] [warning] [Decorations] CAPPING events from decorations provider vscode.git 8462
[2022-08-20 00:12:49.317] [exthost] [warning] [Decorations] CAPPING events from decorations provider vscode.git 8462
[2022-08-20 00:12:54.496] [exthost] [warning] [Decorations] CAPPING events from decorations provider vscode.git 8462
[2022-08-20 00:12:59.694] [exthost] [warning] [Decorations] CAPPING events from decorations provider vscode.git 8462
[2022-08-20 00:13:04.872] [exthost] [warning] [Decorations] CAPPING events from decorations provider vscode.git 8462
[2022-08-20 00:13:10.059] [exthost] [warning] [Decorations] CAPPING events from decorations provider vscode.git 8462
[2022-08-20 00:13:15.217] [exthost] [warning] [Decorations] CAPPING events from decorations provider vscode.git 8462
[2022-08-20 00:13:20.412] [exthost] [warning] [Decorations] CAPPING events from decorations provider vscode.git 8462
[2022-08-20 00:13:25.620] [exthost] [warning] [Decorations] CAPPING events from decorations provider vscode.git 8462
[2022-08-20 00:13:30.788] [exthost] [warning] [Decorations] CAPPING events from decorations provider vscode.git 8462
[2022-08-20 00:13:35.981] [exthost] [warning] [Decorations] CAPPING events from decorations provider vscode.git 8462
[2022-08-20 00:13:41.172] [exthost] [warning] [Decorations] CAPPING events from decorations provider vscode.git 8462
[2022-08-20 00:13:46.392] [exthost] [warning] [Decorations] CAPPING events from decorations provider vscode.git 8462
[2022-08-20 00:13:51.554] [exthost] [warning] [Decorations] CAPPING events from decorations provider vscode.git 8462
[2022-08-20 00:13:56.869] [exthost] [warning] [Decorations] CAPPING events from decorations provider vscode.git 8462
[2022-08-20 00:14:02.045] [exthost] [warning] [Decorations] CAPPING events from decorations provider vscode.git 8462
[2022-08-20 00:14:07.293] [exthost] [warning] [Decorations] CAPPING events from decorations provider vscode.git 8462
[2022-08-20 00:14:15.264] [exthost] [warning] [Decorations] CAPPING events from decorations provider vscode.git 8465
[2022-08-20 00:14:20.490] [exthost] [warning] [Decorations] CAPPING events from decorations provider vscode.git 8465
[2022-08-20 00:14:25.692] [exthost] [warning] [Decorations] CAPPING events from decorations provider vscode.git 8465
[2022-08-20 00:14:30.926] [exthost] [warning] [Decorations] CAPPING events from decorations provider vscode.git 8464
[2022-08-20 00:14:36.164] [exthost] [warning] [Decorations] CAPPING events from decorations provider vscode.git 8463
[2022-08-20 00:15:01.367] [exthost] [warning] [Decorations] CAPPING events from decorations provider vscode.git 8463
[2022-08-20 00:15:09.285] [exthost] [warning] [Decorations] CAPPING events from decorations provider vscode.git 8463
[2022-08-20 00:15:14.473] [exthost] [warning] [Decorations] CAPPING events from decorations provider vscode.git 8463
[2022-08-20 00:15:19.668] [exthost] [warning] [Decorations] CAPPING events from decorations provider vscode.git 8463
[2022-08-20 00:15:24.851] [exthost] [warning] [Decorations] CAPPING events from decorations provider vscode.git 8463
[2022-08-20 00:15:30.029] [exthost] [warning] [Decorations] CAPPING events from decorations provider vscode.git 8463
[2022-08-20 00:15:35.212] [exthost] [warning] [Decorations] CAPPING events from decorations provider vscode.git 8463
[2022-08-20 00:15:40.400] [exthost] [warning] [Decorations] CAPPING events from decorations provider vscode.git 8463
[2022-08-20 00:15:45.581] [exthost] [warning] [Decorations] CAPPING events from decorations provider vscode.git 8463
[2022-08-20 00:15:50.751] [exthost] [warning] [Decorations] CAPPING events from decorations provider vscode.git 8463
[2022-08-20 00:15:55.927] [exthost] [warning] [Decorations] CAPPING events from decorations provider vscode.git 8463
[2022-08-20 00:16:01.127] [exthost] [warning] [Decorations] CAPPING events from decorations provider vscode.git 8463
[2022-08-20 00:16:06.306] [exthost] [warning] [Decorations] CAPPING events from decorations provider vscode.git 8463
[2022-08-20 00:16:11.497] [exthost] [warning] [Decorations] CAPPING events from decorations provider vscode.git 8463
[2022-08-20 00:16:16.679] [exthost] [warning] [Decorations] CAPPING events from decorations provider vscode.git 8463
[2022-08-20 00:16:21.867] [exthost] [warning] [Decorations] CAPPING events from decorations provider vscode.git 8463
[2022-08-20 00:16:27.130] [exthost] [warning] [Decorations] CAPPING events from decorations provider vscode.git 8463
[2022-08-20 00:16:32.367] [exthost] [warning] [Decorations] CAPPING events from decorations provider vscode.git 8463
[2022-08-20 00:16:37.769] [exthost] [warning] [Decorations] CAPPING events from decorations provider vscode.git 8463
[2022-08-20 00:16:46.204] [exthost] [warning] [Decorations] CAPPING events from decorations provider vscode.git 8463
[2022-08-20 00:16:51.394] [exthost] [warning] [Decorations] CAPPING events from decorations provider vscode.git 8464
[2022-08-20 00:16:56.635] [exthost] [warning] [Decorations] CAPPING events from decorations provider vscode.git 8464
[2022-08-20 00:17:01.854] [exthost] [warning] [Decorations] CAPPING events from decorations provider vscode.git 8464
[2022-08-20 00:17:08.122] [exthost] [warning] [Decorations] CAPPING events from decorations provider vscode.git 8464
[2022-08-20 00:17:17.972] [exthost] [warning] [Decorations] CAPPING events from decorations provider vscode.git 8464
[2022-08-20 00:17:23.586] [exthost] [warning] [Decorations] CAPPING events from decorations provider vscode.git 8464
[2022-08-20 00:17:28.755] [exthost] [warning] [Decorations] CAPPING events from decorations provider vscode.git 8464
[2022-08-20 00:17:33.924] [exthost] [warning] [Decorations] CAPPING events from decorations provider vscode.git 8464
[2022-08-20 00:17:39.131] [exthost] [warning] [Decorations] CAPPING events from decorations provider vscode.git 8464
[2022-08-20 00:17:44.317] [exthost] [warning] [Decorations] CAPPING events from decorations provider vscode.git 8464
[2022-08-20 00:17:49.891] [exthost] [warning] [Decorations] CAPPING events from decorations provider vscode.git 8464
[2022-08-20 00:17:55.070] [exthost] [warning] [Decorations] CAPPING events from decorations provider vscode.git 8464
[2022-08-20 00:18:00.263] [exthost] [warning] [Decorations] CAPPING events from decorations provider vscode.git 8464
[2022-08-20 00:18:05.480] [exthost] [warning] [Decorations] CAPPING events from decorations provider vscode.git 8464
[2022-08-20 00:18:10.742] [exthost] [warning] [Decorations] CAPPING events from decorations provider vscode.git 8464
[2022-08-20 00:18:15.939] [exthost] [warning] [Decorations] CAPPING events from decorations provider vscode.git 8464
[2022-08-20 00:18:21.106] [exthost] [warning] [Decorations] CAPPING events from decorations provider vscode.git 8464
[2022-08-20 00:18:26.279] [exthost] [warning] [Decorations] CAPPING events from decorations provider vscode.git 8464
[2022-08-20 00:18:31.475] [exthost] [warning] [Decorations] CAPPING events from decorations provider vscode.git 8464
[2022-08-20 00:18:36.710] [exthost] [warning] [Decorations] CAPPING events from decorations provider vscode.git 8464
[2022-08-20 00:18:41.881] [exthost] [warning] [Decorations] CAPPING events from decorations provider vscode.git 8464
[2022-08-20 00:18:47.780] [exthost] [warning] [Decorations] CAPPING events from decorations provider vscode.git 8464
[2022-08-20 00:18:56.199] [exthost] [warning] [Decorations] CAPPING events from decorations provider vscode.git 8464
[2022-08-20 00:19:01.378] [exthost] [warning] [Decorations] CAPPING events from decorations provider vscode.git 8464
[2022-08-20 00:19:06.620] [exthost] [warning] [Decorations] CAPPING events from decorations provider vscode.git 8464
[2022-08-20 00:19:11.823] [exthost] [warning] [Decorations] CAPPING events from decorations provider vscode.git 8464
[2022-08-20 00:19:17.022] [exthost] [warning] [Decorations] CAPPING events from decorations provider vscode.git 8466
[2022-08-20 00:19:22.200] [exthost] [warning] [Decorations] CAPPING events from decorations provider vscode.git 8466
[2022-08-20 00:19:27.448] [exthost] [warning] [Decorations] CAPPING events from decorations provider vscode.git 8466
[2022-08-20 00:19:32.668] [exthost] [warning] [Decorations] CAPPING events from decorations provider vscode.git 8464
[2022-08-20 00:19:37.851] [exthost] [warning] [Decorations] CAPPING events from decorations provider vscode.git 8464
[2022-08-20 00:19:43.033] [exthost] [warning] [Decorations] CAPPING events from decorations provider vscode.git 8464
[2022-08-20 00:19:48.224] [exthost] [warning] [Decorations] CAPPING events from decorations provider vscode.git 8464
[2022-08-20 00:19:53.493] [exthost] [warning] [Decorations] CAPPING events from decorations provider vscode.git 8464
[2022-08-20 00:19:58.670] [exthost] [warning] [Decorations] CAPPING events from decorations provider vscode.git 8464
[2022-08-20 00:20:03.882] [exthost] [warning] [Decorations] CAPPING events from decorations provider vscode.git 8464
[2022-08-20 00:20:09.083] [exthost] [warning] [Decorations] CAPPING events from decorations provider vscode.git 8464
[2022-08-20 00:20:14.279] [exthost] [warning] [Decorations] CAPPING events from decorations provider vscode.git 8464
[2022-08-20 00:20:19.484] [exthost] [warning] [Decorations] CAPPING events from decorations provider vscode.git 8464
[2022-08-20 00:20:24.692] [exthost] [warning] [Decorations] CAPPING events from decorations provider vscode.git 8464
[2022-08-20 00:20:29.934] [exthost] [warning] [Decorations] CAPPING events from decorations provider vscode.git 8464
[2022-08-20 00:20:35.765] [exthost] [warning] [Decorations] CAPPING events from decorations provider vscode.git 8464
[2022-08-20 00:20:41.011] [exthost] [warning] [Decorations] CAPPING events from decorations provider vscode.git 8464
[2022-08-20 00:20:46.362] [exthost] [warning] [Decorations] CAPPING events from decorations provider vscode.git 8464
[2022-08-20 00:20:51.594] [exthost] [warning] [Decorations] CAPPING events from decorations provider vscode.git 8464
[2022-08-20 00:20:57.759] [exthost] [warning] [Decorations] CAPPING events from decorations provider vscode.git 8464
[2022-08-20 00:21:02.936] [exthost] [warning] [Decorations] CAPPING events from decorations provider vscode.git 8464
[2022-08-20 00:21:08.134] [exthost] [warning] [Decorations] CAPPING events from decorations provider vscode.git 8464
[2022-08-20 00:21:13.328] [exthost] [warning] [Decorations] CAPPING events from decorations provider vscode.git 8464
[2022-08-20 00:21:18.523] [exthost] [warning] [Decorations] CAPPING events from decorations provider vscode.git 8464
[2022-08-20 00:21:23.712] [exthost] [warning] [Decorations] CAPPING events from decorations provider vscode.git 8464
[2022-08-20 00:21:28.910] [exthost] [warning] [Decorations] CAPPING events from decorations provider vscode.git 8464
[2022-08-20 00:21:34.091] [exthost] [warning] [Decorations] CAPPING events from decorations provider vscode.git 8464
[2022-08-20 00:21:39.322] [exthost] [warning] [Decorations] CAPPING events from decorations provider vscode.git 8464
[2022-08-20 00:21:44.556] [exthost] [warning] [Decorations] CAPPING events from decorations provider vscode.git 8464
[2022-08-20 00:21:49.769] [exthost] [warning] [Decorations] CAPPING events from decorations provider vscode.git 8464
[2022-08-20 00:21:55.240] [exthost] [warning] [Decorations] CAPPING events from decorations provider vscode.git 8464
[2022-08-20 00:22:04.039] [exthost] [warning] [Decorations] CAPPING events from decorations provider vscode.git 8464
[2022-08-20 00:22:09.276] [exthost] [warning] [Decorations] CAPPING events from decorations provider vscode.git 8464
[2022-08-20 00:22:14.576] [exthost] [warning] [Decorations] CAPPING events from decorations provider vscode.git 8464
[2022-08-20 00:22:20.993] [exthost] [warning] [Decorations] CAPPING events from decorations provider vscode.git 8464
[2022-08-20 00:22:27.174] [exthost] [warning] [Decorations] CAPPING events from decorations provider vscode.git 8464
[2022-08-20 00:22:32.343] [exthost] [warning] [Decorations] CAPPING events from decorations provider vscode.git 8464
[2022-08-20 00:22:37.542] [exthost] [warning] [Decorations] CAPPING events from decorations provider vscode.git 8465
[2022-08-20 00:22:42.732] [exthost] [warning] [Decorations] CAPPING events from decorations provider vscode.git 8464
[2022-08-20 00:22:47.909] [exthost] [warning] [Decorations] CAPPING events from decorations provider vscode.git 8464
[2022-08-20 00:22:53.099] [exthost] [warning] [Decorations] CAPPING events from decorations provider vscode.git 8464
[2022-08-20 00:22:59.672] [exthost] [warning] [Decorations] CAPPING events from decorations provider vscode.git 8466
[2022-08-20 00:23:04.917] [exthost] [warning] [Decorations] CAPPING events from decorations provider vscode.git 8465
[2022-08-20 00:23:10.131] [exthost] [warning] [Decorations] CAPPING events from decorations provider vscode.git 8465
[2022-08-20 00:23:15.344] [exthost] [warning] [Decorations] CAPPING events from decorations provider vscode.git 8465
[2022-08-20 00:23:20.532] [exthost] [warning] [Decorations] CAPPING events from decorations provider vscode.git 8465
[2022-08-20 00:23:25.728] [exthost] [warning] [Decorations] CAPPING events from decorations provider vscode.git 8465
[2022-08-20 00:23:30.982] [exthost] [warning] [Decorations] CAPPING events from decorations provider vscode.git 8465
[2022-08-20 00:23:36.197] [exthost] [warning] [Decorations] CAPPING events from decorations provider vscode.git 8465
[2022-08-20 00:23:41.437] [exthost] [warning] [Decorations] CAPPING events from decorations provider vscode.git 8465
[2022-08-20 00:23:46.846] [exthost] [warning] [Decorations] CAPPING events from decorations provider vscode.git 8465
[2022-08-20 00:24:18.359] [exthost] [warning] [Decorations] CAPPING events from decorations provider vscode.git 8519
[2022-08-20 00:24:27.272] [exthost] [warning] [Decorations] CAPPING events from decorations provider vscode.git 8520
[2022-08-20 00:24:35.420] [exthost] [warning] [Decorations] CAPPING events from decorations provider vscode.git 8518
[2022-08-20 00:24:40.804] [exthost] [warning] [Decorations] CAPPING events from decorations provider vscode.git 8518
[2022-08-20 00:24:49.822] [exthost] [warning] [Decorations] CAPPING events from decorations provider vscode.git 8518
[2022-08-20 00:25:11.023] [exthost] [warning] [Decorations] CAPPING events from decorations provider vscode.git 8556
[2022-08-20 00:25:19.982] [exthost] [warning] [Decorations] CAPPING events from decorations provider vscode.git 8557
[2022-08-20 00:25:25.238] [exthost] [warning] [Decorations] CAPPING events from decorations provider vscode.git 8557
[2022-08-20 00:25:30.440] [exthost] [warning] [Decorations] CAPPING events from decorations provider vscode.git 8557
[2022-08-20 00:26:25.783] [exthost] [warning] [Decorations] CAPPING events from decorations provider vscode.git 8616
[2022-08-20 00:26:34.199] [exthost] [warning] [Decorations] CAPPING events from decorations provider vscode.git 8617
[2022-08-20 00:26:39.396] [exthost] [warning] [Decorations] CAPPING events from decorations provider vscode.git 8617
[2022-08-20 00:26:44.631] [exthost] [warning] [Decorations] CAPPING events from decorations provider vscode.git 8617
[2022-08-20 00:27:24.809] [exthost] [warning] [Decorations] CAPPING events from decorations provider vscode.git 8720
[2022-08-20 00:27:40.486] [exthost] [warning] [Decorations] CAPPING events from decorations provider vscode.git 8722
[2022-08-20 00:27:49.132] [exthost] [warning] [Decorations] CAPPING events from decorations provider vscode.git 8722
[2022-08-20 00:27:54.365] [exthost] [warning] [Decorations] CAPPING events from decorations provider vscode.git 8722
[2022-08-20 00:27:59.773] [exthost] [warning] [Decorations] CAPPING events from decorations provider vscode.git 8722
[2022-08-20 00:28:08.362] [exthost] [warning] [Decorations] CAPPING events from decorations provider vscode.git 8722
[2022-08-20 00:28:14.561] [exthost] [warning] [Decorations] CAPPING events from decorations provider vscode.git 8722
[2022-08-20 00:28:20.027] [exthost] [warning] [Decorations] CAPPING events from decorations provider vscode.git 8722
[2022-08-20 00:28:25.252] [exthost] [warning] [Decorations] CAPPING events from decorations provider vscode.git 8722
[2022-08-20 00:28:30.707] [exthost] [warning] [Decorations] CAPPING events from decorations provider vscode.git 8722
[2022-08-20 00:28:36.103] [exthost] [warning] [Decorations] CAPPING events from decorations provider vscode.git 8722
[2022-08-20 00:28:43.145] [exthost] [warning] [Decorations] CAPPING events from decorations provider vscode.git 8723
[2022-08-20 00:28:49.495] [exthost] [warning] [Decorations] CAPPING events from decorations provider vscode.git 8722
[2022-08-20 00:28:55.111] [exthost] [warning] [Decorations] CAPPING events from decorations provider vscode.git 8722
[2022-08-20 00:29:04.311] [exthost] [warning] [Decorations] CAPPING events from decorations provider vscode.git 8722
[2022-08-20 00:29:09.480] [exthost] [warning] [Decorations] CAPPING events from decorations provider vscode.git 8722
[2022-08-20 00:29:14.691] [exthost] [warning] [Decorations] CAPPING events from decorations provider vscode.git 8725
[2022-08-20 00:29:19.894] [exthost] [warning] [Decorations] CAPPING events from decorations provider vscode.git 8725
[2022-08-20 00:29:25.067] [exthost] [warning] [Decorations] CAPPING events from decorations provider vscode.git 8724
[2022-08-20 00:29:30.240] [exthost] [warning] [Decorations] CAPPING events from decorations provider vscode.git 8724
[2022-08-20 00:29:35.423] [exthost] [warning] [Decorations] CAPPING events from decorations provider vscode.git 8722
[2022-08-20 00:29:40.600] [exthost] [warning] [Decorations] CAPPING events from decorations provider vscode.git 8722
[2022-08-20 00:29:45.844] [exthost] [warning] [Decorations] CAPPING events from decorations provider vscode.git 8722
[2022-08-20 00:29:51.072] [exthost] [warning] [Decorations] CAPPING events from decorations provider vscode.git 8722
[2022-08-20 00:29:56.248] [exthost] [warning] [Decorations] CAPPING events from decorations provider vscode.git 8722
[2022-08-20 00:30:01.429] [exthost] [warning] [Decorations] CAPPING events from decorations provider vscode.git 8722
[2022-08-20 00:30:06.619] [exthost] [warning] [Decorations] CAPPING events from decorations provider vscode.git 8722
[2022-08-20 00:30:11.845] [exthost] [warning] [Decorations] CAPPING events from decorations provider vscode.git 8722
[2022-08-20 00:30:17.086] [exthost] [warning] [Decorations] CAPPING events from decorations provider vscode.git 8723
[2022-08-20 00:30:22.322] [exthost] [warning] [Decorations] CAPPING events from decorations provider vscode.git 8723
[2022-08-20 00:30:27.535] [exthost] [warning] [Decorations] CAPPING events from decorations provider vscode.git 8723
[2022-08-20 00:30:33.855] [exthost] [warning] [Decorations] CAPPING events from decorations provider vscode.git 8724
[2022-08-20 00:30:42.691] [exthost] [warning] [Decorations] CAPPING events from decorations provider vscode.git 8723
[2022-08-20 00:30:48.131] [exthost] [warning] [Decorations] CAPPING events from decorations provider vscode.git 8723
[2022-08-20 00:30:57.239] [exthost] [warning] [Decorations] CAPPING events from decorations provider vscode.git 8723
[2022-08-20 00:31:03.023] [exthost] [warning] [Decorations] CAPPING events from decorations provider vscode.git 8723
[2022-08-20 00:31:08.391] [exthost] [warning] [Decorations] CAPPING events from decorations provider vscode.git 8723
[2022-08-20 00:31:16.220] [exthost] [warning] [Decorations] CAPPING events from decorations provider vscode.git 8723
[2022-08-20 00:31:21.405] [exthost] [warning] [Decorations] CAPPING events from decorations provider vscode.git 8723
[2022-08-20 00:31:26.587] [exthost] [warning] [Decorations] CAPPING events from decorations provider vscode.git 8723
[2022-08-20 00:31:31.780] [exthost] [warning] [Decorations] CAPPING events from decorations provider vscode.git 8723
[2022-08-20 00:31:37.377] [exthost] [warning] [Decorations] CAPPING events from decorations provider vscode.git 8723
[2022-08-20 00:31:42.630] [exthost] [warning] [Decorations] CAPPING events from decorations provider vscode.git 8724
[2022-08-20 00:31:47.859] [exthost] [warning] [Decorations] CAPPING events from decorations provider vscode.git 8724
[2022-08-20 00:31:53.303] [exthost] [warning] [Decorations] CAPPING events from decorations provider vscode.git 8724
[2022-08-20 00:32:01.114] [exthost] [warning] [Decorations] CAPPING events from decorations provider vscode.git 8724
[2022-08-20 00:32:09.151] [exthost] [warning] [Decorations] CAPPING events from decorations provider vscode.git 8724
[2022-08-20 00:32:14.752] [exthost] [warning] [Decorations] CAPPING events from decorations provider vscode.git 8724
[2022-08-20 00:32:20.612] [exthost] [warning] [Decorations] CAPPING events from decorations provider vscode.git 8724
[2022-08-20 00:32:28.220] [exthost] [warning] [Decorations] CAPPING events from decorations provider vscode.git 8724
[2022-08-20 00:32:37.407] [exthost] [warning] [Decorations] CAPPING events from decorations provider vscode.git 8724
[2022-08-20 00:32:43.130] [exthost] [warning] [Decorations] CAPPING events from decorations provider vscode.git 8724
[2022-08-20 00:32:48.335] [exthost] [warning] [Decorations] CAPPING events from decorations provider vscode.git 8724
[2022-08-20 00:32:53.570] [exthost] [warning] [Decorations] CAPPING events from decorations provider vscode.git 8724
[2022-08-20 00:32:59.608] [exthost] [warning] [Decorations] CAPPING events from decorations provider vscode.git 8724
[2022-08-20 00:33:04.783] [exthost] [warning] [Decorations] CAPPING events from decorations provider vscode.git 8724
[2022-08-20 00:33:10.164] [exthost] [warning] [Decorations] CAPPING events from decorations provider vscode.git 8724
[2022-08-20 00:33:15.406] [exthost] [warning] [Decorations] CAPPING events from decorations provider vscode.git 8725
[2022-08-20 00:33:20.593] [exthost] [warning] [Decorations] CAPPING events from decorations provider vscode.git 8724
[2022-08-20 00:33:25.759] [exthost] [warning] [Decorations] CAPPING events from decorations provider vscode.git 8724
[2022-08-20 00:33:30.964] [exthost] [warning] [Decorations] CAPPING events from decorations provider vscode.git 8724
[2022-08-20 00:33:36.174] [exthost] [warning] [Decorations] CAPPING events from decorations provider vscode.git 8724
[2022-08-20 00:33:41.395] [exthost] [warning] [Decorations] CAPPING events from decorations provider vscode.git 8725
[2022-08-20 00:33:46.604] [exthost] [warning] [Decorations] CAPPING events from decorations provider vscode.git 8725
[2022-08-20 00:33:51.844] [exthost] [warning] [Decorations] CAPPING events from decorations provider vscode.git 8725
[2022-08-20 00:33:57.026] [exthost] [warning] [Decorations] CAPPING events from decorations provider vscode.git 8725
[2022-08-20 00:34:02.441] [exthost] [warning] [Decorations] CAPPING events from decorations provider vscode.git 8725
[2022-08-20 00:35:16.573] [exthost] [warning] [Decorations] CAPPING events from decorations provider vscode.git 8789
[2022-08-20 00:35:24.876] [exthost] [warning] [Decorations] CAPPING events from decorations provider vscode.git 8790
[2022-08-20 00:35:30.120] [exthost] [warning] [Decorations] CAPPING events from decorations provider vscode.git 8790
[2022-08-20 00:35:35.348] [exthost] [warning] [Decorations] CAPPING events from decorations provider vscode.git 8790
[2022-08-20 00:35:40.584] [exthost] [warning] [Decorations] CAPPING events from decorations provider vscode.git 8790
[2022-08-20 00:35:45.757] [exthost] [warning] [Decorations] CAPPING events from decorations provider vscode.git 8790
[2022-08-20 00:35:50.957] [exthost] [warning] [Decorations] CAPPING events from decorations provider vscode.git 8790
[2022-08-20 00:35:56.172] [exthost] [warning] [Decorations] CAPPING events from decorations provider vscode.git 8790
[2022-08-20 00:36:01.507] [exthost] [warning] [Decorations] CAPPING events from decorations provider vscode.git 8791
[2022-08-20 00:36:39.266] [exthost] [warning] [Decorations] CAPPING events from decorations provider vscode.git 8852
[2022-08-20 00:36:47.754] [exthost] [warning] [Decorations] CAPPING events from decorations provider vscode.git 8853
[2022-08-20 00:36:52.978] [exthost] [warning] [Decorations] CAPPING events from decorations provider vscode.git 8853
[2022-08-20 00:37:05.620] [exthost] [warning] [Decorations] CAPPING events from decorations provider vscode.git 8853
[2022-08-20 00:37:14.311] [exthost] [warning] [Decorations] CAPPING events from decorations provider vscode.git 8854
[2022-08-20 00:37:53.464] [exthost] [warning] [Decorations] CAPPING events from decorations provider vscode.git 8861
[2022-08-20 00:38:02.689] [exthost] [warning] [Decorations] CAPPING events from decorations provider vscode.git 8862
[2022-08-20 00:38:40.171] [exthost] [warning] [Decorations] CAPPING events from decorations provider vscode.git 8914
[2022-08-20 00:38:48.715] [exthost] [warning] [Decorations] CAPPING events from decorations provider vscode.git 8915
[2022-08-20 00:38:53.896] [exthost] [warning] [Decorations] CAPPING events from decorations provider vscode.git 8915
[2022-08-20 00:39:31.573] [exthost] [warning] [Decorations] CAPPING events from decorations provider vscode.git 8921
[2022-08-20 00:39:40.167] [exthost] [warning] [Decorations] CAPPING events from decorations provider vscode.git 8922
[2022-08-20 00:39:45.390] [exthost] [warning] [Decorations] CAPPING events from decorations provider vscode.git 8922
[2022-08-20 00:39:50.664] [exthost] [warning] [Decorations] CAPPING events from decorations provider vscode.git 8921
[2022-08-20 00:40:00.716] [exthost] [warning] [Decorations] CAPPING events from decorations provider vscode.git 8920
[2022-08-20 00:40:09.020] [exthost] [warning] [Decorations] CAPPING events from decorations provider vscode.git 8920
[2022-08-20 00:40:14.335] [exthost] [warning] [Decorations] CAPPING events from decorations provider vscode.git 8921
[2022-08-20 00:40:19.536] [exthost] [warning] [Decorations] CAPPING events from decorations provider vscode.git 8921
[2022-08-20 00:40:25.440] [exthost] [warning] [Decorations] CAPPING events from decorations provider vscode.git 8922
[2022-08-20 00:40:30.623] [exthost] [warning] [Decorations] CAPPING events from decorations provider vscode.git 8923
[2022-08-20 00:40:35.979] [exthost] [warning] [Decorations] CAPPING events from decorations provider vscode.git 8922
[2022-08-20 00:40:41.176] [exthost] [warning] [Decorations] CAPPING events from decorations provider vscode.git 8922
[2022-08-20 00:40:46.359] [exthost] [warning] [Decorations] CAPPING events from decorations provider vscode.git 8922
[2022-08-20 00:40:51.543] [exthost] [warning] [Decorations] CAPPING events from decorations provider vscode.git 8922
[2022-08-20 00:40:56.735] [exthost] [warning] [Decorations] CAPPING events from decorations provider vscode.git 8922
[2022-08-20 00:41:01.908] [exthost] [warning] [Decorations] CAPPING events from decorations provider vscode.git 8922
[2022-08-20 00:41:07.082] [exthost] [warning] [Decorations] CAPPING events from decorations provider vscode.git 8922
[2022-08-20 00:41:12.269] [exthost] [warning] [Decorations] CAPPING events from decorations provider vscode.git 8922
[2022-08-20 00:41:17.462] [exthost] [warning] [Decorations] CAPPING events from decorations provider vscode.git 8922
[2022-08-20 00:41:22.669] [exthost] [warning] [Decorations] CAPPING events from decorations provider vscode.git 8922
[2022-08-20 00:41:27.850] [exthost] [warning] [Decorations] CAPPING events from decorations provider vscode.git 8922
[2022-08-20 00:41:33.039] [exthost] [warning] [Decorations] CAPPING events from decorations provider vscode.git 8922
[2022-08-20 00:41:38.235] [exthost] [warning] [Decorations] CAPPING events from decorations provider vscode.git 8922
[2022-08-20 00:41:43.460] [exthost] [warning] [Decorations] CAPPING events from decorations provider vscode.git 8922
[2022-08-20 00:41:48.756] [exthost] [warning] [Decorations] CAPPING events from decorations provider vscode.git 8922
[2022-08-20 00:41:53.966] [exthost] [warning] [Decorations] CAPPING events from decorations provider vscode.git 8923
[2022-08-20 00:41:59.140] [exthost] [warning] [Decorations] CAPPING events from decorations provider vscode.git 8923
[2022-08-20 00:42:04.330] [exthost] [warning] [Decorations] CAPPING events from decorations provider vscode.git 8923
[2022-08-20 00:42:09.550] [exthost] [warning] [Decorations] CAPPING events from decorations provider vscode.git 8923
[2022-08-20 00:42:14.771] [exthost] [warning] [Decorations] CAPPING events from decorations provider vscode.git 8923
[2022-08-20 00:42:20.615] [exthost] [warning] [Decorations] CAPPING events from decorations provider vscode.git 8924
[2022-08-20 00:42:25.807] [exthost] [warning] [Decorations] CAPPING events from decorations provider vscode.git 8923
[2022-08-20 00:42:30.989] [exthost] [warning] [Decorations] CAPPING events from decorations provider vscode.git 8923
[2022-08-20 00:42:36.158] [exthost] [warning] [Decorations] CAPPING events from decorations provider vscode.git 8923
[2022-08-20 00:42:41.797] [exthost] [warning] [Decorations] CAPPING events from decorations provider vscode.git 8923
[2022-08-20 00:42:47.014] [exthost] [warning] [Decorations] CAPPING events from decorations provider vscode.git 8923
[2022-08-20 00:42:52.203] [exthost] [warning] [Decorations] CAPPING events from decorations provider vscode.git 8924
[2022-08-20 00:42:57.477] [exthost] [warning] [Decorations] CAPPING events from decorations provider vscode.git 8924
[2022-08-20 00:43:04.481] [exthost] [warning] [Decorations] CAPPING events from decorations provider vscode.git 8925
[2022-08-20 00:43:14.204] [exthost] [warning] [Decorations] CAPPING events from decorations provider vscode.git 8924
[2022-08-20 00:43:19.381] [exthost] [warning] [Decorations] CAPPING events from decorations provider vscode.git 8924
[2022-08-20 00:43:24.552] [exthost] [warning] [Decorations] CAPPING events from decorations provider vscode.git 8924
[2022-08-20 00:43:29.966] [exthost] [warning] [Decorations] CAPPING events from decorations provider vscode.git 8924
[2022-08-20 00:43:39.704] [exthost] [warning] [Decorations] CAPPING events from decorations provider vscode.git 8924
[2022-08-20 00:43:48.509] [exthost] [warning] [Decorations] CAPPING events from decorations provider vscode.git 8924
[2022-08-20 00:43:53.697] [exthost] [warning] [Decorations] CAPPING events from decorations provider vscode.git 8924
[2022-08-20 00:43:58.889] [exthost] [warning] [Decorations] CAPPING events from decorations provider vscode.git 8924
[2022-08-20 00:44:04.821] [exthost] [warning] [Decorations] CAPPING events from decorations provider vscode.git 8927
[2022-08-20 00:44:12.965] [exthost] [warning] [Decorations] CAPPING events from decorations provider vscode.git 8927
[2022-08-20 00:44:18.166] [exthost] [warning] [Decorations] CAPPING events from decorations provider vscode.git 8930
[2022-08-20 00:44:23.360] [exthost] [warning] [Decorations] CAPPING events from decorations provider vscode.git 8930
[2022-08-20 00:44:28.552] [exthost] [warning] [Decorations] CAPPING events from decorations provider vscode.git 8929
[2022-08-20 00:44:33.728] [exthost] [warning] [Decorations] CAPPING events from decorations provider vscode.git 8927
[2022-08-20 00:44:38.902] [exthost] [warning] [Decorations] CAPPING events from decorations provider vscode.git 8927
[2022-08-20 00:44:44.100] [exthost] [warning] [Decorations] CAPPING events from decorations provider vscode.git 8927
[2022-08-20 00:44:49.308] [exthost] [warning] [Decorations] CAPPING events from decorations provider vscode.git 8927
[2022-08-20 00:44:54.502] [exthost] [warning] [Decorations] CAPPING events from decorations provider vscode.git 8927
[2022-08-20 00:44:59.686] [exthost] [warning] [Decorations] CAPPING events from decorations provider vscode.git 8927
[2022-08-20 00:45:04.866] [exthost] [warning] [Decorations] CAPPING events from decorations provider vscode.git 8927
[2022-08-20 00:45:10.042] [exthost] [warning] [Decorations] CAPPING events from decorations provider vscode.git 8927
[2022-08-20 00:45:15.221] [exthost] [warning] [Decorations] CAPPING events from decorations provider vscode.git 8927
[2022-08-20 00:45:20.404] [exthost] [warning] [Decorations] CAPPING events from decorations provider vscode.git 8927
[2022-08-20 00:45:25.598] [exthost] [warning] [Decorations] CAPPING events from decorations provider vscode.git 8927
[2022-08-20 00:45:30.810] [exthost] [warning] [Decorations] CAPPING events from decorations provider vscode.git 8927
[2022-08-20 00:45:35.995] [exthost] [warning] [Decorations] CAPPING events from decorations provider vscode.git 8927
[2022-08-20 00:45:41.178] [exthost] [warning] [Decorations] CAPPING events from decorations provider vscode.git 8927
[2022-08-20 00:45:46.377] [exthost] [warning] [Decorations] CAPPING events from decorations provider vscode.git 8927
[2022-08-20 00:45:51.695] [exthost] [warning] [Decorations] CAPPING events from decorations provider vscode.git 8927
[2022-08-20 00:45:56.867] [exthost] [warning] [Decorations] CAPPING events from decorations provider vscode.git 8927
[2022-08-20 00:46:02.043] [exthost] [warning] [Decorations] CAPPING events from decorations provider vscode.git 8927
[2022-08-20 00:46:07.273] [exthost] [warning] [Decorations] CAPPING events from decorations provider vscode.git 8927
[2022-08-20 00:46:12.458] [exthost] [warning] [Decorations] CAPPING events from decorations provider vscode.git 8927
[2022-08-20 00:46:17.632] [exthost] [warning] [Decorations] CAPPING events from decorations provider vscode.git 8927
[2022-08-20 00:46:22.821] [exthost] [warning] [Decorations] CAPPING events from decorations provider vscode.git 8927
[2022-08-20 00:46:27.995] [exthost] [warning] [Decorations] CAPPING events from decorations provider vscode.git 8927
[2022-08-20 00:46:33.224] [exthost] [warning] [Decorations] CAPPING events from decorations provider vscode.git 8927
[2022-08-20 00:46:38.405] [exthost] [warning] [Decorations] CAPPING events from decorations provider vscode.git 8927
[2022-08-20 01:06:51.265] [exthost] [warning] [Decorations] CAPPING events from decorations provider vscode.git 9096
[2022-08-20 01:07:48.999] [exthost] [warning] [Decorations] CAPPING events from decorations provider vscode.git 9095
[2022-08-20 01:08:26.441] [exthost] [warning] [Decorations] CAPPING events from decorations provider vscode.git 9095
[2022-08-20 01:09:08.602] [exthost] [warning] [Decorations] CAPPING events from decorations provider vscode.git 9095
[2022-08-20 01:09:38.911] [exthost] [warning] [Decorations] CAPPING events from decorations provider vscode.git 9095
[2022-08-20 01:10:05.155] [exthost] [warning] [Decorations] CAPPING events from decorations provider vscode.git 9095
[2022-08-20 01:10:23.651] [exthost] [warning] [Decorations] CAPPING events from decorations provider vscode.git 9095
[2022-08-20 01:10:35.006] [exthost] [warning] [Decorations] CAPPING events from decorations provider vscode.git 9095
[2022-08-20 01:10:42.164] [exthost] [warning] [Decorations] CAPPING events from decorations provider vscode.git 9095
[2022-08-20 01:10:53.442] [exthost] [warning] [Decorations] CAPPING events from decorations provider vscode.git 9095
[2022-08-20 01:11:04.979] [exthost] [warning] [Decorations] CAPPING events from decorations provider vscode.git 9095
[2022-08-20 01:11:11.211] [exthost] [warning] [Decorations] CAPPING events from decorations provider vscode.git 9095
[2022-08-20 01:11:17.041] [exthost] [warning] [Decorations] CAPPING events from decorations provider vscode.git 9095
[2022-08-20 01:11:23.413] [exthost] [warning] [Decorations] CAPPING events from decorations provider vscode.git 9095
[2022-08-20 01:11:29.158] [exthost] [warning] [Decorations] CAPPING events from decorations provider vscode.git 9095
[2022-08-20 01:11:35.420] [exthost] [warning] [Decorations] CAPPING events from decorations provider vscode.git 9095
[2022-08-20 01:11:44.481] [exthost] [warning] [Decorations] CAPPING events from decorations provider vscode.git 9095
[2022-08-20 01:11:50.334] [exthost] [warning] [Decorations] CAPPING events from decorations provider vscode.git 9095
[2022-08-20 01:12:00.029] [exthost] [warning] [Decorations] CAPPING events from decorations provider vscode.git 9095
[2022-08-20 01:12:09.697] [exthost] [warning] [Decorations] CAPPING events from decorations provider vscode.git 9095
[2022-08-20 01:12:19.488] [exthost] [warning] [Decorations] CAPPING events from decorations provider vscode.git 9095
[2022-08-20 01:12:30.489] [exthost] [warning] [Decorations] CAPPING events from decorations provider vscode.git 9095
[2022-08-20 01:25:56.547] [exthost] [warning] [Decorations] CAPPING events from decorations provider vscode.git 9103
[2022-08-20 01:26:09.469] [exthost] [info] Extension host terminating: received terminate message from renderer
[2022-08-20 01:26:09.570] [exthost] [info] Extension host with pid 4611 exiting with code 0
