[2022-08-18 17:53:12.578] [exthost] [info] Extension host with pid 4633 started
[2022-08-18 17:53:12.578] [exthost] [info] Skipping acquiring lock for /home/katherinesanchez/.config/Code/User/workspaceStorage/8ee62fecb78d389cea180eb8511aa44c.
[2022-08-18 17:53:13.908] [exthost] [info] ExtensionService#_doActivateExtension vscode.typescript-language-features, startup: false, activationEvent: 'onLanguage:javascript'
[2022-08-18 17:53:13.957] [exthost] [info] ExtensionService#_doActivateExtension vscode.microsoft-authentication, startup: false, activationEvent: 'onAuthenticationRequest:microsoft'
[2022-08-18 17:53:14.064] [exthost] [info] ExtensionService#_doActivateExtension vscode.debug-auto-launch, startup: true, activationEvent: '*'
[2022-08-18 17:53:14.071] [exthost] [info] ExtensionService#_doActivateExtension vscode.git-base, startup: true, activationEvent: '*', root cause: vscode.git
[2022-08-18 17:53:14.077] [exthost] [info] ExtensionService#_doActivateExtension vscode.ipynb, startup: true, activationEvent: '*'
[2022-08-18 17:53:15.096] [exthost] [info] ExtensionService#_doActivateExtension vscode.git, startup: true, activationEvent: '*'
[2022-08-18 17:53:15.335] [exthost] [info] ExtensionService#_doActivateExtension vscode.github, startup: true, activationEvent: '*'
[2022-08-18 17:53:15.763] [exthost] [info] Eager extensions activated
[2022-08-18 17:53:15.953] [exthost] [info] ExtensionService#_doActivateExtension vscode.emmet, startup: false, activationEvent: 'onStartupFinished'
[2022-08-18 17:53:16.030] [exthost] [info] ExtensionService#_doActivateExtension vscode.merge-conflict, startup: false, activationEvent: 'onStartupFinished'
[2022-08-18 17:53:16.061] [exthost] [info] ExtensionService#_doActivateExtension equinusocio.vsc-material-theme-icons, startup: false, activationEvent: 'onStartupFinished'
[2022-08-18 17:53:16.648] [exthost] [info] ExtensionService#_doActivateExtension vscode.github-authentication, startup: false, activationEvent: 'onAuthenticationRequest:github'
[2022-08-18 17:53:17.450] [exthost] [warning] [Decorations] CAPPING events from decorations provider vscode.git 7389
[2022-08-18 17:53:22.441] [exthost] [warning] [Decorations] CAPPING events from decorations provider vscode.git 7393
[2022-08-18 17:53:28.179] [exthost] [warning] [Decorations] CAPPING events from decorations provider vscode.git 7395
[2022-08-18 17:53:33.418] [exthost] [warning] [Decorations] CAPPING events from decorations provider vscode.git 7395
[2022-08-18 17:53:40.822] [exthost] [warning] [Decorations] CAPPING events from decorations provider vscode.git 7395
[2022-08-18 17:53:45.989] [exthost] [warning] [Decorations] CAPPING events from decorations provider vscode.git 7394
[2022-08-18 17:53:51.129] [exthost] [warning] [Decorations] CAPPING events from decorations provider vscode.git 7394
[2022-08-18 17:53:56.273] [exthost] [warning] [Decorations] CAPPING events from decorations provider vscode.git 7394
[2022-08-18 17:54:01.418] [exthost] [warning] [Decorations] CAPPING events from decorations provider vscode.git 7394
[2022-08-18 17:54:06.655] [exthost] [warning] [Decorations] CAPPING events from decorations provider vscode.git 7394
[2022-08-18 17:54:11.827] [exthost] [warning] [Decorations] CAPPING events from decorations provider vscode.git 7395
[2022-08-18 17:54:17.004] [exthost] [warning] [Decorations] CAPPING events from decorations provider vscode.git 7395
[2022-08-18 17:54:22.152] [exthost] [warning] [Decorations] CAPPING events from decorations provider vscode.git 7395
[2022-08-18 17:54:27.304] [exthost] [warning] [Decorations] CAPPING events from decorations provider vscode.git 7395
[2022-08-18 17:54:32.445] [exthost] [warning] [Decorations] CAPPING events from decorations provider vscode.git 7398
[2022-08-18 17:54:37.586] [exthost] [warning] [Decorations] CAPPING events from decorations provider vscode.git 7398
[2022-08-18 17:54:42.745] [exthost] [warning] [Decorations] CAPPING events from decorations provider vscode.git 7397
[2022-08-18 17:54:47.896] [exthost] [warning] [Decorations] CAPPING events from decorations provider vscode.git 7395
[2022-08-18 17:54:53.040] [exthost] [warning] [Decorations] CAPPING events from decorations provider vscode.git 7395
[2022-08-18 17:54:58.183] [exthost] [warning] [Decorations] CAPPING events from decorations provider vscode.git 7395
[2022-08-18 17:55:03.335] [exthost] [warning] [Decorations] CAPPING events from decorations provider vscode.git 7395
[2022-08-18 17:55:08.481] [exthost] [warning] [Decorations] CAPPING events from decorations provider vscode.git 7395
[2022-08-18 17:55:13.626] [exthost] [warning] [Decorations] CAPPING events from decorations provider vscode.git 7395
[2022-08-18 17:55:18.790] [exthost] [warning] [Decorations] CAPPING events from decorations provider vscode.git 7395
[2022-08-18 17:55:23.934] [exthost] [warning] [Decorations] CAPPING events from decorations provider vscode.git 7395
[2022-08-18 17:55:29.088] [exthost] [warning] [Decorations] CAPPING events from decorations provider vscode.git 7395
[2022-08-18 17:55:34.231] [exthost] [warning] [Decorations] CAPPING events from decorations provider vscode.git 7395
[2022-08-18 17:55:39.385] [exthost] [warning] [Decorations] CAPPING events from decorations provider vscode.git 7395
[2022-08-18 17:55:44.537] [exthost] [warning] [Decorations] CAPPING events from decorations provider vscode.git 7395
[2022-08-18 17:55:49.707] [exthost] [warning] [Decorations] CAPPING events from decorations provider vscode.git 7395
[2022-08-18 17:55:54.921] [exthost] [warning] [Decorations] CAPPING events from decorations provider vscode.git 7395
[2022-08-18 17:56:04.470] [exthost] [warning] [Decorations] CAPPING events from decorations provider vscode.git 7395
[2022-08-18 17:56:10.160] [exthost] [warning] [Decorations] CAPPING events from decorations provider vscode.git 7395
[2022-08-18 17:56:15.308] [exthost] [warning] [Decorations] CAPPING events from decorations provider vscode.git 7395
[2022-08-18 17:56:20.463] [exthost] [warning] [Decorations] CAPPING events from decorations provider vscode.git 7395
[2022-08-18 17:56:25.707] [exthost] [warning] [Decorations] CAPPING events from decorations provider vscode.git 7395
[2022-08-18 17:56:33.418] [exthost] [warning] [Decorations] CAPPING events from decorations provider vscode.git 7395
[2022-08-18 17:56:38.570] [exthost] [warning] [Decorations] CAPPING events from decorations provider vscode.git 7395
[2022-08-18 17:56:56.112] [exthost] [warning] [Decorations] CAPPING events from decorations provider vscode.git 7429
[2022-08-18 17:57:04.207] [exthost] [warning] [Decorations] CAPPING events from decorations provider vscode.git 7431
[2022-08-18 17:57:09.362] [exthost] [warning] [Decorations] CAPPING events from decorations provider vscode.git 7431
[2022-08-18 17:57:14.536] [exthost] [warning] [Decorations] CAPPING events from decorations provider vscode.git 7431
[2022-08-18 17:57:19.706] [exthost] [warning] [Decorations] CAPPING events from decorations provider vscode.git 7431
[2022-08-18 17:57:24.864] [exthost] [warning] [Decorations] CAPPING events from decorations provider vscode.git 7432
[2022-08-18 17:57:30.055] [exthost] [warning] [Decorations] CAPPING events from decorations provider vscode.git 7432
[2022-08-18 17:57:35.218] [exthost] [warning] [Decorations] CAPPING events from decorations provider vscode.git 7432
[2022-08-18 17:57:40.382] [exthost] [warning] [Decorations] CAPPING events from decorations provider vscode.git 7432
[2022-08-18 17:57:45.527] [exthost] [warning] [Decorations] CAPPING events from decorations provider vscode.git 7432
[2022-08-18 17:57:50.670] [exthost] [warning] [Decorations] CAPPING events from decorations provider vscode.git 7432
[2022-08-18 17:57:55.438] [exthost] [info] ExtensionService#_doActivateExtension vscode.references-view, startup: false, activationEvent: 'onCommand:references-view.showCallHierarchy'
[2022-08-18 17:57:55.989] [exthost] [warning] [Decorations] CAPPING events from decorations provider vscode.git 7432
[2022-08-18 17:58:03.458] [exthost] [warning] [Decorations] CAPPING events from decorations provider vscode.git 7432
[2022-08-18 17:58:09.131] [exthost] [warning] [Decorations] CAPPING events from decorations provider vscode.git 7433
[2022-08-18 17:58:14.335] [exthost] [warning] [Decorations] CAPPING events from decorations provider vscode.git 7433
[2022-08-18 17:58:19.482] [exthost] [warning] [Decorations] CAPPING events from decorations provider vscode.git 7433
[2022-08-18 17:58:24.653] [exthost] [warning] [Decorations] CAPPING events from decorations provider vscode.git 7433
[2022-08-18 17:58:29.871] [exthost] [warning] [Decorations] CAPPING events from decorations provider vscode.git 7433
[2022-08-18 17:58:35.112] [exthost] [warning] [Decorations] CAPPING events from decorations provider vscode.git 7433
[2022-08-18 17:58:40.274] [exthost] [warning] [Decorations] CAPPING events from decorations provider vscode.git 7433
[2022-08-18 17:58:45.438] [exthost] [warning] [Decorations] CAPPING events from decorations provider vscode.git 7433
[2022-08-18 17:58:50.592] [exthost] [warning] [Decorations] CAPPING events from decorations provider vscode.git 7433
[2022-08-18 17:58:55.811] [exthost] [warning] [Decorations] CAPPING events from decorations provider vscode.git 7433
[2022-08-18 17:59:00.994] [exthost] [warning] [Decorations] CAPPING events from decorations provider vscode.git 7433
[2022-08-18 17:59:06.190] [exthost] [warning] [Decorations] CAPPING events from decorations provider vscode.git 7433
[2022-08-18 17:59:13.811] [exthost] [warning] [Decorations] CAPPING events from decorations provider vscode.git 7433
[2022-08-18 17:59:18.968] [exthost] [warning] [Decorations] CAPPING events from decorations provider vscode.git 7433
[2022-08-18 17:59:24.156] [exthost] [warning] [Decorations] CAPPING events from decorations provider vscode.git 7433
[2022-08-18 17:59:29.302] [exthost] [warning] [Decorations] CAPPING events from decorations provider vscode.git 7433
[2022-08-18 17:59:34.441] [exthost] [warning] [Decorations] CAPPING events from decorations provider vscode.git 7434
[2022-08-18 17:59:39.608] [exthost] [warning] [Decorations] CAPPING events from decorations provider vscode.git 7434
[2022-08-18 17:59:44.754] [exthost] [warning] [Decorations] CAPPING events from decorations provider vscode.git 7434
[2022-08-18 17:59:49.908] [exthost] [warning] [Decorations] CAPPING events from decorations provider vscode.git 7433
[2022-08-18 17:59:55.083] [exthost] [warning] [Decorations] CAPPING events from decorations provider vscode.git 7433
[2022-08-18 18:00:00.224] [exthost] [warning] [Decorations] CAPPING events from decorations provider vscode.git 7433
[2022-08-18 18:00:05.388] [exthost] [warning] [Decorations] CAPPING events from decorations provider vscode.git 7433
[2022-08-18 18:00:10.542] [exthost] [warning] [Decorations] CAPPING events from decorations provider vscode.git 7433
[2022-08-18 18:00:15.701] [exthost] [warning] [Decorations] CAPPING events from decorations provider vscode.git 7433
[2022-08-18 18:00:20.859] [exthost] [warning] [Decorations] CAPPING events from decorations provider vscode.git 7433
[2022-08-18 18:00:25.998] [exthost] [warning] [Decorations] CAPPING events from decorations provider vscode.git 7433
[2022-08-18 18:00:31.162] [exthost] [warning] [Decorations] CAPPING events from decorations provider vscode.git 7433
[2022-08-18 18:00:36.314] [exthost] [warning] [Decorations] CAPPING events from decorations provider vscode.git 7433
[2022-08-18 18:00:41.476] [exthost] [warning] [Decorations] CAPPING events from decorations provider vscode.git 7433
[2022-08-18 18:00:46.656] [exthost] [warning] [Decorations] CAPPING events from decorations provider vscode.git 7433
[2022-08-18 18:00:51.967] [exthost] [warning] [Decorations] CAPPING events from decorations provider vscode.git 7433
[2022-08-18 18:00:57.130] [exthost] [warning] [Decorations] CAPPING events from decorations provider vscode.git 7433
[2022-08-18 18:01:02.270] [exthost] [warning] [Decorations] CAPPING events from decorations provider vscode.git 7433
[2022-08-18 18:01:07.452] [exthost] [warning] [Decorations] CAPPING events from decorations provider vscode.git 7434
[2022-08-18 18:01:12.599] [exthost] [warning] [Decorations] CAPPING events from decorations provider vscode.git 7433
[2022-08-18 18:01:17.745] [exthost] [warning] [Decorations] CAPPING events from decorations provider vscode.git 7433
[2022-08-18 18:01:22.903] [exthost] [warning] [Decorations] CAPPING events from decorations provider vscode.git 7433
[2022-08-18 18:01:28.715] [exthost] [warning] [Decorations] CAPPING events from decorations provider vscode.git 7434
[2022-08-18 18:01:33.871] [exthost] [warning] [Decorations] CAPPING events from decorations provider vscode.git 7434
[2022-08-18 18:01:39.057] [exthost] [warning] [Decorations] CAPPING events from decorations provider vscode.git 7434
[2022-08-18 18:01:44.203] [exthost] [warning] [Decorations] CAPPING events from decorations provider vscode.git 7434
[2022-08-18 18:01:49.379] [exthost] [warning] [Decorations] CAPPING events from decorations provider vscode.git 7434
[2022-08-18 18:01:54.531] [exthost] [warning] [Decorations] CAPPING events from decorations provider vscode.git 7434
[2022-08-18 18:01:59.682] [exthost] [warning] [Decorations] CAPPING events from decorations provider vscode.git 7434
[2022-08-18 18:02:04.829] [exthost] [warning] [Decorations] CAPPING events from decorations provider vscode.git 7434
[2022-08-18 18:02:09.979] [exthost] [warning] [Decorations] CAPPING events from decorations provider vscode.git 7434
[2022-08-18 18:02:15.128] [exthost] [warning] [Decorations] CAPPING events from decorations provider vscode.git 7434
[2022-08-18 18:02:20.272] [exthost] [warning] [Decorations] CAPPING events from decorations provider vscode.git 7434
[2022-08-18 18:02:25.430] [exthost] [warning] [Decorations] CAPPING events from decorations provider vscode.git 7434
[2022-08-18 18:02:30.596] [exthost] [warning] [Decorations] CAPPING events from decorations provider vscode.git 7434
[2022-08-18 18:02:35.868] [exthost] [warning] [Decorations] CAPPING events from decorations provider vscode.git 7434
[2022-08-18 18:02:41.116] [exthost] [warning] [Decorations] CAPPING events from decorations provider vscode.git 7434
[2022-08-18 18:02:49.243] [exthost] [warning] [Decorations] CAPPING events from decorations provider vscode.git 7434
[2022-08-18 18:02:54.394] [exthost] [warning] [Decorations] CAPPING events from decorations provider vscode.git 7434
[2022-08-18 18:02:59.562] [exthost] [warning] [Decorations] CAPPING events from decorations provider vscode.git 7434
[2022-08-18 18:03:04.731] [exthost] [warning] [Decorations] CAPPING events from decorations provider vscode.git 7434
[2022-08-18 18:03:10.329] [exthost] [warning] [Decorations] CAPPING events from decorations provider vscode.git 7434
[2022-08-18 18:03:15.480] [exthost] [warning] [Decorations] CAPPING events from decorations provider vscode.git 7434
[2022-08-18 18:03:20.634] [exthost] [warning] [Decorations] CAPPING events from decorations provider vscode.git 7434
[2022-08-18 18:03:25.810] [exthost] [warning] [Decorations] CAPPING events from decorations provider vscode.git 7434
[2022-08-18 18:03:30.989] [exthost] [warning] [Decorations] CAPPING events from decorations provider vscode.git 7434
[2022-08-18 18:03:36.143] [exthost] [warning] [Decorations] CAPPING events from decorations provider vscode.git 7434
[2022-08-18 18:03:41.309] [exthost] [warning] [Decorations] CAPPING events from decorations provider vscode.git 7434
[2022-08-18 18:03:46.470] [exthost] [warning] [Decorations] CAPPING events from decorations provider vscode.git 7434
[2022-08-18 18:03:51.626] [exthost] [warning] [Decorations] CAPPING events from decorations provider vscode.git 7434
[2022-08-18 18:03:56.768] [exthost] [warning] [Decorations] CAPPING events from decorations provider vscode.git 7434
[2022-08-18 18:04:02.064] [exthost] [warning] [Decorations] CAPPING events from decorations provider vscode.git 7434
[2022-08-18 18:04:14.119] [exthost] [warning] [Decorations] CAPPING events from decorations provider vscode.git 7434
[2022-08-18 18:04:19.291] [exthost] [warning] [Decorations] CAPPING events from decorations provider vscode.git 7435
[2022-08-18 18:04:24.627] [exthost] [warning] [Decorations] CAPPING events from decorations provider vscode.git 7434
[2022-08-18 18:04:31.296] [exthost] [warning] [Decorations] CAPPING events from decorations provider vscode.git 7436
[2022-08-18 18:04:36.504] [exthost] [warning] [Decorations] CAPPING events from decorations provider vscode.git 7436
[2022-08-18 18:04:41.714] [exthost] [warning] [Decorations] CAPPING events from decorations provider vscode.git 7436
[2022-08-18 18:04:46.886] [exthost] [warning] [Decorations] CAPPING events from decorations provider vscode.git 7436
[2022-08-18 18:04:52.062] [exthost] [warning] [Decorations] CAPPING events from decorations provider vscode.git 7435
[2022-08-18 18:04:57.219] [exthost] [warning] [Decorations] CAPPING events from decorations provider vscode.git 7436
[2022-08-18 18:05:02.383] [exthost] [warning] [Decorations] CAPPING events from decorations provider vscode.git 7435
[2022-08-18 18:05:07.543] [exthost] [warning] [Decorations] CAPPING events from decorations provider vscode.git 7435
[2022-08-18 18:05:12.698] [exthost] [warning] [Decorations] CAPPING events from decorations provider vscode.git 7435
[2022-08-18 18:05:17.845] [exthost] [warning] [Decorations] CAPPING events from decorations provider vscode.git 7435
[2022-08-18 18:05:23.000] [exthost] [warning] [Decorations] CAPPING events from decorations provider vscode.git 7435
[2022-08-18 18:05:28.146] [exthost] [warning] [Decorations] CAPPING events from decorations provider vscode.git 7435
[2022-08-18 18:05:33.291] [exthost] [warning] [Decorations] CAPPING events from decorations provider vscode.git 7435
[2022-08-18 18:05:38.695] [exthost] [warning] [Decorations] CAPPING events from decorations provider vscode.git 7435
[2022-08-18 18:05:43.849] [exthost] [warning] [Decorations] CAPPING events from decorations provider vscode.git 7435
[2022-08-18 18:05:49.057] [exthost] [warning] [Decorations] CAPPING events from decorations provider vscode.git 7435
[2022-08-18 18:05:54.253] [exthost] [warning] [Decorations] CAPPING events from decorations provider vscode.git 7435
[2022-08-18 18:05:59.421] [exthost] [warning] [Decorations] CAPPING events from decorations provider vscode.git 7435
[2022-08-18 18:06:04.645] [exthost] [warning] [Decorations] CAPPING events from decorations provider vscode.git 7435
[2022-08-18 18:06:09.814] [exthost] [warning] [Decorations] CAPPING events from decorations provider vscode.git 7435
[2022-08-18 18:06:14.960] [exthost] [warning] [Decorations] CAPPING events from decorations provider vscode.git 7435
[2022-08-18 18:06:20.104] [exthost] [warning] [Decorations] CAPPING events from decorations provider vscode.git 7435
[2022-08-18 18:06:25.265] [exthost] [warning] [Decorations] CAPPING events from decorations provider vscode.git 7435
[2022-08-18 18:06:30.432] [exthost] [warning] [Decorations] CAPPING events from decorations provider vscode.git 7435
[2022-08-18 18:06:35.637] [exthost] [warning] [Decorations] CAPPING events from decorations provider vscode.git 7435
[2022-08-18 18:07:12.506] [exthost] [warning] [Decorations] CAPPING events from decorations provider vscode.git 7502
[2022-08-18 18:07:17.690] [exthost] [warning] [Decorations] CAPPING events from decorations provider vscode.git 7503
[2022-08-18 18:07:22.874] [exthost] [warning] [Decorations] CAPPING events from decorations provider vscode.git 7503
[2022-08-18 18:07:28.033] [exthost] [warning] [Decorations] CAPPING events from decorations provider vscode.git 7503
[2022-08-18 18:07:33.180] [exthost] [warning] [Decorations] CAPPING events from decorations provider vscode.git 7503
[2022-08-18 18:07:38.357] [exthost] [warning] [Decorations] CAPPING events from decorations provider vscode.git 7503
[2022-08-18 18:07:43.506] [exthost] [warning] [Decorations] CAPPING events from decorations provider vscode.git 7503
[2022-08-18 18:07:48.679] [exthost] [warning] [Decorations] CAPPING events from decorations provider vscode.git 7503
[2022-08-18 18:07:53.888] [exthost] [warning] [Decorations] CAPPING events from decorations provider vscode.git 7503
[2022-08-18 18:07:59.039] [exthost] [warning] [Decorations] CAPPING events from decorations provider vscode.git 7503
[2022-08-18 18:08:04.191] [exthost] [warning] [Decorations] CAPPING events from decorations provider vscode.git 7503
[2022-08-18 18:08:09.350] [exthost] [warning] [Decorations] CAPPING events from decorations provider vscode.git 7503
[2022-08-18 18:08:14.526] [exthost] [warning] [Decorations] CAPPING events from decorations provider vscode.git 7503
[2022-08-18 18:08:19.689] [exthost] [warning] [Decorations] CAPPING events from decorations provider vscode.git 7503
[2022-08-18 18:08:24.855] [exthost] [warning] [Decorations] CAPPING events from decorations provider vscode.git 7503
[2022-08-18 18:08:30.006] [exthost] [warning] [Decorations] CAPPING events from decorations provider vscode.git 7503
[2022-08-18 18:08:35.155] [exthost] [warning] [Decorations] CAPPING events from decorations provider vscode.git 7503
[2022-08-18 18:08:40.304] [exthost] [warning] [Decorations] CAPPING events from decorations provider vscode.git 7503
[2022-08-18 18:08:45.492] [exthost] [warning] [Decorations] CAPPING events from decorations provider vscode.git 7503
[2022-08-18 18:08:50.653] [exthost] [warning] [Decorations] CAPPING events from decorations provider vscode.git 7503
[2022-08-18 18:08:55.835] [exthost] [warning] [Decorations] CAPPING events from decorations provider vscode.git 7503
[2022-08-18 18:09:01.011] [exthost] [warning] [Decorations] CAPPING events from decorations provider vscode.git 7503
[2022-08-18 18:09:06.231] [exthost] [warning] [Decorations] CAPPING events from decorations provider vscode.git 7503
[2022-08-18 18:09:11.397] [exthost] [warning] [Decorations] CAPPING events from decorations provider vscode.git 7503
[2022-08-18 18:09:16.563] [exthost] [warning] [Decorations] CAPPING events from decorations provider vscode.git 7503
[2022-08-18 18:09:21.729] [exthost] [warning] [Decorations] CAPPING events from decorations provider vscode.git 7503
[2022-08-18 18:09:26.894] [exthost] [warning] [Decorations] CAPPING events from decorations provider vscode.git 7503
[2022-08-18 18:09:32.083] [exthost] [warning] [Decorations] CAPPING events from decorations provider vscode.git 7506
[2022-08-18 18:09:37.243] [exthost] [warning] [Decorations] CAPPING events from decorations provider vscode.git 7506
[2022-08-18 18:09:42.407] [exthost] [warning] [Decorations] CAPPING events from decorations provider vscode.git 7505
[2022-08-18 18:09:47.597] [exthost] [warning] [Decorations] CAPPING events from decorations provider vscode.git 7506
[2022-08-18 18:09:52.750] [exthost] [warning] [Decorations] CAPPING events from decorations provider vscode.git 7503
[2022-08-18 18:09:57.937] [exthost] [warning] [Decorations] CAPPING events from decorations provider vscode.git 7503
[2022-08-18 18:10:03.096] [exthost] [warning] [Decorations] CAPPING events from decorations provider vscode.git 7503
[2022-08-18 18:10:08.261] [exthost] [warning] [Decorations] CAPPING events from decorations provider vscode.git 7503
[2022-08-18 18:10:13.418] [exthost] [warning] [Decorations] CAPPING events from decorations provider vscode.git 7503
[2022-08-18 18:10:18.565] [exthost] [warning] [Decorations] CAPPING events from decorations provider vscode.git 7503
[2022-08-18 18:10:23.731] [exthost] [warning] [Decorations] CAPPING events from decorations provider vscode.git 7503
[2022-08-18 18:10:28.880] [exthost] [warning] [Decorations] CAPPING events from decorations provider vscode.git 7503
[2022-08-18 18:10:34.028] [exthost] [warning] [Decorations] CAPPING events from decorations provider vscode.git 7503
[2022-08-18 18:10:39.175] [exthost] [warning] [Decorations] CAPPING events from decorations provider vscode.git 7503
[2022-08-18 18:10:44.324] [exthost] [warning] [Decorations] CAPPING events from decorations provider vscode.git 7503
[2022-08-18 18:10:49.542] [exthost] [warning] [Decorations] CAPPING events from decorations provider vscode.git 7503
[2022-08-18 18:10:54.704] [exthost] [warning] [Decorations] CAPPING events from decorations provider vscode.git 7503
[2022-08-18 18:10:59.851] [exthost] [warning] [Decorations] CAPPING events from decorations provider vscode.git 7503
[2022-08-18 18:11:05.014] [exthost] [warning] [Decorations] CAPPING events from decorations provider vscode.git 7503
[2022-08-18 18:11:10.164] [exthost] [warning] [Decorations] CAPPING events from decorations provider vscode.git 7503
[2022-08-18 18:11:15.318] [exthost] [warning] [Decorations] CAPPING events from decorations provider vscode.git 7503
[2022-08-18 18:11:20.472] [exthost] [warning] [Decorations] CAPPING events from decorations provider vscode.git 7503
[2022-08-18 18:11:25.645] [exthost] [warning] [Decorations] CAPPING events from decorations provider vscode.git 7503
[2022-08-18 18:11:30.805] [exthost] [warning] [Decorations] CAPPING events from decorations provider vscode.git 7503
[2022-08-18 18:11:35.960] [exthost] [warning] [Decorations] CAPPING events from decorations provider vscode.git 7503
[2022-08-18 18:11:41.109] [exthost] [warning] [Decorations] CAPPING events from decorations provider vscode.git 7503
[2022-08-18 18:11:46.262] [exthost] [warning] [Decorations] CAPPING events from decorations provider vscode.git 7503
[2022-08-18 18:11:51.415] [exthost] [warning] [Decorations] CAPPING events from decorations provider vscode.git 7503
[2022-08-18 18:11:56.568] [exthost] [warning] [Decorations] CAPPING events from decorations provider vscode.git 7503
[2022-08-18 18:12:01.733] [exthost] [warning] [Decorations] CAPPING events from decorations provider vscode.git 7503
[2022-08-18 18:12:06.920] [exthost] [warning] [Decorations] CAPPING events from decorations provider vscode.git 7504
[2022-08-18 18:12:12.108] [exthost] [warning] [Decorations] CAPPING events from decorations provider vscode.git 7504
[2022-08-18 18:12:17.255] [exthost] [warning] [Decorations] CAPPING events from decorations provider vscode.git 7504
[2022-08-18 18:12:22.534] [exthost] [warning] [Decorations] CAPPING events from decorations provider vscode.git 7505
[2022-08-18 18:12:27.691] [exthost] [warning] [Decorations] CAPPING events from decorations provider vscode.git 7504
[2022-08-18 18:12:32.841] [exthost] [warning] [Decorations] CAPPING events from decorations provider vscode.git 7504
[2022-08-18 18:12:38.113] [exthost] [warning] [Decorations] CAPPING events from decorations provider vscode.git 7504
[2022-08-18 18:12:43.338] [exthost] [warning] [Decorations] CAPPING events from decorations provider vscode.git 7504
[2022-08-18 18:12:48.487] [exthost] [warning] [Decorations] CAPPING events from decorations provider vscode.git 7504
[2022-08-18 18:12:53.646] [exthost] [warning] [Decorations] CAPPING events from decorations provider vscode.git 7504
[2022-08-18 18:12:59.788] [exthost] [warning] [Decorations] CAPPING events from decorations provider vscode.git 7504
[2022-08-18 18:13:08.425] [exthost] [warning] [Decorations] CAPPING events from decorations provider vscode.git 7505
[2022-08-18 18:13:13.625] [exthost] [warning] [Decorations] CAPPING events from decorations provider vscode.git 7505
[2022-08-18 18:13:18.847] [exthost] [warning] [Decorations] CAPPING events from decorations provider vscode.git 7506
[2022-08-18 18:13:24.001] [exthost] [warning] [Decorations] CAPPING events from decorations provider vscode.git 7505
[2022-08-18 18:13:29.170] [exthost] [warning] [Decorations] CAPPING events from decorations provider vscode.git 7505
[2022-08-18 18:13:34.370] [exthost] [warning] [Decorations] CAPPING events from decorations provider vscode.git 7505
[2022-08-18 18:13:39.598] [exthost] [warning] [Decorations] CAPPING events from decorations provider vscode.git 7505
[2022-08-18 18:13:44.755] [exthost] [warning] [Decorations] CAPPING events from decorations provider vscode.git 7505
[2022-08-18 18:13:49.913] [exthost] [warning] [Decorations] CAPPING events from decorations provider vscode.git 7506
[2022-08-18 18:13:55.088] [exthost] [warning] [Decorations] CAPPING events from decorations provider vscode.git 7506
[2022-08-18 18:14:00.249] [exthost] [warning] [Decorations] CAPPING events from decorations provider vscode.git 7506
[2022-08-18 18:14:05.395] [exthost] [warning] [Decorations] CAPPING events from decorations provider vscode.git 7506
[2022-08-18 18:14:10.541] [exthost] [warning] [Decorations] CAPPING events from decorations provider vscode.git 7506
[2022-08-18 18:14:15.684] [exthost] [warning] [Decorations] CAPPING events from decorations provider vscode.git 7506
[2022-08-18 18:14:20.835] [exthost] [warning] [Decorations] CAPPING events from decorations provider vscode.git 7506
[2022-08-18 18:14:25.989] [exthost] [warning] [Decorations] CAPPING events from decorations provider vscode.git 7506
[2022-08-18 18:14:31.140] [exthost] [warning] [Decorations] CAPPING events from decorations provider vscode.git 7507
[2022-08-18 18:14:36.294] [exthost] [warning] [Decorations] CAPPING events from decorations provider vscode.git 7507
[2022-08-18 18:14:41.447] [exthost] [warning] [Decorations] CAPPING events from decorations provider vscode.git 7507
[2022-08-18 18:14:46.597] [exthost] [warning] [Decorations] CAPPING events from decorations provider vscode.git 7507
[2022-08-18 18:14:51.751] [exthost] [warning] [Decorations] CAPPING events from decorations provider vscode.git 7506
[2022-08-18 18:14:56.900] [exthost] [warning] [Decorations] CAPPING events from decorations provider vscode.git 7506
[2022-08-18 18:15:02.062] [exthost] [warning] [Decorations] CAPPING events from decorations provider vscode.git 7506
[2022-08-18 18:15:07.210] [exthost] [warning] [Decorations] CAPPING events from decorations provider vscode.git 7506
[2022-08-18 18:15:12.354] [exthost] [warning] [Decorations] CAPPING events from decorations provider vscode.git 7506
[2022-08-18 18:15:17.514] [exthost] [warning] [Decorations] CAPPING events from decorations provider vscode.git 7506
[2022-08-18 18:15:22.664] [exthost] [warning] [Decorations] CAPPING events from decorations provider vscode.git 7506
[2022-08-18 18:15:27.819] [exthost] [warning] [Decorations] CAPPING events from decorations provider vscode.git 7506
[2022-08-18 18:15:32.971] [exthost] [warning] [Decorations] CAPPING events from decorations provider vscode.git 7506
[2022-08-18 18:15:38.125] [exthost] [warning] [Decorations] CAPPING events from decorations provider vscode.git 7506
[2022-08-18 18:15:43.269] [exthost] [warning] [Decorations] CAPPING events from decorations provider vscode.git 7506
[2022-08-18 18:15:48.424] [exthost] [warning] [Decorations] CAPPING events from decorations provider vscode.git 7506
[2022-08-18 18:15:53.678] [exthost] [warning] [Decorations] CAPPING events from decorations provider vscode.git 7506
[2022-08-18 18:15:58.447] [exthost] [info] Extension host terminating: received terminate message from renderer
[2022-08-18 18:15:58.506] [exthost] [info] Extension host with pid 4633 exiting with code 0
