[2022-08-19T00:46:53.145Z] Log level: Info
[2022-08-19T00:46:53.162Z] [info] Validating found git in: git
[2022-08-19T00:46:53.232Z] [info] Using git 2.34.1 from git
[2022-08-19T00:46:53.331Z] > git rev-parse --show-toplevel [27ms]
[2022-08-19T00:46:53.367Z] > git rev-parse --git-dir --git-common-dir [8ms]
[2022-08-19T00:46:53.382Z] [info] Open repository: /home/katherinesanchez
[2022-08-19T00:46:54.197Z] > git status -z -uall [761ms]
[2022-08-19T00:46:54.221Z] > git symbolic-ref --short HEAD [9ms]
[2022-08-19T00:46:54.242Z] > git for-each-ref --format=%(refname)%00%(upstream:short)%00%(objectname)%00%(upstream:track)%00%(upstream:remotename)%00%(upstream:remoteref) refs/heads/master refs/remotes/master [7ms]
[2022-08-19T00:46:54.280Z] > git for-each-ref --sort -committerdate --format %(refname) %(objectname) %(*objectname) [16ms]
[2022-08-19T00:46:54.299Z] > git remote --verbose [21ms]
[2022-08-19T00:47:02.421Z] > git check-ignore -v -z --stdin [6828ms]
[2022-08-19T00:47:02.422Z] > git config --get commit.template [131ms]
[2022-08-19T00:47:02.552Z] > git status -z -uall [122ms]
[2022-08-19T00:47:02.637Z] > git symbolic-ref --short HEAD [3ms]
[2022-08-19T00:47:02.661Z] > git for-each-ref --format=%(refname)%00%(upstream:short)%00%(objectname)%00%(upstream:track)%00%(upstream:remotename)%00%(upstream:remoteref) refs/heads/master refs/remotes/master [8ms]
[2022-08-19T00:47:02.711Z] > git remote --verbose [4ms]
[2022-08-19T00:47:02.711Z] > git for-each-ref --sort -committerdate --format %(refname) %(objectname) %(*objectname) [34ms]
[2022-08-19T00:47:07.797Z] > git show --textconv :Escritorio/pruebaVisual/tarea.js [4897ms]
[2022-08-19T00:47:07.798Z] > git ls-files --stage -- /home/katherinesanchez/Escritorio/pruebaVisual/tarea.js [4892ms]
[2022-08-19T00:47:07.801Z] > git config --get commit.template [4937ms]
[2022-08-19T00:47:09.442Z] > git status -z -uall [40ms]
[2022-08-19T00:47:09.451Z] > git symbolic-ref --short HEAD [2ms]
[2022-08-19T00:47:09.458Z] > git for-each-ref --format=%(refname)%00%(upstream:short)%00%(objectname)%00%(upstream:track)%00%(upstream:remotename)%00%(upstream:remoteref) refs/heads/master refs/remotes/master [1ms]
[2022-08-19T00:47:09.470Z] > git for-each-ref --sort -committerdate --format %(refname) %(objectname) %(*objectname) [6ms]
[2022-08-19T00:47:09.470Z] > git remote --verbose [1ms]
[2022-08-19T00:47:09.581Z] > git config --get commit.template [14ms]
[2022-08-19T00:47:15.075Z] > git status -z -uall [77ms]
[2022-08-19T00:47:15.094Z] > git symbolic-ref --short HEAD [5ms]
[2022-08-19T00:47:15.115Z] > git for-each-ref --format=%(refname)%00%(upstream:short)%00%(objectname)%00%(upstream:track)%00%(upstream:remotename)%00%(upstream:remoteref) refs/heads/master refs/remotes/master [8ms]
[2022-08-19T00:47:15.141Z] > git for-each-ref --sort -committerdate --format %(refname) %(objectname) %(*objectname) [16ms]
[2022-08-19T00:47:15.149Z] > git remote --verbose [10ms]
[2022-08-19T00:47:21.153Z] > git config --get commit.template [73ms]
[2022-08-19T00:47:26.197Z] > git status -z -uall [29ms]
[2022-08-19T00:47:26.203Z] > git symbolic-ref --short HEAD [1ms]
[2022-08-19T00:47:26.213Z] > git for-each-ref --format=%(refname)%00%(upstream:short)%00%(objectname)%00%(upstream:track)%00%(upstream:remotename)%00%(upstream:remoteref) refs/heads/master refs/remotes/master [0ms]
[2022-08-19T00:47:26.242Z] > git remote --verbose [2ms]
[2022-08-19T00:47:26.242Z] > git for-each-ref --sort -committerdate --format %(refname) %(objectname) %(*objectname) [20ms]
[2022-08-19T00:47:29.736Z] > git config --get commit.template [3359ms]
[2022-08-19T00:47:34.783Z] > git status -z -uall [31ms]
[2022-08-19T00:47:34.789Z] > git symbolic-ref --short HEAD [1ms]
[2022-08-19T00:47:34.795Z] > git for-each-ref --format=%(refname)%00%(upstream:short)%00%(objectname)%00%(upstream:track)%00%(upstream:remotename)%00%(upstream:remoteref) refs/heads/master refs/remotes/master [1ms]
[2022-08-19T00:47:34.808Z] > git for-each-ref --sort -committerdate --format %(refname) %(objectname) %(*objectname) [7ms]
[2022-08-19T00:47:34.808Z] > git remote --verbose [2ms]
[2022-08-19T00:47:34.922Z] > git config --get commit.template [3ms]
[2022-08-19T00:47:39.973Z] > git status -z -uall [33ms]
[2022-08-19T00:47:39.981Z] > git symbolic-ref --short HEAD [1ms]
[2022-08-19T00:47:39.988Z] > git for-each-ref --format=%(refname)%00%(upstream:short)%00%(objectname)%00%(upstream:track)%00%(upstream:remotename)%00%(upstream:remoteref) refs/heads/master refs/remotes/master [1ms]
[2022-08-19T00:47:39.998Z] > git for-each-ref --sort -committerdate --format %(refname) %(objectname) %(*objectname) [6ms]
[2022-08-19T00:47:39.999Z] > git remote --verbose [2ms]
[2022-08-19T00:47:40.066Z] > git config --get commit.template [3ms]
[2022-08-19T00:47:45.142Z] > git status -z -uall [59ms]
[2022-08-19T00:47:45.149Z] > git symbolic-ref --short HEAD [1ms]
[2022-08-19T00:47:45.156Z] > git for-each-ref --format=%(refname)%00%(upstream:short)%00%(objectname)%00%(upstream:track)%00%(upstream:remotename)%00%(upstream:remoteref) refs/heads/master refs/remotes/master [1ms]
[2022-08-19T00:47:45.169Z] > git for-each-ref --sort -committerdate --format %(refname) %(objectname) %(*objectname) [7ms]
[2022-08-19T00:47:45.169Z] > git remote --verbose [1ms]
[2022-08-19T00:47:45.262Z] > git config --get commit.template [4ms]
[2022-08-19T00:47:50.313Z] > git status -z -uall [38ms]
[2022-08-19T00:47:50.322Z] > git symbolic-ref --short HEAD [2ms]
[2022-08-19T00:47:50.328Z] > git for-each-ref --format=%(refname)%00%(upstream:short)%00%(objectname)%00%(upstream:track)%00%(upstream:remotename)%00%(upstream:remoteref) refs/heads/master refs/remotes/master [1ms]
[2022-08-19T00:47:50.339Z] > git for-each-ref --sort -committerdate --format %(refname) %(objectname) %(*objectname) [5ms]
[2022-08-19T00:47:50.341Z] > git remote --verbose [3ms]
[2022-08-19T00:47:50.417Z] > git config --get commit.template [4ms]
[2022-08-19T00:47:55.459Z] > git status -z -uall [31ms]
[2022-08-19T00:47:55.467Z] > git symbolic-ref --short HEAD [2ms]
[2022-08-19T00:47:55.473Z] > git for-each-ref --format=%(refname)%00%(upstream:short)%00%(objectname)%00%(upstream:track)%00%(upstream:remotename)%00%(upstream:remoteref) refs/heads/master refs/remotes/master [1ms]
[2022-08-19T00:47:55.486Z] > git for-each-ref --sort -committerdate --format %(refname) %(objectname) %(*objectname) [7ms]
[2022-08-19T00:47:55.490Z] > git remote --verbose [4ms]
[2022-08-19T00:47:59.303Z] > git config --get commit.template [3657ms]
[2022-08-19T00:48:04.455Z] > git status -z -uall [129ms]
[2022-08-19T00:48:04.473Z] > git symbolic-ref --short HEAD [3ms]
[2022-08-19T00:48:04.493Z] > git for-each-ref --format=%(refname)%00%(upstream:short)%00%(objectname)%00%(upstream:track)%00%(upstream:remotename)%00%(upstream:remoteref) refs/heads/master refs/remotes/master [3ms]
[2022-08-19T00:48:04.520Z] > git for-each-ref --sort -committerdate --format %(refname) %(objectname) %(*objectname) [8ms]
[2022-08-19T00:48:04.521Z] > git remote --verbose [2ms]
[2022-08-19T00:48:04.654Z] > git config --get commit.template [12ms]
[2022-08-19T00:48:09.729Z] > git status -z -uall [32ms]
[2022-08-19T00:48:09.737Z] > git symbolic-ref --short HEAD [2ms]
[2022-08-19T00:48:09.743Z] > git for-each-ref --format=%(refname)%00%(upstream:short)%00%(objectname)%00%(upstream:track)%00%(upstream:remotename)%00%(upstream:remoteref) refs/heads/master refs/remotes/master [1ms]
[2022-08-19T00:48:09.755Z] > git for-each-ref --sort -committerdate --format %(refname) %(objectname) %(*objectname) [7ms]
[2022-08-19T00:48:09.755Z] > git remote --verbose [1ms]
[2022-08-19T00:48:09.835Z] > git config --get commit.template [7ms]
[2022-08-19T00:48:14.883Z] > git status -z -uall [34ms]
[2022-08-19T00:48:14.889Z] > git symbolic-ref --short HEAD [1ms]
[2022-08-19T00:48:14.895Z] > git for-each-ref --format=%(refname)%00%(upstream:short)%00%(objectname)%00%(upstream:track)%00%(upstream:remotename)%00%(upstream:remoteref) refs/heads/master refs/remotes/master [1ms]
[2022-08-19T00:48:14.909Z] > git for-each-ref --sort -committerdate --format %(refname) %(objectname) %(*objectname) [6ms]
[2022-08-19T00:48:14.910Z] > git remote --verbose [2ms]
[2022-08-19T00:48:14.978Z] > git config --get commit.template [2ms]
[2022-08-19T00:48:20.025Z] > git status -z -uall [31ms]
[2022-08-19T00:48:20.031Z] > git symbolic-ref --short HEAD [1ms]
[2022-08-19T00:48:20.037Z] > git for-each-ref --format=%(refname)%00%(upstream:short)%00%(objectname)%00%(upstream:track)%00%(upstream:remotename)%00%(upstream:remoteref) refs/heads/master refs/remotes/master [1ms]
[2022-08-19T00:48:20.048Z] > git for-each-ref --sort -committerdate --format %(refname) %(objectname) %(*objectname) [6ms]
[2022-08-19T00:48:20.049Z] > git remote --verbose [2ms]
[2022-08-19T00:48:20.114Z] > git config --get commit.template [2ms]
[2022-08-19T00:48:25.161Z] > git status -z -uall [39ms]
[2022-08-19T00:48:25.171Z] > git symbolic-ref --short HEAD [3ms]
[2022-08-19T00:48:25.179Z] > git for-each-ref --format=%(refname)%00%(upstream:short)%00%(objectname)%00%(upstream:track)%00%(upstream:remotename)%00%(upstream:remoteref) refs/heads/master refs/remotes/master [1ms]
[2022-08-19T00:48:25.192Z] > git for-each-ref --sort -committerdate --format %(refname) %(objectname) %(*objectname) [6ms]
[2022-08-19T00:48:25.193Z] > git remote --verbose [2ms]
[2022-08-19T00:48:25.273Z] > git config --get commit.template [3ms]
[2022-08-19T00:48:30.310Z] > git status -z -uall [29ms]
[2022-08-19T00:48:30.316Z] > git symbolic-ref --short HEAD [1ms]
[2022-08-19T00:48:30.323Z] > git for-each-ref --format=%(refname)%00%(upstream:short)%00%(objectname)%00%(upstream:track)%00%(upstream:remotename)%00%(upstream:remoteref) refs/heads/master refs/remotes/master [2ms]
[2022-08-19T00:48:30.334Z] > git for-each-ref --sort -committerdate --format %(refname) %(objectname) %(*objectname) [6ms]
[2022-08-19T00:48:30.334Z] > git remote --verbose [1ms]
[2022-08-19T00:48:30.413Z] > git config --get commit.template [3ms]
[2022-08-19T00:48:35.456Z] > git status -z -uall [28ms]
[2022-08-19T00:48:35.462Z] > git symbolic-ref --short HEAD [1ms]
[2022-08-19T00:48:35.468Z] > git for-each-ref --format=%(refname)%00%(upstream:short)%00%(objectname)%00%(upstream:track)%00%(upstream:remotename)%00%(upstream:remoteref) refs/heads/master refs/remotes/master [1ms]
[2022-08-19T00:48:35.479Z] > git for-each-ref --sort -committerdate --format %(refname) %(objectname) %(*objectname) [6ms]
[2022-08-19T00:48:35.480Z] > git remote --verbose [2ms]
[2022-08-19T00:48:35.550Z] > git config --get commit.template [4ms]
[2022-08-19T00:48:40.586Z] > git status -z -uall [26ms]
[2022-08-19T00:48:40.594Z] > git symbolic-ref --short HEAD [2ms]
[2022-08-19T00:48:40.601Z] > git for-each-ref --format=%(refname)%00%(upstream:short)%00%(objectname)%00%(upstream:track)%00%(upstream:remotename)%00%(upstream:remoteref) refs/heads/master refs/remotes/master [1ms]
[2022-08-19T00:48:40.614Z] > git for-each-ref --sort -committerdate --format %(refname) %(objectname) %(*objectname) [7ms]
[2022-08-19T00:48:40.614Z] > git remote --verbose [1ms]
[2022-08-19T00:48:40.695Z] > git config --get commit.template [5ms]
[2022-08-19T00:48:45.791Z] > git status -z -uall [73ms]
[2022-08-19T00:48:45.807Z] > git symbolic-ref --short HEAD [4ms]
[2022-08-19T00:48:45.822Z] > git for-each-ref --format=%(refname)%00%(upstream:short)%00%(objectname)%00%(upstream:track)%00%(upstream:remotename)%00%(upstream:remoteref) refs/heads/master refs/remotes/master [3ms]
[2022-08-19T00:48:45.850Z] > git for-each-ref --sort -committerdate --format %(refname) %(objectname) %(*objectname) [14ms]
[2022-08-19T00:48:45.852Z] > git remote --verbose [3ms]
[2022-08-19T00:48:48.503Z] > git config --get commit.template [2517ms]
[2022-08-19T00:48:53.548Z] > git status -z -uall [36ms]
[2022-08-19T00:48:53.556Z] > git symbolic-ref --short HEAD [2ms]
[2022-08-19T00:48:53.564Z] > git for-each-ref --format=%(refname)%00%(upstream:short)%00%(objectname)%00%(upstream:track)%00%(upstream:remotename)%00%(upstream:remoteref) refs/heads/master refs/remotes/master [1ms]
[2022-08-19T00:48:53.577Z] > git for-each-ref --sort -committerdate --format %(refname) %(objectname) %(*objectname) [6ms]
[2022-08-19T00:48:53.579Z] > git remote --verbose [2ms]
[2022-08-19T00:48:53.653Z] > git config --get commit.template [7ms]
[2022-08-19T00:48:58.705Z] > git status -z -uall [41ms]
[2022-08-19T00:48:58.716Z] > git symbolic-ref --short HEAD [2ms]
[2022-08-19T00:48:58.724Z] > git for-each-ref --format=%(refname)%00%(upstream:short)%00%(objectname)%00%(upstream:track)%00%(upstream:remotename)%00%(upstream:remoteref) refs/heads/master refs/remotes/master [1ms]
[2022-08-19T00:48:58.737Z] > git for-each-ref --sort -committerdate --format %(refname) %(objectname) %(*objectname) [7ms]
[2022-08-19T00:48:58.738Z] > git remote --verbose [2ms]
[2022-08-19T00:48:58.824Z] > git config --get commit.template [5ms]
[2022-08-19T00:49:03.883Z] > git status -z -uall [48ms]
[2022-08-19T00:49:03.892Z] > git symbolic-ref --short HEAD [1ms]
[2022-08-19T00:49:03.902Z] > git for-each-ref --format=%(refname)%00%(upstream:short)%00%(objectname)%00%(upstream:track)%00%(upstream:remotename)%00%(upstream:remoteref) refs/heads/master refs/remotes/master [1ms]
[2022-08-19T00:49:03.914Z] > git for-each-ref --sort -committerdate --format %(refname) %(objectname) %(*objectname) [6ms]
[2022-08-19T00:49:03.915Z] > git remote --verbose [2ms]
[2022-08-19T00:49:03.986Z] > git config --get commit.template [3ms]
[2022-08-19T00:49:09.030Z] > git status -z -uall [33ms]
[2022-08-19T00:49:09.041Z] > git symbolic-ref --short HEAD [2ms]
[2022-08-19T00:49:09.051Z] > git for-each-ref --format=%(refname)%00%(upstream:short)%00%(objectname)%00%(upstream:track)%00%(upstream:remotename)%00%(upstream:remoteref) refs/heads/master refs/remotes/master [2ms]
[2022-08-19T00:49:09.064Z] > git for-each-ref --sort -committerdate --format %(refname) %(objectname) %(*objectname) [7ms]
[2022-08-19T00:49:09.065Z] > git remote --verbose [2ms]
[2022-08-19T00:49:09.160Z] > git config --get commit.template [3ms]
[2022-08-19T00:49:14.202Z] > git status -z -uall [28ms]
[2022-08-19T00:49:14.212Z] > git symbolic-ref --short HEAD [1ms]
[2022-08-19T00:49:14.219Z] > git for-each-ref --format=%(refname)%00%(upstream:short)%00%(objectname)%00%(upstream:track)%00%(upstream:remotename)%00%(upstream:remoteref) refs/heads/master refs/remotes/master [1ms]
[2022-08-19T00:49:14.230Z] > git for-each-ref --sort -committerdate --format %(refname) %(objectname) %(*objectname) [6ms]
[2022-08-19T00:49:14.230Z] > git remote --verbose [1ms]
[2022-08-19T00:49:14.309Z] > git config --get commit.template [4ms]
[2022-08-19T00:49:19.351Z] > git status -z -uall [26ms]
[2022-08-19T00:49:19.358Z] > git symbolic-ref --short HEAD [1ms]
[2022-08-19T00:49:19.366Z] > git for-each-ref --format=%(refname)%00%(upstream:short)%00%(objectname)%00%(upstream:track)%00%(upstream:remotename)%00%(upstream:remoteref) refs/heads/master refs/remotes/master [2ms]
[2022-08-19T00:49:19.382Z] > git for-each-ref --sort -committerdate --format %(refname) %(objectname) %(*objectname) [11ms]
[2022-08-19T00:49:19.382Z] > git remote --verbose [2ms]
[2022-08-19T00:49:19.484Z] > git config --get commit.template [5ms]
[2022-08-19T00:49:24.528Z] > git status -z -uall [29ms]
[2022-08-19T00:49:24.535Z] > git symbolic-ref --short HEAD [1ms]
[2022-08-19T00:49:24.542Z] > git for-each-ref --format=%(refname)%00%(upstream:short)%00%(objectname)%00%(upstream:track)%00%(upstream:remotename)%00%(upstream:remoteref) refs/heads/master refs/remotes/master [1ms]
[2022-08-19T00:49:24.553Z] > git for-each-ref --sort -committerdate --format %(refname) %(objectname) %(*objectname) [6ms]
[2022-08-19T00:49:24.554Z] > git remote --verbose [2ms]
[2022-08-19T00:49:24.622Z] > git config --get commit.template [3ms]
[2022-08-19T00:49:29.665Z] > git status -z -uall [29ms]
[2022-08-19T00:49:29.677Z] > git symbolic-ref --short HEAD [1ms]
[2022-08-19T00:49:29.684Z] > git for-each-ref --format=%(refname)%00%(upstream:short)%00%(objectname)%00%(upstream:track)%00%(upstream:remotename)%00%(upstream:remoteref) refs/heads/master refs/remotes/master [1ms]
[2022-08-19T00:49:29.695Z] > git for-each-ref --sort -committerdate --format %(refname) %(objectname) %(*objectname) [6ms]
[2022-08-19T00:49:29.695Z] > git remote --verbose [1ms]
[2022-08-19T00:49:29.771Z] > git config --get commit.template [3ms]
[2022-08-19T00:49:34.874Z] > git status -z -uall [80ms]
[2022-08-19T00:49:34.891Z] > git symbolic-ref --short HEAD [3ms]
[2022-08-19T00:49:34.902Z] > git for-each-ref --format=%(refname)%00%(upstream:short)%00%(objectname)%00%(upstream:track)%00%(upstream:remotename)%00%(upstream:remoteref) refs/heads/master refs/remotes/master [3ms]
[2022-08-19T00:49:34.918Z] > git for-each-ref --sort -committerdate --format %(refname) %(objectname) %(*objectname) [8ms]
[2022-08-19T00:49:34.919Z] > git remote --verbose [2ms]
[2022-08-19T00:49:34.995Z] > git config --get commit.template [3ms]
[2022-08-19T00:49:40.087Z] > git status -z -uall [36ms]
[2022-08-19T00:49:40.098Z] > git symbolic-ref --short HEAD [1ms]
[2022-08-19T00:49:40.105Z] > git for-each-ref --format=%(refname)%00%(upstream:short)%00%(objectname)%00%(upstream:track)%00%(upstream:remotename)%00%(upstream:remoteref) refs/heads/master refs/remotes/master [0ms]
[2022-08-19T00:49:40.115Z] > git for-each-ref --sort -committerdate --format %(refname) %(objectname) %(*objectname) [6ms]
[2022-08-19T00:49:40.115Z] > git remote --verbose [1ms]
[2022-08-19T00:49:40.187Z] > git config --get commit.template [4ms]
[2022-08-19T00:49:45.234Z] > git status -z -uall [36ms]
[2022-08-19T00:49:45.244Z] > git symbolic-ref --short HEAD [2ms]
[2022-08-19T00:49:45.251Z] > git for-each-ref --format=%(refname)%00%(upstream:short)%00%(objectname)%00%(upstream:track)%00%(upstream:remotename)%00%(upstream:remoteref) refs/heads/master refs/remotes/master [1ms]
[2022-08-19T00:49:45.264Z] > git for-each-ref --sort -committerdate --format %(refname) %(objectname) %(*objectname) [7ms]
[2022-08-19T00:49:45.264Z] > git remote --verbose [1ms]
[2022-08-19T00:49:45.337Z] > git config --get commit.template [4ms]
[2022-08-19T00:49:50.377Z] > git status -z -uall [27ms]
[2022-08-19T00:49:50.384Z] > git symbolic-ref --short HEAD [1ms]
[2022-08-19T00:49:50.391Z] > git for-each-ref --format=%(refname)%00%(upstream:short)%00%(objectname)%00%(upstream:track)%00%(upstream:remotename)%00%(upstream:remoteref) refs/heads/master refs/remotes/master [1ms]
[2022-08-19T00:49:50.402Z] > git for-each-ref --sort -committerdate --format %(refname) %(objectname) %(*objectname) [6ms]
[2022-08-19T00:49:50.403Z] > git remote --verbose [2ms]
[2022-08-19T00:49:50.467Z] > git config --get commit.template [2ms]
[2022-08-19T00:49:55.509Z] > git status -z -uall [29ms]
[2022-08-19T00:49:55.515Z] > git symbolic-ref --short HEAD [1ms]
[2022-08-19T00:49:55.521Z] > git for-each-ref --format=%(refname)%00%(upstream:short)%00%(objectname)%00%(upstream:track)%00%(upstream:remotename)%00%(upstream:remoteref) refs/heads/master refs/remotes/master [1ms]
[2022-08-19T00:49:55.534Z] > git for-each-ref --sort -committerdate --format %(refname) %(objectname) %(*objectname) [7ms]
[2022-08-19T00:49:55.534Z] > git remote --verbose [1ms]
[2022-08-19T00:49:55.599Z] > git config --get commit.template [3ms]
[2022-08-19T00:50:00.652Z] > git status -z -uall [35ms]
[2022-08-19T00:50:00.664Z] > git symbolic-ref --short HEAD [1ms]
[2022-08-19T00:50:00.670Z] > git for-each-ref --format=%(refname)%00%(upstream:short)%00%(objectname)%00%(upstream:track)%00%(upstream:remotename)%00%(upstream:remoteref) refs/heads/master refs/remotes/master [1ms]
[2022-08-19T00:50:00.681Z] > git for-each-ref --sort -committerdate --format %(refname) %(objectname) %(*objectname) [6ms]
[2022-08-19T00:50:00.682Z] > git remote --verbose [2ms]
[2022-08-19T00:50:00.776Z] > git config --get commit.template [4ms]
[2022-08-19T00:50:05.822Z] > git status -z -uall [33ms]
[2022-08-19T00:50:05.833Z] > git symbolic-ref --short HEAD [1ms]
[2022-08-19T00:50:05.842Z] > git for-each-ref --format=%(refname)%00%(upstream:short)%00%(objectname)%00%(upstream:track)%00%(upstream:remotename)%00%(upstream:remoteref) refs/heads/master refs/remotes/master [2ms]
[2022-08-19T00:50:05.854Z] > git for-each-ref --sort -committerdate --format %(refname) %(objectname) %(*objectname) [7ms]
[2022-08-19T00:50:05.855Z] > git remote --verbose [2ms]
[2022-08-19T00:50:05.924Z] > git config --get commit.template [2ms]
[2022-08-19T00:50:10.967Z] > git status -z -uall [28ms]
[2022-08-19T00:50:10.978Z] > git symbolic-ref --short HEAD [1ms]
[2022-08-19T00:50:10.985Z] > git for-each-ref --format=%(refname)%00%(upstream:short)%00%(objectname)%00%(upstream:track)%00%(upstream:remotename)%00%(upstream:remoteref) refs/heads/master refs/remotes/master [1ms]
[2022-08-19T00:50:10.997Z] > git for-each-ref --sort -committerdate --format %(refname) %(objectname) %(*objectname) [7ms]
[2022-08-19T00:50:10.997Z] > git remote --verbose [2ms]
[2022-08-19T00:50:11.069Z] > git config --get commit.template [3ms]
[2022-08-19T00:50:16.116Z] > git status -z -uall [36ms]
[2022-08-19T00:50:16.126Z] > git symbolic-ref --short HEAD [2ms]
[2022-08-19T00:50:16.135Z] > git for-each-ref --format=%(refname)%00%(upstream:short)%00%(objectname)%00%(upstream:track)%00%(upstream:remotename)%00%(upstream:remoteref) refs/heads/master refs/remotes/master [2ms]
[2022-08-19T00:50:16.150Z] > git for-each-ref --sort -committerdate --format %(refname) %(objectname) %(*objectname) [8ms]
[2022-08-19T00:50:16.150Z] > git remote --verbose [1ms]
[2022-08-19T00:50:16.240Z] > git config --get commit.template [3ms]
[2022-08-19T00:50:21.282Z] > git status -z -uall [27ms]
[2022-08-19T00:50:21.294Z] > git symbolic-ref --short HEAD [1ms]
[2022-08-19T00:50:21.300Z] > git for-each-ref --format=%(refname)%00%(upstream:short)%00%(objectname)%00%(upstream:track)%00%(upstream:remotename)%00%(upstream:remoteref) refs/heads/master refs/remotes/master [1ms]
[2022-08-19T00:50:21.314Z] > git for-each-ref --sort -committerdate --format %(refname) %(objectname) %(*objectname) [7ms]
[2022-08-19T00:50:21.314Z] > git remote --verbose [1ms]
[2022-08-19T00:50:21.381Z] > git config --get commit.template [3ms]
[2022-08-19T00:50:26.427Z] > git status -z -uall [30ms]
[2022-08-19T00:50:26.441Z] > git symbolic-ref --short HEAD [4ms]
[2022-08-19T00:50:26.449Z] > git for-each-ref --format=%(refname)%00%(upstream:short)%00%(objectname)%00%(upstream:track)%00%(upstream:remotename)%00%(upstream:remoteref) refs/heads/master refs/remotes/master [1ms]
[2022-08-19T00:50:26.461Z] > git for-each-ref --sort -committerdate --format %(refname) %(objectname) %(*objectname) [6ms]
[2022-08-19T00:50:26.461Z] > git remote --verbose [1ms]
[2022-08-19T00:50:26.529Z] > git config --get commit.template [4ms]
[2022-08-19T00:50:31.571Z] > git status -z -uall [27ms]
[2022-08-19T00:50:31.581Z] > git symbolic-ref --short HEAD [1ms]
[2022-08-19T00:50:31.587Z] > git for-each-ref --format=%(refname)%00%(upstream:short)%00%(objectname)%00%(upstream:track)%00%(upstream:remotename)%00%(upstream:remoteref) refs/heads/master refs/remotes/master [1ms]
[2022-08-19T00:50:31.599Z] > git for-each-ref --sort -committerdate --format %(refname) %(objectname) %(*objectname) [6ms]
[2022-08-19T00:50:31.599Z] > git remote --verbose [1ms]
[2022-08-19T00:50:31.668Z] > git config --get commit.template [3ms]
[2022-08-19T00:50:36.709Z] > git status -z -uall [28ms]
[2022-08-19T00:50:36.716Z] > git symbolic-ref --short HEAD [1ms]
[2022-08-19T00:50:36.723Z] > git for-each-ref --format=%(refname)%00%(upstream:short)%00%(objectname)%00%(upstream:track)%00%(upstream:remotename)%00%(upstream:remoteref) refs/heads/master refs/remotes/master [1ms]
[2022-08-19T00:50:36.734Z] > git for-each-ref --sort -committerdate --format %(refname) %(objectname) %(*objectname) [6ms]
[2022-08-19T00:50:36.734Z] > git remote --verbose [1ms]
[2022-08-19T00:50:36.805Z] > git config --get commit.template [3ms]
[2022-08-19T00:50:41.870Z] > git status -z -uall [50ms]
[2022-08-19T00:50:41.888Z] > git symbolic-ref --short HEAD [3ms]
[2022-08-19T00:50:41.899Z] > git for-each-ref --format=%(refname)%00%(upstream:short)%00%(objectname)%00%(upstream:track)%00%(upstream:remotename)%00%(upstream:remoteref) refs/heads/master refs/remotes/master [2ms]
[2022-08-19T00:50:41.919Z] > git for-each-ref --sort -committerdate --format %(refname) %(objectname) %(*objectname) [10ms]
[2022-08-19T00:50:41.922Z] > git remote --verbose [4ms]
[2022-08-19T00:50:42.026Z] > git config --get commit.template [3ms]
[2022-08-19T00:50:47.067Z] > git status -z -uall [27ms]
[2022-08-19T00:50:47.081Z] > git symbolic-ref --short HEAD [4ms]
[2022-08-19T00:50:47.090Z] > git for-each-ref --format=%(refname)%00%(upstream:short)%00%(objectname)%00%(upstream:track)%00%(upstream:remotename)%00%(upstream:remoteref) refs/heads/master refs/remotes/master [2ms]
[2022-08-19T00:50:47.101Z] > git for-each-ref --sort -committerdate --format %(refname) %(objectname) %(*objectname) [6ms]
[2022-08-19T00:50:47.101Z] > git remote --verbose [1ms]
[2022-08-19T00:50:47.167Z] > git config --get commit.template [3ms]
[2022-08-19T00:51:58.973Z] > git status -z -uall [57ms]
[2022-08-19T00:51:58.979Z] > git symbolic-ref --short HEAD [0ms]
[2022-08-19T00:51:58.991Z] > git for-each-ref --format=%(refname)%00%(upstream:short)%00%(objectname)%00%(upstream:track)%00%(upstream:remotename)%00%(upstream:remoteref) refs/heads/master refs/remotes/master [2ms]
[2022-08-19T00:51:59.002Z] > git for-each-ref --sort -committerdate --format %(refname) %(objectname) %(*objectname) [7ms]
[2022-08-19T00:51:59.003Z] > git remote --verbose [3ms]
[2022-08-19T00:52:03.314Z] > git config --get commit.template [4204ms]
[2022-08-19T00:52:08.375Z] > git status -z -uall [33ms]
[2022-08-19T00:52:08.385Z] > git symbolic-ref --short HEAD [1ms]
[2022-08-19T00:52:08.393Z] > git for-each-ref --format=%(refname)%00%(upstream:short)%00%(objectname)%00%(upstream:track)%00%(upstream:remotename)%00%(upstream:remoteref) refs/heads/master refs/remotes/master [2ms]
[2022-08-19T00:52:08.408Z] > git for-each-ref --sort -committerdate --format %(refname) %(objectname) %(*objectname) [7ms]
[2022-08-19T00:52:08.408Z] > git remote --verbose [1ms]
[2022-08-19T00:52:08.510Z] > git config --get commit.template [8ms]
[2022-08-19T00:52:13.645Z] > git status -z -uall [59ms]
[2022-08-19T00:52:13.668Z] > git symbolic-ref --short HEAD [12ms]
[2022-08-19T00:52:13.698Z] > git for-each-ref --format=%(refname)%00%(upstream:short)%00%(objectname)%00%(upstream:track)%00%(upstream:remotename)%00%(upstream:remoteref) refs/heads/master refs/remotes/master [8ms]
[2022-08-19T00:52:13.723Z] > git for-each-ref --sort -committerdate --format %(refname) %(objectname) %(*objectname) [16ms]
[2022-08-19T00:52:13.724Z] > git remote --verbose [2ms]
[2022-08-19T00:52:17.235Z] > git config --get commit.template [3356ms]
[2022-08-19T00:52:22.320Z] > git status -z -uall [56ms]
[2022-08-19T00:52:22.335Z] > git symbolic-ref --short HEAD [2ms]
[2022-08-19T00:52:22.346Z] > git for-each-ref --format=%(refname)%00%(upstream:short)%00%(objectname)%00%(upstream:track)%00%(upstream:remotename)%00%(upstream:remoteref) refs/heads/master refs/remotes/master [2ms]
[2022-08-19T00:52:22.361Z] > git for-each-ref --sort -committerdate --format %(refname) %(objectname) %(*objectname) [9ms]
[2022-08-19T00:52:22.361Z] > git remote --verbose [1ms]
[2022-08-19T00:52:22.439Z] > git config --get commit.template [3ms]
[2022-08-19T02:23:31.249Z] > git status -z -uall [57ms]
[2022-08-19T02:23:31.254Z] > git symbolic-ref --short HEAD [1ms]
[2022-08-19T02:23:31.260Z] > git for-each-ref --format=%(refname)%00%(upstream:short)%00%(objectname)%00%(upstream:track)%00%(upstream:remotename)%00%(upstream:remoteref) refs/heads/master refs/remotes/master [1ms]
[2022-08-19T02:23:31.270Z] > git for-each-ref --sort -committerdate --format %(refname) %(objectname) %(*objectname) [6ms]
[2022-08-19T02:23:31.270Z] > git remote --verbose [1ms]
