[2022-08-17 20:55:00.862] [exthost] [info] Extension host with pid 3541 started
[2022-08-17 20:55:01.416] [exthost] [info] ExtensionService#_doActivateExtension vscode.microsoft-authentication, startup: false, activationEvent: 'onAuthenticationRequest:microsoft'
[2022-08-17 20:55:01.683] [exthost] [info] ExtensionService#_doActivateExtension vscode.debug-auto-launch, startup: true, activationEvent: '*'
[2022-08-17 20:55:01.728] [exthost] [info] ExtensionService#_doActivateExtension vscode.git-base, startup: true, activationEvent: '*', root cause: vscode.git
[2022-08-17 20:55:01.747] [exthost] [info] ExtensionService#_doActivateExtension vscode.ipynb, startup: true, activationEvent: '*'
[2022-08-17 20:55:02.259] [exthost] [info] ExtensionService#_doActivateExtension vscode.git, startup: true, activationEvent: '*'
[2022-08-17 20:55:02.377] [exthost] [info] ExtensionService#_doActivateExtension vscode.github, startup: true, activationEvent: '*'
[2022-08-17 20:55:02.515] [exthost] [info] Eager extensions activated
[2022-08-17 20:55:02.617] [exthost] [info] ExtensionService#_doActivateExtension vscode.emmet, startup: false, activationEvent: 'onStartupFinished'
[2022-08-17 20:55:02.640] [exthost] [info] ExtensionService#_doActivateExtension vscode.merge-conflict, startup: false, activationEvent: 'onStartupFinished'
[2022-08-17 20:55:02.746] [exthost] [info] ExtensionService#_doActivateExtension vscode.github-authentication, startup: false, activationEvent: 'onAuthenticationRequest:github'
[2022-08-17 20:55:28.147] [exthost] [info] Extension host terminating: received terminate message from renderer
[2022-08-17 20:55:28.166] [exthost] [info] Extension host with pid 3541 exiting with code 0
[2022-08-17 20:55:31.877] [exthost] [info] Extension host with pid 3603 started
[2022-08-17 20:55:31.877] [exthost] [info] Skipping acquiring lock for /home/katherinesanchez/.config/Code/User/workspaceStorage/8ee62fecb78d389cea180eb8511aa44c.
[2022-08-17 20:55:32.363] [exthost] [info] ExtensionService#_doActivateExtension vscode.microsoft-authentication, startup: false, activationEvent: 'onAuthenticationRequest:microsoft'
[2022-08-17 20:55:32.438] [exthost] [info] ExtensionService#_doActivateExtension vscode.debug-auto-launch, startup: true, activationEvent: '*'
[2022-08-17 20:55:32.443] [exthost] [info] ExtensionService#_doActivateExtension vscode.git-base, startup: true, activationEvent: '*'
[2022-08-17 20:55:32.450] [exthost] [info] ExtensionService#_doActivateExtension vscode.ipynb, startup: true, activationEvent: '*'
[2022-08-17 20:55:32.568] [exthost] [info] ExtensionService#_doActivateExtension vscode.github, startup: true, activationEvent: '*'
[2022-08-17 20:55:32.587] [exthost] [info] Eager extensions activated
[2022-08-17 20:55:32.710] [exthost] [info] ExtensionService#_doActivateExtension vscode.emmet, startup: false, activationEvent: 'onStartupFinished'
[2022-08-17 20:55:32.726] [exthost] [info] ExtensionService#_doActivateExtension vscode.merge-conflict, startup: false, activationEvent: 'onStartupFinished'
[2022-08-17 20:55:32.835] [exthost] [info] ExtensionService#_doActivateExtension vscode.github-authentication, startup: false, activationEvent: 'onAuthenticationRequest:github'
[2022-08-17 20:55:44.315] [exthost] [info] ExtensionService#_doActivateExtension vscode.html-language-features, startup: false, activationEvent: 'onLanguage:html'
[2022-08-17 20:57:27.396] [exthost] [info] Extension host terminating: received terminate message from renderer
[2022-08-17 20:57:27.436] [exthost] [info] Extension host with pid 3603 exiting with code 0
